[ 2015-10-30T10:40:30+08:00 ] 127.0.0.1 /lxt/index.php/Home/Index/index.html
INFO: [ app_init ] --START--
INFO: Run Behavior\BuildLiteBehavior [ RunTime:0.000018s ]
INFO: [ app_init ] --END-- [ RunTime:0.007315s ]
INFO: [ app_begin ] --START--
INFO: Run Behavior\ReadHtmlCacheBehavior [ RunTime:0.010593s ]
INFO: [ app_begin ] --END-- [ RunTime:0.010669s ]

[ 2015-10-30T10:40:30+08:00 ] 127.0.0.1 /lxt/index.php/Home/Login/index.html
INFO: [ app_init ] --START--
INFO: Run Behavior\BuildLiteBehavior [ RunTime:0.000016s ]
INFO: [ app_init ] --END-- [ RunTime:0.000641s ]
INFO: [ app_begin ] --START--
INFO: Run Behavior\ReadHtmlCacheBehavior [ RunTime:0.001682s ]
INFO: [ app_begin ] --END-- [ RunTime:0.001771s ]
INFO: [ view_parse ] --START--
INFO: [ template_filter ] --START--
INFO: Run Behavior\ContentReplaceBehavior [ RunTime:0.000048s ]
INFO: [ template_filter ] --END-- [ RunTime:0.000114s ]
INFO: Run Behavior\ParseTemplateBehavior [ RunTime:0.068499s ]
INFO: [ view_parse ] --END-- [ RunTime:0.068573s ]
INFO: [ view_filter ] --START--
INFO: Run Behavior\WriteHtmlCacheBehavior [ RunTime:0.007959s ]
INFO: [ view_filter ] --END-- [ RunTime:0.008030s ]
INFO: [ app_end ] --START--
INFO: Run Behavior\ShowPageTraceBehavior [ RunTime:0.007103s ]
INFO: [ app_end ] --END-- [ RunTime:0.007163s ]

[ 2015-10-30T10:40:32+08:00 ] 127.0.0.1 /lxt/index.php/Home/Login/handle.html
INFO: [ app_init ] --START--
INFO: Run Behavior\BuildLiteBehavior [ RunTime:0.000014s ]
INFO: [ app_init ] --END-- [ RunTime:0.000514s ]
INFO: [ app_begin ] --START--
INFO: Run Behavior\ReadHtmlCacheBehavior [ RunTime:0.001212s ]
INFO: [ app_begin ] --END-- [ RunTime:0.001275s ]
SQL: SHOW COLUMNS FROM `sb_member` [ RunTime:0.0391s ]
SQL: SELECT * FROM `sb_member` WHERE `mid` = 0 LIMIT 1   [ RunTime:0.0427s ]
SQL: SELECT * FROM `sb_member` WHERE `name` = '鲍蕾' LIMIT 1   [ RunTime:0.0385s ]

[ 2015-10-30T10:40:33+08:00 ] 127.0.0.1 /lxt/index.php/Home/Index/index.html
INFO: [ app_init ] --START--
INFO: Run Behavior\BuildLiteBehavior [ RunTime:0.000015s ]
INFO: [ app_init ] --END-- [ RunTime:0.000538s ]
INFO: [ app_begin ] --START--
INFO: Run Behavior\ReadHtmlCacheBehavior [ RunTime:0.001192s ]
INFO: [ app_begin ] --END-- [ RunTime:0.001245s ]
SQL: SHOW COLUMNS FROM `sb_member` [ RunTime:0.0437s ]
SQL: SELECT * FROM `sb_member` WHERE `mid` = 1445483267 LIMIT 1   [ RunTime:0.0377s ]
SQL: SHOW COLUMNS FROM `sb_memberstatus` [ RunTime:0.0402s ]
SQL: SELECT * FROM `sb_memberstatus` WHERE `id` = 1 LIMIT 1   [ RunTime:0.0356s ]
SQL: SHOW COLUMNS FROM `sb_repayrule` [ RunTime:0.0447s ]
SQL: SELECT * FROM `sb_member` WHERE `mid` = 0 LIMIT 1   [ RunTime:0.0398s ]
SQL: SELECT * FROM `sb_memberstatus` WHERE `id` = null LIMIT 1   [ RunTime:0.0587s ]
SQL: SELECT * FROM `sb_repayrule` WHERE `id` = null LIMIT 1   [ RunTime:0.0338s ]
SQL: SHOW COLUMNS FROM `sb_order` [ RunTime:0.0312s ]
SQL: SELECT `mid`,`createtime`,`money` FROM `sb_order` WHERE `mid` = 1445483267  [ RunTime:0.1482s ]
NOTIC: [8] Undefined variable: get_money C:\xampp\htdocs\lxt\lxt\Home\Model\OrderModel.class.php 第 27 行.
SQL: SELECT `mid`,`createtime`,`money` FROM `sb_order` WHERE `mid` = 1445483267  [ RunTime:0.0416s ]
SQL: SHOW COLUMNS FROM `sb_cash` [ RunTime:0.0338s ]
SQL: SELECT `score` FROM `sb_cash` WHERE `mid` = 1445483267 AND `status` = 1  [ RunTime:0.0512s ]
SQL: SHOW COLUMNS FROM `sb_exchange` [ RunTime:0.0344s ]
SQL: SELECT `amount` FROM `sb_exchange` WHERE `mid` = 1445483267 AND `status` = 1  [ RunTime:0.0371s ]
SQL: SELECT * FROM `sb_member` ORDER BY score desc LIMIT 4   [ RunTime:0.0380s ]
SQL: SHOW COLUMNS FROM `sb_order` [ RunTime:0.0393s ]
SQL: SELECT * FROM `sb_order` WHERE `mid` = 1445483267  [ RunTime:0.0395s ]
INFO: [ view_parse ] --START--
INFO: [ template_filter ] --START--
INFO: Run Behavior\ContentReplaceBehavior [ RunTime:0.000143s ]
INFO: [ template_filter ] --END-- [ RunTime:0.000199s ]
NOTIC: [8] Undefined variable: get_money C:\xampp\htdocs\lxt\lxt\Runtime\Cache\Home\e49ebe815279eec910a4668e79404eed.php 第 299 行.
NOTIC: [8] Undefined variable: get_money C:\xampp\htdocs\lxt\lxt\Runtime\Cache\Home\e49ebe815279eec910a4668e79404eed.php 第 332 行.
INFO: Run Behavior\ParseTemplateBehavior [ RunTime:0.042987s ]
INFO: [ view_parse ] --END-- [ RunTime:0.043065s ]
INFO: [ view_filter ] --START--
INFO: Run Behavior\WriteHtmlCacheBehavior [ RunTime:0.001306s ]
INFO: [ view_filter ] --END-- [ RunTime:0.001362s ]
INFO: [ app_end ] --START--
INFO: Run Behavior\ShowPageTraceBehavior [ RunTime:0.002149s ]
INFO: [ app_end ] --END-- [ RunTime:0.002240s ]

[ 2015-10-30T12:24:43+08:00 ] 127.0.0.1 /lxt/index.php/Home/Index/index.html
INFO: [ app_init ] --START--
INFO: Run Behavior\BuildLiteBehavior [ RunTime:0.000011s ]
INFO: [ app_init ] --END-- [ RunTime:0.000350s ]
INFO: [ app_begin ] --START--
INFO: Run Behavior\ReadHtmlCacheBehavior [ RunTime:0.000518s ]
INFO: [ app_begin ] --END-- [ RunTime:0.000563s ]
SQL: SHOW COLUMNS FROM `sb_member` [ RunTime:0.3088s ]
SQL: SELECT * FROM `sb_member` WHERE `mid` = 1445483267 LIMIT 1   [ RunTime:0.0682s ]
SQL: SHOW COLUMNS FROM `sb_memberstatus` [ RunTime:0.0342s ]
SQL: SELECT * FROM `sb_memberstatus` WHERE `id` = 1 LIMIT 1   [ RunTime:0.0479s ]
SQL: SHOW COLUMNS FROM `sb_repayrule` [ RunTime:0.0334s ]
SQL: SELECT * FROM `sb_member` WHERE `mid` = 0 LIMIT 1   [ RunTime:0.0398s ]
SQL: SELECT * FROM `sb_memberstatus` WHERE `id` = null LIMIT 1   [ RunTime:0.0382s ]
SQL: SELECT * FROM `sb_repayrule` WHERE `id` = null LIMIT 1   [ RunTime:0.0800s ]
SQL: SHOW COLUMNS FROM `sb_order` [ RunTime:0.0408s ]
SQL: SELECT `mid`,`createtime`,`money` FROM `sb_order` WHERE `mid` = 1445483267  [ RunTime:0.0394s ]
NOTIC: [8] Undefined variable: get_money C:\xampp\htdocs\lxt\lxt\Home\Model\OrderModel.class.php 第 27 行.
SQL: SELECT `mid`,`createtime`,`money` FROM `sb_order` WHERE `mid` = 1445483267  [ RunTime:0.0397s ]
SQL: SHOW COLUMNS FROM `sb_cash` [ RunTime:0.0384s ]
SQL: SELECT `score` FROM `sb_cash` WHERE `mid` = 1445483267 AND `status` = 1  [ RunTime:0.0401s ]
SQL: SHOW COLUMNS FROM `sb_exchange` [ RunTime:0.0383s ]
SQL: SELECT `amount` FROM `sb_exchange` WHERE `mid` = 1445483267 AND `status` = 1  [ RunTime:0.0403s ]
SQL: SELECT * FROM `sb_member` ORDER BY score desc LIMIT 4   [ RunTime:0.0405s ]
SQL: SHOW COLUMNS FROM `sb_order` [ RunTime:0.0390s ]
SQL: SELECT * FROM `sb_order` WHERE `mid` = 1445483267  [ RunTime:0.0413s ]
INFO: [ view_parse ] --START--
INFO: [ template_filter ] --START--
INFO: Run Behavior\ContentReplaceBehavior [ RunTime:0.000100s ]
INFO: [ template_filter ] --END-- [ RunTime:0.000159s ]
NOTIC: [8] Undefined variable: get_money C:\xampp\htdocs\lxt\lxt\Runtime\Cache\Home\e49ebe815279eec910a4668e79404eed.php 第 299 行.
NOTIC: [8] Undefined variable: get_money C:\xampp\htdocs\lxt\lxt\Runtime\Cache\Home\e49ebe815279eec910a4668e79404eed.php 第 332 行.
INFO: Run Behavior\ParseTemplateBehavior [ RunTime:0.017289s ]
INFO: [ view_parse ] --END-- [ RunTime:0.017344s ]
INFO: [ view_filter ] --START--
INFO: Run Behavior\WriteHtmlCacheBehavior [ RunTime:0.000573s ]
INFO: [ view_filter ] --END-- [ RunTime:0.000625s ]
INFO: [ app_end ] --START--
INFO: Run Behavior\ShowPageTraceBehavior [ RunTime:0.000795s ]
INFO: [ app_end ] --END-- [ RunTime:0.000868s ]

[ 2015-10-30T12:26:03+08:00 ] 127.0.0.1 /lxt/index.php/Home/Index/index.html
INFO: [ app_init ] --START--
INFO: Run Behavior\BuildLiteBehavior [ RunTime:0.000013s ]
INFO: [ app_init ] --END-- [ RunTime:0.000415s ]
INFO: [ app_begin ] --START--
INFO: Run Behavior\ReadHtmlCacheBehavior [ RunTime:0.000987s ]
INFO: [ app_begin ] --END-- [ RunTime:0.001078s ]
SQL: SHOW COLUMNS FROM `sb_member` [ RunTime:0.0411s ]
SQL: SELECT * FROM `sb_member` WHERE `mid` = 1445483267 LIMIT 1   [ RunTime:0.0787s ]
SQL: SHOW COLUMNS FROM `sb_memberstatus` [ RunTime:0.0417s ]
SQL: SELECT * FROM `sb_memberstatus` WHERE `id` = 1 LIMIT 1   [ RunTime:0.0487s ]
SQL: SHOW COLUMNS FROM `sb_repayrule` [ RunTime:0.0408s ]
SQL: SELECT * FROM `sb_member` WHERE `mid` = 0 LIMIT 1   [ RunTime:0.0440s ]
SQL: SELECT * FROM `sb_memberstatus` WHERE `id` = null LIMIT 1   [ RunTime:0.0447s ]
SQL: SELECT * FROM `sb_repayrule` WHERE `id` = null LIMIT 1   [ RunTime:0.0584s ]
SQL: SHOW COLUMNS FROM `sb_order` [ RunTime:0.0464s ]
SQL: SELECT `mid`,`createtime`,`money` FROM `sb_order` WHERE `mid` = 1445483267  [ RunTime:0.0473s ]
NOTIC: [8] Undefined variable: get_money C:\xampp\htdocs\lxt\lxt\Home\Model\OrderModel.class.php 第 27 行.
SQL: SELECT `mid`,`createtime`,`money` FROM `sb_order` WHERE `mid` = 1445483267  [ RunTime:0.0747s ]
SQL: SHOW COLUMNS FROM `sb_cash` [ RunTime:0.0468s ]
SQL: SELECT `score` FROM `sb_cash` WHERE `mid` = 1445483267 AND `status` = 1  [ RunTime:0.0616s ]
SQL: SHOW COLUMNS FROM `sb_exchange` [ RunTime:0.0492s ]
SQL: SELECT `amount` FROM `sb_exchange` WHERE `mid` = 1445483267 AND `status` = 1  [ RunTime:0.0442s ]

[ 2015-10-30T12:27:21+08:00 ] 127.0.0.1 /lxt/index.php/Home/Index/index.html
INFO: [ app_init ] --START--
INFO: Run Behavior\BuildLiteBehavior [ RunTime:0.000014s ]
INFO: [ app_init ] --END-- [ RunTime:0.000408s ]
INFO: [ app_begin ] --START--
INFO: Run Behavior\ReadHtmlCacheBehavior [ RunTime:0.000937s ]
INFO: [ app_begin ] --END-- [ RunTime:0.001023s ]
SQL: SHOW COLUMNS FROM `sb_member` [ RunTime:0.0403s ]
SQL: SELECT * FROM `sb_member` WHERE `mid` = 1445483267 LIMIT 1   [ RunTime:0.0437s ]
SQL: SHOW COLUMNS FROM `sb_memberstatus` [ RunTime:0.0363s ]
SQL: SELECT * FROM `sb_memberstatus` WHERE `id` = 1 LIMIT 1   [ RunTime:0.0402s ]
SQL: SHOW COLUMNS FROM `sb_repayrule` [ RunTime:0.0398s ]
SQL: SELECT * FROM `sb_member` WHERE `mid` = 0 LIMIT 1   [ RunTime:0.0785s ]
SQL: SELECT * FROM `sb_memberstatus` WHERE `id` = null LIMIT 1   [ RunTime:0.0407s ]
SQL: SELECT * FROM `sb_repayrule` WHERE `id` = null LIMIT 1   [ RunTime:0.0391s ]
SQL: SHOW COLUMNS FROM `sb_order` [ RunTime:0.0384s ]
SQL: SELECT `mid`,`createtime`,`money` FROM `sb_order` WHERE `mid` = 1445483267  [ RunTime:0.0401s ]
NOTIC: [8] Undefined variable: get_money C:\xampp\htdocs\lxt\lxt\Home\Model\OrderModel.class.php 第 27 行.
SQL: SELECT `mid`,`createtime`,`money` FROM `sb_order` WHERE `mid` = 1445483267  [ RunTime:0.0394s ]
SQL: SHOW COLUMNS FROM `sb_cash` [ RunTime:0.0406s ]
SQL: SELECT `score` FROM `sb_cash` WHERE `mid` = 1445483267 AND `status` = 1  [ RunTime:0.0395s ]
SQL: SHOW COLUMNS FROM `sb_exchange` [ RunTime:0.0393s ]
SQL: SELECT `amount` FROM `sb_exchange` WHERE `mid` = 1445483267 AND `status` = 1  [ RunTime:0.0382s ]

[ 2015-10-30T12:29:54+08:00 ] 127.0.0.1 /lxt/index.php/Home/Index/index.html
INFO: [ app_init ] --START--
INFO: Run Behavior\BuildLiteBehavior [ RunTime:0.000015s ]
INFO: [ app_init ] --END-- [ RunTime:0.000401s ]
INFO: [ app_begin ] --START--
INFO: Run Behavior\ReadHtmlCacheBehavior [ RunTime:0.000678s ]
INFO: [ app_begin ] --END-- [ RunTime:0.000731s ]
SQL: SHOW COLUMNS FROM `sb_member` [ RunTime:0.0405s ]
SQL: SELECT * FROM `sb_member` WHERE `mid` = 1445483267 LIMIT 1   [ RunTime:0.0597s ]
SQL: SHOW COLUMNS FROM `sb_memberstatus` [ RunTime:0.0393s ]
SQL: SELECT * FROM `sb_memberstatus` WHERE `id` = 1 LIMIT 1   [ RunTime:0.0462s ]
SQL: SHOW COLUMNS FROM `sb_repayrule` [ RunTime:0.0399s ]
SQL: SELECT * FROM `sb_member` WHERE `mid` = 0 LIMIT 1   [ RunTime:0.0438s ]
SQL: SELECT * FROM `sb_memberstatus` WHERE `id` = null LIMIT 1   [ RunTime:0.0468s ]
SQL: SELECT * FROM `sb_repayrule` WHERE `id` = null LIMIT 1   [ RunTime:0.0827s ]
SQL: SHOW COLUMNS FROM `sb_order` [ RunTime:0.0599s ]
SQL: SELECT `mid`,`createtime`,`money` FROM `sb_order` WHERE `mid` = 1445483267  [ RunTime:0.0486s ]
NOTIC: [8] Undefined variable: get_money C:\xampp\htdocs\lxt\lxt\Home\Model\OrderModel.class.php 第 28 行.
SQL: SELECT `mid`,`createtime`,`money` FROM `sb_order` WHERE `mid` = 1445483267  [ RunTime:0.0442s ]
SQL: SHOW COLUMNS FROM `sb_cash` [ RunTime:0.0455s ]
SQL: SELECT `score` FROM `sb_cash` WHERE `mid` = 1445483267 AND `status` = 1  [ RunTime:0.0586s ]
SQL: SHOW COLUMNS FROM `sb_exchange` [ RunTime:0.0451s ]
SQL: SELECT `amount` FROM `sb_exchange` WHERE `mid` = 1445483267 AND `status` = 1  [ RunTime:0.0483s ]

[ 2015-10-30T12:30:14+08:00 ] 127.0.0.1 /lxt/index.php/Home/Index/index.html
INFO: [ app_init ] --START--
INFO: Run Behavior\BuildLiteBehavior [ RunTime:0.000021s ]
INFO: [ app_init ] --END-- [ RunTime:0.000587s ]
INFO: [ app_begin ] --START--
INFO: Run Behavior\ReadHtmlCacheBehavior [ RunTime:0.000676s ]
INFO: [ app_begin ] --END-- [ RunTime:0.000733s ]
SQL: SHOW COLUMNS FROM `sb_member` [ RunTime:0.0401s ]
SQL: SELECT * FROM `sb_member` WHERE `mid` = 1445483267 LIMIT 1   [ RunTime:0.0394s ]
SQL: SHOW COLUMNS FROM `sb_memberstatus` [ RunTime:0.0416s ]
SQL: SELECT * FROM `sb_memberstatus` WHERE `id` = 1 LIMIT 1   [ RunTime:0.0393s ]
SQL: SHOW COLUMNS FROM `sb_repayrule` [ RunTime:0.0648s ]
SQL: SELECT * FROM `sb_member` WHERE `mid` = 0 LIMIT 1   [ RunTime:0.0378s ]
SQL: SELECT * FROM `sb_memberstatus` WHERE `id` = null LIMIT 1   [ RunTime:0.0618s ]
SQL: SELECT * FROM `sb_repayrule` WHERE `id` = null LIMIT 1   [ RunTime:0.0387s ]
SQL: SHOW COLUMNS FROM `sb_order` [ RunTime:0.0336s ]
SQL: SELECT `mid`,`createtime`,`money` FROM `sb_order` WHERE `mid` = 1445483267  [ RunTime:0.0397s ]
NOTIC: [8] Undefined variable: get_money C:\xampp\htdocs\lxt\lxt\Home\Model\OrderModel.class.php 第 28 行.
SQL: SELECT `mid`,`createtime`,`money` FROM `sb_order` WHERE `mid` = 1445483267  [ RunTime:0.0400s ]
NOTIC: [8] Use of undefined constant fgeshfg - assumed 'fgeshfg' C:\xampp\htdocs\lxt\lxt\Home\Model\OrderModel.class.php 第 51 行.

[ 2015-10-30T12:32:38+08:00 ] 127.0.0.1 /lxt/index.php/Home/Index/index.html
INFO: [ app_init ] --START--
INFO: Run Behavior\BuildLiteBehavior [ RunTime:0.000011s ]
INFO: [ app_init ] --END-- [ RunTime:0.000291s ]
INFO: [ app_begin ] --START--
INFO: Run Behavior\ReadHtmlCacheBehavior [ RunTime:0.000489s ]
INFO: [ app_begin ] --END-- [ RunTime:0.000526s ]
SQL: SHOW COLUMNS FROM `sb_member` [ RunTime:0.0538s ]
SQL: SELECT * FROM `sb_member` WHERE `mid` = 1445483267 LIMIT 1   [ RunTime:0.0372s ]
SQL: SHOW COLUMNS FROM `sb_memberstatus` [ RunTime:0.0528s ]
SQL: SELECT * FROM `sb_memberstatus` WHERE `id` = 1 LIMIT 1   [ RunTime:0.0568s ]
SQL: SHOW COLUMNS FROM `sb_repayrule` [ RunTime:0.0394s ]
SQL: SELECT * FROM `sb_member` WHERE `mid` = 0 LIMIT 1   [ RunTime:0.0411s ]
SQL: SELECT * FROM `sb_memberstatus` WHERE `id` = null LIMIT 1   [ RunTime:0.0383s ]
SQL: SELECT * FROM `sb_repayrule` WHERE `id` = null LIMIT 1   [ RunTime:0.0395s ]
SQL: SHOW COLUMNS FROM `sb_order` [ RunTime:0.0403s ]
SQL: SELECT `mid`,`createtime`,`money` FROM `sb_order` WHERE `mid` = 1445483267  [ RunTime:0.0393s ]
NOTIC: [8] Undefined variable: get_money C:\xampp\htdocs\lxt\lxt\Home\Model\OrderModel.class.php 第 28 行.
SQL: SELECT `mid`,`createtime`,`money` FROM `sb_order` WHERE `mid` = 1445483267  [ RunTime:0.0391s ]
SQL: SHOW COLUMNS FROM `sb_cash` [ RunTime:0.0803s ]
SQL: SELECT `score` FROM `sb_cash` WHERE `mid` = 1445483267 AND `status` = 1  [ RunTime:0.0372s ]
SQL: SHOW COLUMNS FROM `sb_exchange` [ RunTime:0.0421s ]
SQL: SELECT `amount` FROM `sb_exchange` WHERE `mid` = 1445483267 AND `status` = 1  [ RunTime:0.0386s ]

[ 2015-10-30T12:32:50+08:00 ] 127.0.0.1 /lxt/index.php/Home/Index/index.html
INFO: [ app_init ] --START--
INFO: Run Behavior\BuildLiteBehavior [ RunTime:0.000009s ]
INFO: [ app_init ] --END-- [ RunTime:0.000258s ]
INFO: [ app_begin ] --START--
INFO: Run Behavior\ReadHtmlCacheBehavior [ RunTime:0.000380s ]
INFO: [ app_begin ] --END-- [ RunTime:0.000417s ]
SQL: SHOW COLUMNS FROM `sb_member` [ RunTime:0.0421s ]
SQL: SELECT * FROM `sb_member` WHERE `mid` = 1445483267 LIMIT 1   [ RunTime:0.0398s ]
SQL: SHOW COLUMNS FROM `sb_memberstatus` [ RunTime:0.0409s ]
SQL: SELECT * FROM `sb_memberstatus` WHERE `id` = 1 LIMIT 1   [ RunTime:0.0372s ]
SQL: SHOW COLUMNS FROM `sb_repayrule` [ RunTime:0.0413s ]
SQL: SELECT * FROM `sb_member` WHERE `mid` = 0 LIMIT 1   [ RunTime:0.0396s ]
SQL: SELECT * FROM `sb_memberstatus` WHERE `id` = null LIMIT 1   [ RunTime:0.0435s ]
SQL: SELECT * FROM `sb_repayrule` WHERE `id` = null LIMIT 1   [ RunTime:0.0752s ]
SQL: SHOW COLUMNS FROM `sb_order` [ RunTime:0.0803s ]
SQL: SELECT `mid`,`createtime`,`money` FROM `sb_order` WHERE `mid` = 1445483267  [ RunTime:0.0392s ]
NOTIC: [8] Undefined variable: get_money C:\xampp\htdocs\lxt\lxt\Home\Model\OrderModel.class.php 第 28 行.

[ 2015-10-30T12:33:18+08:00 ] 127.0.0.1 /lxt/index.php/Home/Index/index.html
INFO: [ app_init ] --START--
INFO: Run Behavior\BuildLiteBehavior [ RunTime:0.000013s ]
INFO: [ app_init ] --END-- [ RunTime:0.000336s ]
INFO: [ app_begin ] --START--
INFO: Run Behavior\ReadHtmlCacheBehavior [ RunTime:0.000500s ]
INFO: [ app_begin ] --END-- [ RunTime:0.000552s ]
SQL: SHOW COLUMNS FROM `sb_member` [ RunTime:0.0353s ]
SQL: SELECT * FROM `sb_member` WHERE `mid` = 1445483267 LIMIT 1   [ RunTime:0.0397s ]
SQL: SHOW COLUMNS FROM `sb_memberstatus` [ RunTime:0.0404s ]
SQL: SELECT * FROM `sb_memberstatus` WHERE `id` = 1 LIMIT 1   [ RunTime:0.0401s ]
SQL: SHOW COLUMNS FROM `sb_repayrule` [ RunTime:0.0398s ]
SQL: SELECT * FROM `sb_member` WHERE `mid` = 0 LIMIT 1   [ RunTime:0.0396s ]
SQL: SELECT * FROM `sb_memberstatus` WHERE `id` = null LIMIT 1   [ RunTime:0.0398s ]
SQL: SELECT * FROM `sb_repayrule` WHERE `id` = null LIMIT 1   [ RunTime:0.0370s ]
SQL: SHOW COLUMNS FROM `sb_order` [ RunTime:0.0419s ]
SQL: SELECT `mid`,`createtime`,`money` FROM `sb_order` WHERE `mid` = 1445483267  [ RunTime:0.0371s ]
NOTIC: [8] Use of undefined constant dbejsa - assumed 'dbejsa' C:\xampp\htdocs\lxt\lxt\Home\Model\OrderModel.class.php 第 14 行.

[ 2015-10-30T12:34:56+08:00 ] 127.0.0.1 /lxt/index.php/Home/Index/index.html
INFO: [ app_init ] --START--
INFO: Run Behavior\BuildLiteBehavior [ RunTime:0.000013s ]
INFO: [ app_init ] --END-- [ RunTime:0.000376s ]
INFO: [ app_begin ] --START--
INFO: Run Behavior\ReadHtmlCacheBehavior [ RunTime:0.000725s ]
INFO: [ app_begin ] --END-- [ RunTime:0.000779s ]
SQL: SHOW COLUMNS FROM `sb_member` [ RunTime:0.0402s ]
SQL: SELECT * FROM `sb_member` WHERE `mid` = 1445483267 LIMIT 1   [ RunTime:0.0447s ]
SQL: SHOW COLUMNS FROM `sb_memberstatus` [ RunTime:0.4308s ]
SQL: SELECT * FROM `sb_memberstatus` WHERE `id` = 1 LIMIT 1   [ RunTime:0.0441s ]
SQL: SHOW COLUMNS FROM `sb_repayrule` [ RunTime:0.0474s ]
SQL: SELECT * FROM `sb_member` WHERE `mid` = 0 LIMIT 1   [ RunTime:0.0615s ]
SQL: SELECT * FROM `sb_memberstatus` WHERE `id` = null LIMIT 1   [ RunTime:0.0601s ]
SQL: SELECT * FROM `sb_repayrule` WHERE `id` = null LIMIT 1   [ RunTime:0.0584s ]
SQL: SHOW COLUMNS FROM `sb_order` [ RunTime:0.0462s ]
SQL: SELECT `mid`,`createtime`,`money` FROM `sb_order` WHERE `mid` = 1445483267  [ RunTime:0.0484s ]
NOTIC: [8] Use of undefined constant dbejsa - assumed 'dbejsa' C:\xampp\htdocs\lxt\lxt\Home\Model\OrderModel.class.php 第 14 行.

[ 2015-10-30T12:35:19+08:00 ] 127.0.0.1 /lxt/index.php/Home/Index/index.html
INFO: [ app_init ] --START--
INFO: Run Behavior\BuildLiteBehavior [ RunTime:0.000015s ]
INFO: [ app_init ] --END-- [ RunTime:0.000449s ]
INFO: [ app_begin ] --START--
INFO: Run Behavior\ReadHtmlCacheBehavior [ RunTime:0.000916s ]
INFO: [ app_begin ] --END-- [ RunTime:0.000986s ]
SQL: SHOW COLUMNS FROM `sb_member` [ RunTime:0.0408s ]
SQL: SELECT * FROM `sb_member` WHERE `mid` = 1445483267 LIMIT 1   [ RunTime:0.0431s ]
SQL: SHOW COLUMNS FROM `sb_memberstatus` [ RunTime:0.0652s ]
SQL: SELECT * FROM `sb_memberstatus` WHERE `id` = 1 LIMIT 1   [ RunTime:0.0516s ]
SQL: SHOW COLUMNS FROM `sb_repayrule` [ RunTime:0.0395s ]
SQL: SELECT * FROM `sb_member` WHERE `mid` = 0 LIMIT 1   [ RunTime:0.0398s ]
SQL: SELECT * FROM `sb_memberstatus` WHERE `id` = null LIMIT 1   [ RunTime:0.0426s ]
SQL: SELECT * FROM `sb_repayrule` WHERE `id` = null LIMIT 1   [ RunTime:0.0508s ]
SQL: SHOW COLUMNS FROM `sb_order` [ RunTime:0.0449s ]
SQL: SELECT `mid`,`createtime`,`money` FROM `sb_order` WHERE `mid` = 1445483267  [ RunTime:0.0586s ]
NOTIC: [8] Use of undefined constant dbejsa - assumed 'dbejsa' C:\xampp\htdocs\lxt\lxt\Home\Model\OrderModel.class.php 第 14 行.
SQL: SELECT * FROM `sb_member` WHERE `mid` = 0 LIMIT 1   [ RunTime:0.0409s ]
SQL: SELECT * FROM `sb_memberstatus` WHERE `id` = null LIMIT 1   [ RunTime:0.0404s ]

[ 2015-10-30T22:27:13+08:00 ] 127.0.0.1 /lxt/index.php/Home/Index/index.html
INFO: [ app_init ] --START--
INFO: Run Behavior\BuildLiteBehavior [ RunTime:0.000016s ]
INFO: [ app_init ] --END-- [ RunTime:0.006203s ]
INFO: [ app_begin ] --START--
INFO: Run Behavior\ReadHtmlCacheBehavior [ RunTime:0.005960s ]
INFO: [ app_begin ] --END-- [ RunTime:0.006030s ]

[ 2015-10-30T22:27:13+08:00 ] 127.0.0.1 /lxt/index.php/Home/Login/index.html
INFO: [ app_init ] --START--
INFO: Run Behavior\BuildLiteBehavior [ RunTime:0.000011s ]
INFO: [ app_init ] --END-- [ RunTime:0.000286s ]
INFO: [ app_begin ] --START--
INFO: Run Behavior\ReadHtmlCacheBehavior [ RunTime:0.000373s ]
INFO: [ app_begin ] --END-- [ RunTime:0.000414s ]
INFO: [ view_parse ] --START--
INFO: [ template_filter ] --START--
INFO: Run Behavior\ContentReplaceBehavior [ RunTime:0.000035s ]
INFO: [ template_filter ] --END-- [ RunTime:0.000096s ]
INFO: Run Behavior\ParseTemplateBehavior [ RunTime:0.049987s ]
INFO: [ view_parse ] --END-- [ RunTime:0.050050s ]
INFO: [ view_filter ] --START--
INFO: Run Behavior\WriteHtmlCacheBehavior [ RunTime:0.005197s ]
INFO: [ view_filter ] --END-- [ RunTime:0.005246s ]
INFO: [ app_end ] --START--
INFO: Run Behavior\ShowPageTraceBehavior [ RunTime:0.004913s ]
INFO: [ app_end ] --END-- [ RunTime:0.004959s ]

[ 2015-10-30T22:27:25+08:00 ] 127.0.0.1 /lxt/index.php/Home/Login/handle.html
INFO: [ app_init ] --START--
INFO: Run Behavior\BuildLiteBehavior [ RunTime:0.000017s ]
INFO: [ app_init ] --END-- [ RunTime:0.000718s ]
INFO: [ app_begin ] --START--
INFO: Run Behavior\ReadHtmlCacheBehavior [ RunTime:0.004288s ]
INFO: [ app_begin ] --END-- [ RunTime:0.004392s ]
SQL: SHOW COLUMNS FROM `sb_member` [ RunTime:0.0154s ]
SQL: SELECT * FROM `sb_member` WHERE `mid` = 0 LIMIT 1   [ RunTime:0.0168s ]
SQL: SELECT * FROM `sb_member` WHERE `name` = '鲍蕾' LIMIT 1   [ RunTime:0.0183s ]

[ 2015-10-30T22:27:25+08:00 ] 127.0.0.1 /lxt/index.php/Home/Index/index.html
INFO: [ app_init ] --START--
INFO: Run Behavior\BuildLiteBehavior [ RunTime:0.000018s ]
INFO: [ app_init ] --END-- [ RunTime:0.000444s ]
INFO: [ app_begin ] --START--
INFO: Run Behavior\ReadHtmlCacheBehavior [ RunTime:0.000604s ]
INFO: [ app_begin ] --END-- [ RunTime:0.000680s ]
SQL: SHOW COLUMNS FROM `sb_member` [ RunTime:0.0175s ]
SQL: SELECT * FROM `sb_member` WHERE `mid` = 1445483267 LIMIT 1   [ RunTime:0.0190s ]
SQL: SHOW COLUMNS FROM `sb_memberstatus` [ RunTime:0.0141s ]
SQL: SELECT * FROM `sb_memberstatus` WHERE `id` = 1 LIMIT 1   [ RunTime:0.0189s ]
SQL: SHOW COLUMNS FROM `sb_repayrule` [ RunTime:0.0143s ]
SQL: SELECT * FROM `sb_member` WHERE `mid` = 0 LIMIT 1   [ RunTime:0.0154s ]
SQL: SELECT * FROM `sb_memberstatus` WHERE `id` = null LIMIT 1   [ RunTime:0.0149s ]
SQL: SELECT * FROM `sb_repayrule` WHERE `id` = null LIMIT 1   [ RunTime:0.0197s ]
SQL: SHOW COLUMNS FROM `sb_order` [ RunTime:0.0162s ]
SQL: SELECT `mid`,`createtime`,`money` FROM `sb_order` WHERE `mid` = 1445483267  [ RunTime:0.0175s ]
NOTIC: [8] Use of undefined constant dbejsa - assumed 'dbejsa' C:\xampp\htdocs\lxt\lxt\Home\Model\OrderModel.class.php 第 14 行.
SQL: SELECT * FROM `sb_member` WHERE `mid` = 0 LIMIT 1   [ RunTime:0.0166s ]
SQL: SELECT * FROM `sb_memberstatus` WHERE `id` = null LIMIT 1   [ RunTime:0.0157s ]

[ 2015-10-30T22:29:13+08:00 ] 127.0.0.1 /lxt/index.php/Home/Index/index.html
INFO: [ app_init ] --START--
INFO: Run Behavior\BuildLiteBehavior [ RunTime:0.000024s ]
INFO: [ app_init ] --END-- [ RunTime:0.000571s ]
INFO: [ app_begin ] --START--
INFO: Run Behavior\ReadHtmlCacheBehavior [ RunTime:0.000783s ]
INFO: [ app_begin ] --END-- [ RunTime:0.000878s ]
SQL: SHOW COLUMNS FROM `sb_member` [ RunTime:0.2771s ]
SQL: SELECT * FROM `sb_member` WHERE `mid` = 1445483267 LIMIT 1   [ RunTime:0.2939s ]
SQL: SHOW COLUMNS FROM `sb_memberstatus` [ RunTime:0.2061s ]
SQL: SELECT * FROM `sb_memberstatus` WHERE `id` = 1 LIMIT 1   [ RunTime:0.2394s ]
SQL: SHOW COLUMNS FROM `sb_repayrule` [ RunTime:0.1815s ]
SQL: SELECT * FROM `sb_member` WHERE `mid` = 0 LIMIT 1   [ RunTime:0.1689s ]
SQL: SELECT * FROM `sb_memberstatus` WHERE `id` = null LIMIT 1   [ RunTime:0.1015s ]
SQL: SELECT * FROM `sb_repayrule` WHERE `id` = null LIMIT 1   [ RunTime:0.1005s ]
SQL: SHOW COLUMNS FROM `sb_order` [ RunTime:0.0717s ]
SQL: SELECT `mid`,`createtime`,`money` FROM `sb_order` WHERE `mid` = 1445483267  [ RunTime:0.0927s ]
NOTIC: [8] Use of undefined constant dbejsa - assumed 'dbejsa' C:\xampp\htdocs\lxt\lxt\Home\Model\OrderModel.class.php 第 14 行.
SQL: SELECT * FROM `sb_member` WHERE `mid` = 0 LIMIT 1   [ RunTime:0.0616s ]
SQL: SELECT * FROM `sb_memberstatus` WHERE `id` = null LIMIT 1   [ RunTime:0.0519s ]
SQL: SELECT * FROM `sb_repayrule` WHERE `id` = null LIMIT 1   [ RunTime:0.0493s ]

[ 2015-10-30T22:29:16+08:00 ] 127.0.0.1 /lxt/index.php/Home/Index/index.html
INFO: [ app_init ] --START--
INFO: Run Behavior\BuildLiteBehavior [ RunTime:0.000017s ]
INFO: [ app_init ] --END-- [ RunTime:0.000445s ]
INFO: [ app_begin ] --START--
INFO: Run Behavior\ReadHtmlCacheBehavior [ RunTime:0.000597s ]
INFO: [ app_begin ] --END-- [ RunTime:0.000673s ]
SQL: SHOW COLUMNS FROM `sb_member` [ RunTime:0.0180s ]
SQL: SELECT * FROM `sb_member` WHERE `mid` = 1445483267 LIMIT 1   [ RunTime:0.0186s ]
SQL: SHOW COLUMNS FROM `sb_memberstatus` [ RunTime:0.0158s ]
SQL: SELECT * FROM `sb_memberstatus` WHERE `id` = 1 LIMIT 1   [ RunTime:0.0166s ]
SQL: SHOW COLUMNS FROM `sb_repayrule` [ RunTime:0.0199s ]
SQL: SELECT * FROM `sb_member` WHERE `mid` = 0 LIMIT 1   [ RunTime:0.0157s ]
SQL: SELECT * FROM `sb_memberstatus` WHERE `id` = null LIMIT 1   [ RunTime:0.0148s ]
SQL: SELECT * FROM `sb_repayrule` WHERE `id` = null LIMIT 1   [ RunTime:0.0161s ]
SQL: SHOW COLUMNS FROM `sb_order` [ RunTime:0.0171s ]
SQL: SELECT `mid`,`createtime`,`money` FROM `sb_order` WHERE `mid` = 1445483267  [ RunTime:0.0149s ]
NOTIC: [8] Use of undefined constant dbejsa - assumed 'dbejsa' C:\xampp\htdocs\lxt\lxt\Home\Model\OrderModel.class.php 第 14 行.
SQL: SELECT * FROM `sb_member` WHERE `mid` = 0 LIMIT 1   [ RunTime:0.0170s ]
SQL: SELECT * FROM `sb_memberstatus` WHERE `id` = null LIMIT 1   [ RunTime:0.0164s ]
SQL: SELECT * FROM `sb_repayrule` WHERE `id` = null LIMIT 1   [ RunTime:0.0166s ]

[ 2015-10-30T22:34:56+08:00 ] 127.0.0.1 /lxt/index.php/Home/Index/index.html
INFO: [ app_init ] --START--
INFO: Run Behavior\BuildLiteBehavior [ RunTime:0.000018s ]
INFO: [ app_init ] --END-- [ RunTime:0.000423s ]
INFO: [ app_begin ] --START--
INFO: Run Behavior\ReadHtmlCacheBehavior [ RunTime:0.000582s ]
INFO: [ app_begin ] --END-- [ RunTime:0.000655s ]
SQL: SHOW COLUMNS FROM `sb_member` [ RunTime:0.0199s ]
SQL: SELECT * FROM `sb_member` WHERE `mid` = 1445483267 LIMIT 1   [ RunTime:0.0168s ]
SQL: SHOW COLUMNS FROM `sb_memberstatus` [ RunTime:0.0162s ]
SQL: SELECT * FROM `sb_memberstatus` WHERE `id` = 1 LIMIT 1   [ RunTime:0.0160s ]
SQL: SHOW COLUMNS FROM `sb_repayrule` [ RunTime:0.0138s ]
SQL: SELECT * FROM `sb_member` WHERE `mid` = 0 LIMIT 1   [ RunTime:0.0133s ]
SQL: SELECT * FROM `sb_memberstatus` WHERE `id` = null LIMIT 1   [ RunTime:0.0143s ]
SQL: SELECT * FROM `sb_repayrule` WHERE `id` = null LIMIT 1   [ RunTime:0.0142s ]
SQL: SHOW COLUMNS FROM `sb_order` [ RunTime:0.0191s ]
SQL: SELECT `mid`,`createtime`,`money` FROM `sb_order` WHERE `mid` = 1445483267  [ RunTime:0.0173s ]
NOTIC: [8] Use of undefined constant dbejsa - assumed 'dbejsa' C:\xampp\htdocs\lxt\lxt\Home\Model\OrderModel.class.php 第 14 行.
SQL: SELECT * FROM `sb_member` WHERE `mid` = 0 LIMIT 1   [ RunTime:0.0141s ]
SQL: SELECT * FROM `sb_memberstatus` WHERE `id` = null LIMIT 1   [ RunTime:0.0163s ]
SQL: SELECT * FROM `sb_repayrule` WHERE `id` = null LIMIT 1   [ RunTime:0.0164s ]

[ 2015-10-30T22:35:40+08:00 ] 127.0.0.1 /lxt/index.php/Home/Index/index.html
INFO: [ app_init ] --START--
INFO: Run Behavior\BuildLiteBehavior [ RunTime:0.000012s ]
INFO: [ app_init ] --END-- [ RunTime:0.000378s ]
INFO: [ app_begin ] --START--
INFO: Run Behavior\ReadHtmlCacheBehavior [ RunTime:0.000739s ]
INFO: [ app_begin ] --END-- [ RunTime:0.000850s ]
SQL: SHOW COLUMNS FROM `sb_member` [ RunTime:0.0185s ]
SQL: SELECT * FROM `sb_member` WHERE `mid` = 1445483267 LIMIT 1   [ RunTime:0.0164s ]
SQL: SHOW COLUMNS FROM `sb_memberstatus` [ RunTime:0.0162s ]
SQL: SELECT * FROM `sb_memberstatus` WHERE `id` = 1 LIMIT 1   [ RunTime:0.0157s ]
SQL: SHOW COLUMNS FROM `sb_repayrule` [ RunTime:0.0149s ]
SQL: SELECT * FROM `sb_member` WHERE `mid` = 0 LIMIT 1   [ RunTime:0.0171s ]
SQL: SELECT * FROM `sb_memberstatus` WHERE `id` = null LIMIT 1   [ RunTime:0.0161s ]
SQL: SELECT * FROM `sb_repayrule` WHERE `id` = null LIMIT 1   [ RunTime:0.0161s ]
SQL: SHOW COLUMNS FROM `sb_order` [ RunTime:0.0200s ]
SQL: SELECT `mid`,`createtime`,`money` FROM `sb_order` WHERE `mid` = 1445483267  [ RunTime:0.0166s ]
NOTIC: [8] Use of undefined constant dbejsa - assumed 'dbejsa' C:\xampp\htdocs\lxt\lxt\Home\Model\OrderModel.class.php 第 14 行.
SQL: SELECT * FROM `sb_member` WHERE `mid` = 0 LIMIT 1   [ RunTime:0.0165s ]
SQL: SELECT * FROM `sb_memberstatus` WHERE `id` = null LIMIT 1   [ RunTime:0.0165s ]

[ 2015-10-30T22:36:04+08:00 ] 127.0.0.1 /lxt/index.php/Home/Index/index.html
INFO: [ app_init ] --START--
INFO: Run Behavior\BuildLiteBehavior [ RunTime:0.000017s ]
INFO: [ app_init ] --END-- [ RunTime:0.000366s ]
INFO: [ app_begin ] --START--
INFO: Run Behavior\ReadHtmlCacheBehavior [ RunTime:0.000573s ]
INFO: [ app_begin ] --END-- [ RunTime:0.000645s ]
SQL: SHOW COLUMNS FROM `sb_member` [ RunTime:0.0269s ]
SQL: SELECT * FROM `sb_member` WHERE `mid` = 1445483267 LIMIT 1   [ RunTime:0.0110s ]
SQL: SHOW COLUMNS FROM `sb_memberstatus` [ RunTime:0.0161s ]
SQL: SELECT * FROM `sb_memberstatus` WHERE `id` = 1 LIMIT 1   [ RunTime:0.0115s ]
SQL: SHOW COLUMNS FROM `sb_repayrule` [ RunTime:0.0135s ]
SQL: SELECT * FROM `sb_member` WHERE `mid` = 0 LIMIT 1   [ RunTime:0.0105s ]
SQL: SELECT * FROM `sb_memberstatus` WHERE `id` = null LIMIT 1   [ RunTime:0.0138s ]
SQL: SELECT * FROM `sb_repayrule` WHERE `id` = null LIMIT 1   [ RunTime:0.0139s ]
SQL: SHOW COLUMNS FROM `sb_order` [ RunTime:0.0158s ]
SQL: SELECT `mid`,`createtime`,`money` FROM `sb_order` WHERE `mid` = 1445483267  [ RunTime:0.0189s ]
NOTIC: [8] Use of undefined constant dbejsa - assumed 'dbejsa' C:\xampp\htdocs\lxt\lxt\Home\Model\OrderModel.class.php 第 14 行.
SQL: SELECT * FROM `sb_member` WHERE `mid` = 0 LIMIT 1   [ RunTime:0.0145s ]
SQL: SELECT * FROM `sb_memberstatus` WHERE `id` = null LIMIT 1   [ RunTime:0.0122s ]

[ 2015-10-30T22:36:14+08:00 ] 127.0.0.1 /lxt/index.php/Home/Index/index.html
INFO: [ app_init ] --START--
INFO: Run Behavior\BuildLiteBehavior [ RunTime:0.000012s ]
INFO: [ app_init ] --END-- [ RunTime:0.000297s ]
INFO: [ app_begin ] --START--
INFO: Run Behavior\ReadHtmlCacheBehavior [ RunTime:0.000386s ]
INFO: [ app_begin ] --END-- [ RunTime:0.000441s ]
SQL: SHOW COLUMNS FROM `sb_member` [ RunTime:0.0342s ]
SQL: SELECT * FROM `sb_member` WHERE `mid` = 1445483267 LIMIT 1   [ RunTime:0.0317s ]
SQL: SHOW COLUMNS FROM `sb_memberstatus` [ RunTime:0.0305s ]
SQL: SELECT * FROM `sb_memberstatus` WHERE `id` = 1 LIMIT 1   [ RunTime:0.0323s ]
SQL: SHOW COLUMNS FROM `sb_repayrule` [ RunTime:0.0333s ]
SQL: SELECT * FROM `sb_member` WHERE `mid` = 0 LIMIT 1   [ RunTime:0.0381s ]
SQL: SELECT * FROM `sb_memberstatus` WHERE `id` = null LIMIT 1   [ RunTime:0.0311s ]
SQL: SELECT * FROM `sb_repayrule` WHERE `id` = null LIMIT 1   [ RunTime:0.0349s ]
SQL: SHOW COLUMNS FROM `sb_order` [ RunTime:0.0336s ]
SQL: SELECT `mid`,`createtime`,`money` FROM `sb_order` WHERE `mid` = 1445483267  [ RunTime:0.0319s ]
NOTIC: [8] Use of undefined constant dbejsa - assumed 'dbejsa' C:\xampp\htdocs\lxt\lxt\Home\Model\OrderModel.class.php 第 14 行.
SQL: SELECT * FROM `sb_member` WHERE `mid` = 0 LIMIT 1   [ RunTime:0.0331s ]
SQL: SELECT * FROM `sb_memberstatus` WHERE `id` = null LIMIT 1   [ RunTime:0.0314s ]

[ 2015-10-30T22:36:15+08:00 ] 127.0.0.1 /lxt/index.php/Home/Index/index.html
INFO: [ app_init ] --START--
INFO: Run Behavior\BuildLiteBehavior [ RunTime:0.000018s ]
INFO: [ app_init ] --END-- [ RunTime:0.000428s ]
INFO: [ app_begin ] --START--
INFO: Run Behavior\ReadHtmlCacheBehavior [ RunTime:0.000504s ]
INFO: [ app_begin ] --END-- [ RunTime:0.000568s ]
SQL: SHOW COLUMNS FROM `sb_member` [ RunTime:0.0182s ]
SQL: SELECT * FROM `sb_member` WHERE `mid` = 1445483267 LIMIT 1   [ RunTime:0.0175s ]
SQL: SHOW COLUMNS FROM `sb_memberstatus` [ RunTime:0.0198s ]
SQL: SELECT * FROM `sb_memberstatus` WHERE `id` = 1 LIMIT 1   [ RunTime:0.0147s ]
SQL: SHOW COLUMNS FROM `sb_repayrule` [ RunTime:0.0156s ]
SQL: SELECT * FROM `sb_member` WHERE `mid` = 0 LIMIT 1   [ RunTime:0.0139s ]
SQL: SELECT * FROM `sb_memberstatus` WHERE `id` = null LIMIT 1   [ RunTime:0.0144s ]
SQL: SELECT * FROM `sb_repayrule` WHERE `id` = null LIMIT 1   [ RunTime:0.0181s ]
SQL: SHOW COLUMNS FROM `sb_order` [ RunTime:0.0174s ]
SQL: SELECT `mid`,`createtime`,`money` FROM `sb_order` WHERE `mid` = 1445483267  [ RunTime:0.0154s ]
NOTIC: [8] Use of undefined constant dbejsa - assumed 'dbejsa' C:\xampp\htdocs\lxt\lxt\Home\Model\OrderModel.class.php 第 14 行.
SQL: SELECT * FROM `sb_member` WHERE `mid` = 0 LIMIT 1   [ RunTime:0.0163s ]
SQL: SELECT * FROM `sb_memberstatus` WHERE `id` = null LIMIT 1   [ RunTime:0.0168s ]

[ 2015-10-30T22:36:46+08:00 ] 127.0.0.1 /lxt/index.php/Home/Index/index.html
INFO: [ app_init ] --START--
INFO: Run Behavior\BuildLiteBehavior [ RunTime:0.000023s ]
INFO: [ app_init ] --END-- [ RunTime:0.000518s ]
INFO: [ app_begin ] --START--
INFO: Run Behavior\ReadHtmlCacheBehavior [ RunTime:0.000365s ]
INFO: [ app_begin ] --END-- [ RunTime:0.000405s ]
SQL: SHOW COLUMNS FROM `sb_member` [ RunTime:0.0165s ]
SQL: SELECT * FROM `sb_member` WHERE `mid` = 1445483267 LIMIT 1   [ RunTime:0.0135s ]
SQL: SHOW COLUMNS FROM `sb_memberstatus` [ RunTime:0.0143s ]
SQL: SELECT * FROM `sb_memberstatus` WHERE `id` = 1 LIMIT 1   [ RunTime:0.0143s ]
SQL: SHOW COLUMNS FROM `sb_repayrule` [ RunTime:0.0162s ]
SQL: SELECT * FROM `sb_member` WHERE `mid` = 0 LIMIT 1   [ RunTime:0.0143s ]
SQL: SELECT * FROM `sb_memberstatus` WHERE `id` = null LIMIT 1   [ RunTime:0.0116s ]
SQL: SELECT * FROM `sb_repayrule` WHERE `id` = null LIMIT 1   [ RunTime:0.0130s ]
SQL: SHOW COLUMNS FROM `sb_order` [ RunTime:0.0151s ]
SQL: SELECT `mid`,`createtime`,`money` FROM `sb_order` WHERE `mid` = 1445483267  [ RunTime:0.0133s ]
NOTIC: [8] Use of undefined constant dbejsa - assumed 'dbejsa' C:\xampp\htdocs\lxt\lxt\Home\Model\OrderModel.class.php 第 14 行.
SQL: SELECT * FROM `sb_member` WHERE `mid` = 0 LIMIT 1   [ RunTime:0.0123s ]
SQL: SELECT * FROM `sb_memberstatus` WHERE `id` = null LIMIT 1   [ RunTime:0.0144s ]

[ 2015-10-30T22:36:47+08:00 ] 127.0.0.1 /lxt/index.php/Home/Index/index.html
INFO: [ app_init ] --START--
INFO: Run Behavior\BuildLiteBehavior [ RunTime:0.000017s ]
INFO: [ app_init ] --END-- [ RunTime:0.000386s ]
INFO: [ app_begin ] --START--
INFO: Run Behavior\ReadHtmlCacheBehavior [ RunTime:0.000418s ]
INFO: [ app_begin ] --END-- [ RunTime:0.000483s ]
SQL: SHOW COLUMNS FROM `sb_member` [ RunTime:0.0190s ]
SQL: SELECT * FROM `sb_member` WHERE `mid` = 1445483267 LIMIT 1   [ RunTime:0.0162s ]
SQL: SHOW COLUMNS FROM `sb_memberstatus` [ RunTime:0.0165s ]
SQL: SELECT * FROM `sb_memberstatus` WHERE `id` = 1 LIMIT 1   [ RunTime:0.0152s ]
SQL: SHOW COLUMNS FROM `sb_repayrule` [ RunTime:0.0145s ]
SQL: SELECT * FROM `sb_member` WHERE `mid` = 0 LIMIT 1   [ RunTime:0.0170s ]
SQL: SELECT * FROM `sb_memberstatus` WHERE `id` = null LIMIT 1   [ RunTime:0.0247s ]
SQL: SELECT * FROM `sb_repayrule` WHERE `id` = null LIMIT 1   [ RunTime:0.0171s ]
SQL: SHOW COLUMNS FROM `sb_order` [ RunTime:0.0149s ]
SQL: SELECT `mid`,`createtime`,`money` FROM `sb_order` WHERE `mid` = 1445483267  [ RunTime:0.0164s ]
NOTIC: [8] Use of undefined constant dbejsa - assumed 'dbejsa' C:\xampp\htdocs\lxt\lxt\Home\Model\OrderModel.class.php 第 14 行.
SQL: SELECT * FROM `sb_member` WHERE `mid` = 0 LIMIT 1   [ RunTime:0.0339s ]
SQL: SELECT * FROM `sb_memberstatus` WHERE `id` = null LIMIT 1   [ RunTime:0.0389s ]

[ 2015-10-30T22:39:29+08:00 ] 127.0.0.1 /lxt/index.php/Home/Index/index.html
INFO: [ app_init ] --START--
INFO: Run Behavior\BuildLiteBehavior [ RunTime:0.000014s ]
INFO: [ app_init ] --END-- [ RunTime:0.000380s ]
INFO: [ app_begin ] --START--
INFO: Run Behavior\ReadHtmlCacheBehavior [ RunTime:0.000567s ]
INFO: [ app_begin ] --END-- [ RunTime:0.000622s ]
SQL: SHOW COLUMNS FROM `sb_member` [ RunTime:0.0152s ]
SQL: SELECT * FROM `sb_member` WHERE `mid` = 1445483267 LIMIT 1   [ RunTime:0.0130s ]
SQL: SHOW COLUMNS FROM `sb_memberstatus` [ RunTime:0.0153s ]
SQL: SELECT * FROM `sb_memberstatus` WHERE `id` = 1 LIMIT 1   [ RunTime:0.0136s ]

[ 2015-10-30T22:40:56+08:00 ] 127.0.0.1 /lxt/index.php/Home/Index/index.html
INFO: [ app_init ] --START--
INFO: Run Behavior\BuildLiteBehavior [ RunTime:0.000015s ]
INFO: [ app_init ] --END-- [ RunTime:0.000352s ]
INFO: [ app_begin ] --START--
INFO: Run Behavior\ReadHtmlCacheBehavior [ RunTime:0.000433s ]
INFO: [ app_begin ] --END-- [ RunTime:0.000492s ]
SQL: SHOW COLUMNS FROM `sb_member` [ RunTime:0.0344s ]
SQL: SELECT * FROM `sb_member` WHERE `mid` = 1445483267 LIMIT 1   [ RunTime:0.0431s ]
SQL: SHOW COLUMNS FROM `sb_memberstatus` [ RunTime:0.0356s ]
SQL: SELECT * FROM `sb_memberstatus` WHERE `id` = 1 LIMIT 1   [ RunTime:0.0453s ]

[ 2015-10-30T22:41:24+08:00 ] 127.0.0.1 /lxt/index.php/Home/Index/index.html
INFO: [ app_init ] --START--
INFO: Run Behavior\BuildLiteBehavior [ RunTime:0.000012s ]
INFO: [ app_init ] --END-- [ RunTime:0.000347s ]
INFO: [ app_begin ] --START--
INFO: Run Behavior\ReadHtmlCacheBehavior [ RunTime:0.000477s ]
INFO: [ app_begin ] --END-- [ RunTime:0.000527s ]
SQL: SHOW COLUMNS FROM `sb_member` [ RunTime:0.0162s ]
SQL: SELECT * FROM `sb_member` WHERE `mid` = 1445483267 LIMIT 1   [ RunTime:0.0146s ]
SQL: SHOW COLUMNS FROM `sb_memberstatus` [ RunTime:0.0172s ]
SQL: SELECT * FROM `sb_memberstatus` WHERE `id` = 1 LIMIT 1   [ RunTime:0.0160s ]
SQL: SHOW COLUMNS FROM `sb_repayrule` [ RunTime:0.0165s ]
SQL: SELECT * FROM `sb_member` WHERE `mid` = 0 LIMIT 1   [ RunTime:0.0199s ]
SQL: SELECT * FROM `sb_memberstatus` WHERE `id` = null LIMIT 1   [ RunTime:0.0171s ]
SQL: SELECT * FROM `sb_repayrule` WHERE `id` = null LIMIT 1   [ RunTime:0.0173s ]

[ 2015-10-30T22:41:45+08:00 ] 127.0.0.1 /lxt/index.php/Home/Index/index.html
INFO: [ app_init ] --START--
INFO: Run Behavior\BuildLiteBehavior [ RunTime:0.000023s ]
INFO: [ app_init ] --END-- [ RunTime:0.000464s ]
INFO: [ app_begin ] --START--
INFO: Run Behavior\ReadHtmlCacheBehavior [ RunTime:0.000456s ]
INFO: [ app_begin ] --END-- [ RunTime:0.000496s ]
SQL: SHOW COLUMNS FROM `sb_member` [ RunTime:0.0230s ]
SQL: SELECT * FROM `sb_member` WHERE `mid` = 1445483267 LIMIT 1   [ RunTime:0.0202s ]
SQL: SHOW COLUMNS FROM `sb_memberstatus` [ RunTime:0.0210s ]
SQL: SELECT * FROM `sb_memberstatus` WHERE `id` = 1 LIMIT 1   [ RunTime:0.0340s ]
SQL: SHOW COLUMNS FROM `sb_repayrule` [ RunTime:0.0172s ]
SQL: SELECT * FROM `sb_member` WHERE `mid` = 0 LIMIT 1   [ RunTime:0.0166s ]
SQL: SELECT * FROM `sb_memberstatus` WHERE `id` = null LIMIT 1   [ RunTime:0.0175s ]
SQL: SELECT * FROM `sb_repayrule` WHERE `id` = null LIMIT 1   [ RunTime:0.0152s ]
SQL: SHOW COLUMNS FROM `sb_order` [ RunTime:0.0152s ]
SQL: SELECT `mid`,`createtime`,`money` FROM `sb_order` WHERE `mid` = 1445483267  [ RunTime:0.0161s ]
NOTIC: [8] Use of undefined constant dbejsa - assumed 'dbejsa' C:\xampp\htdocs\lxt\lxt\Home\Model\OrderModel.class.php 第 14 行.
SQL: SELECT * FROM `sb_member` WHERE `mid` = 1445483267 LIMIT 1   [ RunTime:0.0196s ]
SQL: SELECT * FROM `sb_memberstatus` WHERE `id` = 1 LIMIT 1   [ RunTime:0.0161s ]

[ 2015-10-30T22:43:15+08:00 ] 127.0.0.1 /lxt/index.php/Home/Index/index.html
INFO: [ app_init ] --START--
INFO: Run Behavior\BuildLiteBehavior [ RunTime:0.000017s ]
INFO: [ app_init ] --END-- [ RunTime:0.000417s ]
INFO: [ app_begin ] --START--
INFO: Run Behavior\ReadHtmlCacheBehavior [ RunTime:0.000466s ]
INFO: [ app_begin ] --END-- [ RunTime:0.000529s ]
SQL: SHOW COLUMNS FROM `sb_member` [ RunTime:0.0208s ]
SQL: SELECT * FROM `sb_member` WHERE `mid` = 1445483267 LIMIT 1   [ RunTime:0.0126s ]
SQL: SHOW COLUMNS FROM `sb_memberstatus` [ RunTime:0.0200s ]
SQL: SELECT * FROM `sb_memberstatus` WHERE `id` = 1 LIMIT 1   [ RunTime:0.0154s ]
SQL: SHOW COLUMNS FROM `sb_repayrule` [ RunTime:0.0163s ]
SQL: SELECT * FROM `sb_member` WHERE `mid` = 1445483267 LIMIT 1   [ RunTime:0.0170s ]
SQL: SELECT * FROM `sb_memberstatus` WHERE `id` = 1 LIMIT 1   [ RunTime:0.0146s ]
SQL: SELECT * FROM `sb_repayrule` WHERE `id` = 1 LIMIT 1   [ RunTime:0.0144s ]
SQL: SHOW COLUMNS FROM `sb_order` [ RunTime:0.0189s ]
SQL: SELECT `mid`,`createtime`,`money` FROM `sb_order` WHERE `mid` = 1445483267  [ RunTime:0.0147s ]
NOTIC: [8] Use of undefined constant dbejsa - assumed 'dbejsa' C:\xampp\htdocs\lxt\lxt\Home\Model\OrderModel.class.php 第 14 行.
SQL: SELECT * FROM `sb_member` WHERE `mid` = 1445483267 LIMIT 1   [ RunTime:0.0162s ]
SQL: SELECT * FROM `sb_memberstatus` WHERE `id` = 1 LIMIT 1   [ RunTime:0.0205s ]

[ 2015-10-30T22:49:36+08:00 ] 127.0.0.1 /lxt/index.php/Home/Index/index.html
INFO: [ app_init ] --START--
INFO: Run Behavior\BuildLiteBehavior [ RunTime:0.000024s ]
INFO: [ app_init ] --END-- [ RunTime:0.000340s ]
INFO: [ app_begin ] --START--
INFO: Run Behavior\ReadHtmlCacheBehavior [ RunTime:0.000420s ]
INFO: [ app_begin ] --END-- [ RunTime:0.000465s ]
SQL: SHOW COLUMNS FROM `sb_member` [ RunTime:0.0168s ]
SQL: SELECT * FROM `sb_member` WHERE `mid` = 1445483267 LIMIT 1   [ RunTime:0.0173s ]
SQL: SHOW COLUMNS FROM `sb_memberstatus` [ RunTime:0.0184s ]
SQL: SELECT * FROM `sb_memberstatus` WHERE `id` = 1 LIMIT 1   [ RunTime:0.0168s ]
SQL: SHOW COLUMNS FROM `sb_repayrule` [ RunTime:0.0176s ]
SQL: SELECT * FROM `sb_member` WHERE `mid` = 1445483267 LIMIT 1   [ RunTime:0.0190s ]
SQL: SELECT * FROM `sb_memberstatus` WHERE `id` = 1 LIMIT 1   [ RunTime:0.0143s ]
SQL: SELECT * FROM `sb_repayrule` WHERE `id` = 1 LIMIT 1   [ RunTime:0.0173s ]
SQL: SHOW COLUMNS FROM `sb_order` [ RunTime:0.0188s ]
SQL: SELECT `mid`,`createtime`,`money` FROM `sb_order` WHERE `mid` = 1445483267  [ RunTime:0.0143s ]
NOTIC: [8] Use of undefined constant dbejsa - assumed 'dbejsa' C:\xampp\htdocs\lxt\lxt\Home\Model\OrderModel.class.php 第 14 行.
SQL: SELECT * FROM `sb_member` WHERE `mid` = 1445483267 LIMIT 1   [ RunTime:0.0166s ]
SQL: SELECT * FROM `sb_memberstatus` WHERE `id` = 1 LIMIT 1   [ RunTime:0.0142s ]

[ 2015-10-30T22:49:37+08:00 ] 127.0.0.1 /lxt/index.php/Home/Index/index.html
INFO: [ app_init ] --START--
INFO: Run Behavior\BuildLiteBehavior [ RunTime:0.000011s ]
INFO: [ app_init ] --END-- [ RunTime:0.000253s ]
INFO: [ app_begin ] --START--
INFO: Run Behavior\ReadHtmlCacheBehavior [ RunTime:0.000325s ]
INFO: [ app_begin ] --END-- [ RunTime:0.000362s ]
SQL: SHOW COLUMNS FROM `sb_member` [ RunTime:0.0172s ]
SQL: SELECT * FROM `sb_member` WHERE `mid` = 1445483267 LIMIT 1   [ RunTime:0.0140s ]
SQL: SHOW COLUMNS FROM `sb_memberstatus` [ RunTime:0.0149s ]
SQL: SELECT * FROM `sb_memberstatus` WHERE `id` = 1 LIMIT 1   [ RunTime:0.0114s ]
SQL: SHOW COLUMNS FROM `sb_repayrule` [ RunTime:0.0142s ]
SQL: SELECT * FROM `sb_member` WHERE `mid` = 1445483267 LIMIT 1   [ RunTime:0.0149s ]
SQL: SELECT * FROM `sb_memberstatus` WHERE `id` = 1 LIMIT 1   [ RunTime:0.0120s ]
SQL: SELECT * FROM `sb_repayrule` WHERE `id` = 1 LIMIT 1   [ RunTime:0.0131s ]
SQL: SHOW COLUMNS FROM `sb_order` [ RunTime:0.0136s ]
SQL: SELECT `mid`,`createtime`,`money` FROM `sb_order` WHERE `mid` = 1445483267  [ RunTime:0.0153s ]
NOTIC: [8] Use of undefined constant dbejsa - assumed 'dbejsa' C:\xampp\htdocs\lxt\lxt\Home\Model\OrderModel.class.php 第 14 行.
SQL: SELECT * FROM `sb_member` WHERE `mid` = 1445483267 LIMIT 1   [ RunTime:0.0156s ]
SQL: SELECT * FROM `sb_memberstatus` WHERE `id` = 1 LIMIT 1   [ RunTime:0.0145s ]

[ 2015-10-30T22:49:38+08:00 ] 127.0.0.1 /lxt/index.php/Home/Index/index.html
INFO: [ app_init ] --START--
INFO: Run Behavior\BuildLiteBehavior [ RunTime:0.000011s ]
INFO: [ app_init ] --END-- [ RunTime:0.000284s ]
INFO: [ app_begin ] --START--
INFO: Run Behavior\ReadHtmlCacheBehavior [ RunTime:0.000896s ]
INFO: [ app_begin ] --END-- [ RunTime:0.001005s ]
SQL: SHOW COLUMNS FROM `sb_member` [ RunTime:0.0327s ]
SQL: SELECT * FROM `sb_member` WHERE `mid` = 1445483267 LIMIT 1   [ RunTime:0.0243s ]
SQL: SHOW COLUMNS FROM `sb_memberstatus` [ RunTime:0.0202s ]
SQL: SELECT * FROM `sb_memberstatus` WHERE `id` = 1 LIMIT 1   [ RunTime:0.0194s ]
SQL: SHOW COLUMNS FROM `sb_repayrule` [ RunTime:0.0150s ]
SQL: SELECT * FROM `sb_member` WHERE `mid` = 1445483267 LIMIT 1   [ RunTime:0.0249s ]
SQL: SELECT * FROM `sb_memberstatus` WHERE `id` = 1 LIMIT 1   [ RunTime:0.0159s ]
SQL: SELECT * FROM `sb_repayrule` WHERE `id` = 1 LIMIT 1   [ RunTime:0.0187s ]
SQL: SHOW COLUMNS FROM `sb_order` [ RunTime:0.0166s ]
SQL: SELECT `mid`,`createtime`,`money` FROM `sb_order` WHERE `mid` = 1445483267  [ RunTime:0.0162s ]
NOTIC: [8] Use of undefined constant dbejsa - assumed 'dbejsa' C:\xampp\htdocs\lxt\lxt\Home\Model\OrderModel.class.php 第 14 行.
SQL: SELECT * FROM `sb_member` WHERE `mid` = 1445483267 LIMIT 1   [ RunTime:0.0160s ]
SQL: SELECT * FROM `sb_memberstatus` WHERE `id` = 1 LIMIT 1   [ RunTime:0.0138s ]

[ 2015-10-30T22:49:57+08:00 ] 127.0.0.1 /lxt/index.php/Home/Index/index.html
INFO: [ app_init ] --START--
INFO: Run Behavior\BuildLiteBehavior [ RunTime:0.000016s ]
INFO: [ app_init ] --END-- [ RunTime:0.000751s ]
INFO: [ app_begin ] --START--
INFO: Run Behavior\ReadHtmlCacheBehavior [ RunTime:0.000575s ]
INFO: [ app_begin ] --END-- [ RunTime:0.000626s ]
SQL: SHOW COLUMNS FROM `sb_member` [ RunTime:0.0168s ]
SQL: SELECT * FROM `sb_member` WHERE `mid` = 1445483267 LIMIT 1   [ RunTime:0.0134s ]
SQL: SHOW COLUMNS FROM `sb_memberstatus` [ RunTime:0.0131s ]
SQL: SELECT * FROM `sb_memberstatus` WHERE `id` = 1 LIMIT 1   [ RunTime:0.0167s ]
SQL: SHOW COLUMNS FROM `sb_repayrule` [ RunTime:0.0149s ]
SQL: SELECT * FROM `sb_member` WHERE `mid` = 1445483267 LIMIT 1   [ RunTime:0.0160s ]
SQL: SELECT * FROM `sb_memberstatus` WHERE `id` = 1 LIMIT 1   [ RunTime:0.0171s ]
SQL: SELECT * FROM `sb_repayrule` WHERE `id` = 1 LIMIT 1   [ RunTime:0.0123s ]
SQL: SHOW COLUMNS FROM `sb_order` [ RunTime:0.0177s ]
SQL: SELECT `mid`,`createtime`,`money` FROM `sb_order` WHERE `mid` = 1445483267  [ RunTime:0.0209s ]
NOTIC: [8] Use of undefined constant dbejsa - assumed 'dbejsa' C:\xampp\htdocs\lxt\lxt\Home\Model\OrderModel.class.php 第 14 行.
NOTIC: [8] Use of undefined constant getRule - assumed 'getRule' C:\xampp\htdocs\lxt\lxt\Home\Model\OrderModel.class.php 第 15 行.
SQL: SELECT * FROM `sb_member` WHERE `mid` = 1445483267 LIMIT 1   [ RunTime:0.0224s ]
SQL: SELECT * FROM `sb_memberstatus` WHERE `id` = 1 LIMIT 1   [ RunTime:0.0138s ]
SQL: SELECT * FROM `sb_member` WHERE `mid` = 1445483267 LIMIT 1   [ RunTime:0.0188s ]
SQL: SELECT * FROM `sb_memberstatus` WHERE `id` = 1 LIMIT 1   [ RunTime:0.0141s ]
SQL: SELECT * FROM `sb_repayrule` WHERE `id` = 1 LIMIT 1   [ RunTime:0.0130s ]

[ 2015-10-30T22:49:58+08:00 ] 127.0.0.1 /lxt/index.php/Home/Index/index.html
INFO: [ app_init ] --START--
INFO: Run Behavior\BuildLiteBehavior [ RunTime:0.000011s ]
INFO: [ app_init ] --END-- [ RunTime:0.000268s ]
INFO: [ app_begin ] --START--
INFO: Run Behavior\ReadHtmlCacheBehavior [ RunTime:0.000355s ]
INFO: [ app_begin ] --END-- [ RunTime:0.000407s ]
SQL: SHOW COLUMNS FROM `sb_member` [ RunTime:0.0290s ]
SQL: SELECT * FROM `sb_member` WHERE `mid` = 1445483267 LIMIT 1   [ RunTime:0.0248s ]
SQL: SHOW COLUMNS FROM `sb_memberstatus` [ RunTime:0.0451s ]
SQL: SELECT * FROM `sb_memberstatus` WHERE `id` = 1 LIMIT 1   [ RunTime:0.0310s ]
SQL: SHOW COLUMNS FROM `sb_repayrule` [ RunTime:0.0300s ]
SQL: SELECT * FROM `sb_member` WHERE `mid` = 1445483267 LIMIT 1   [ RunTime:0.0245s ]
SQL: SELECT * FROM `sb_memberstatus` WHERE `id` = 1 LIMIT 1   [ RunTime:0.0271s ]
SQL: SELECT * FROM `sb_repayrule` WHERE `id` = 1 LIMIT 1   [ RunTime:0.0256s ]
SQL: SHOW COLUMNS FROM `sb_order` [ RunTime:0.0258s ]
SQL: SELECT `mid`,`createtime`,`money` FROM `sb_order` WHERE `mid` = 1445483267  [ RunTime:0.0236s ]
NOTIC: [8] Use of undefined constant dbejsa - assumed 'dbejsa' C:\xampp\htdocs\lxt\lxt\Home\Model\OrderModel.class.php 第 14 行.
NOTIC: [8] Use of undefined constant getRule - assumed 'getRule' C:\xampp\htdocs\lxt\lxt\Home\Model\OrderModel.class.php 第 15 行.
SQL: SELECT * FROM `sb_member` WHERE `mid` = 1445483267 LIMIT 1   [ RunTime:0.0232s ]
SQL: SELECT * FROM `sb_memberstatus` WHERE `id` = 1 LIMIT 1   [ RunTime:0.0442s ]
SQL: SELECT * FROM `sb_member` WHERE `mid` = 1445483267 LIMIT 1   [ RunTime:0.0224s ]
SQL: SELECT * FROM `sb_memberstatus` WHERE `id` = 1 LIMIT 1   [ RunTime:0.0218s ]
SQL: SELECT * FROM `sb_repayrule` WHERE `id` = 1 LIMIT 1   [ RunTime:0.0267s ]

[ 2015-10-30T22:57:57+08:00 ] 127.0.0.1 /lxt/index.php/Home/Index/index.html
INFO: [ app_init ] --START--
INFO: Run Behavior\BuildLiteBehavior [ RunTime:0.000013s ]
INFO: [ app_init ] --END-- [ RunTime:0.000394s ]
INFO: [ app_begin ] --START--
INFO: Run Behavior\ReadHtmlCacheBehavior [ RunTime:0.000589s ]
INFO: [ app_begin ] --END-- [ RunTime:0.000648s ]
SQL: SHOW COLUMNS FROM `sb_member` [ RunTime:0.0175s ]
SQL: SELECT * FROM `sb_member` WHERE `mid` = 1445483267 LIMIT 1   [ RunTime:0.0158s ]
SQL: SHOW COLUMNS FROM `sb_memberstatus` [ RunTime:0.0172s ]
SQL: SELECT * FROM `sb_memberstatus` WHERE `id` = 1 LIMIT 1   [ RunTime:0.0183s ]

[ 2015-10-30T22:58:51+08:00 ] 127.0.0.1 /lxt/index.php/Home/Index/index.html
INFO: [ app_init ] --START--
INFO: Run Behavior\BuildLiteBehavior [ RunTime:0.000010s ]
INFO: [ app_init ] --END-- [ RunTime:0.000283s ]
INFO: [ app_begin ] --START--
INFO: Run Behavior\ReadHtmlCacheBehavior [ RunTime:0.000393s ]
INFO: [ app_begin ] --END-- [ RunTime:0.000430s ]
SQL: SHOW COLUMNS FROM `sb_member` [ RunTime:0.0175s ]
SQL: SELECT * FROM `sb_member` WHERE `mid` = 1445483267 LIMIT 1   [ RunTime:0.0117s ]
SQL: SHOW COLUMNS FROM `sb_memberstatus` [ RunTime:0.0173s ]
SQL: SELECT * FROM `sb_memberstatus` WHERE `id` = 1 LIMIT 1   [ RunTime:0.0148s ]
SQL: SHOW COLUMNS FROM `sb_repayrule` [ RunTime:0.0132s ]
SQL: SELECT * FROM `sb_member` WHERE `mid` = 1445483267 LIMIT 1   [ RunTime:0.0153s ]
SQL: SELECT * FROM `sb_memberstatus` WHERE `id` = 1 LIMIT 1   [ RunTime:0.0163s ]
SQL: SELECT * FROM `sb_repayrule` WHERE `id` = 1 LIMIT 1   [ RunTime:0.0200s ]
SQL: SHOW COLUMNS FROM `sb_order` [ RunTime:0.0158s ]
SQL: SELECT `mid`,`createtime`,`money` FROM `sb_order` WHERE `mid` = 1445483267  [ RunTime:0.0119s ]
NOTIC: [8] Use of undefined constant dbejsa - assumed 'dbejsa' C:\xampp\htdocs\lxt\lxt\Home\Model\OrderModel.class.php 第 14 行.
NOTIC: [8] Use of undefined constant getrule - assumed 'getrule' C:\xampp\htdocs\lxt\lxt\Home\Model\OrderModel.class.php 第 15 行.
SQL: SELECT * FROM `sb_member` WHERE `mid` = 1445483267 LIMIT 1   [ RunTime:0.0123s ]
SQL: SELECT * FROM `sb_memberstatus` WHERE `id` = 1 LIMIT 1   [ RunTime:0.0134s ]
SQL: SELECT * FROM `sb_member` WHERE `mid` = 1445483267 LIMIT 1   [ RunTime:0.0120s ]
SQL: SELECT * FROM `sb_memberstatus` WHERE `id` = 1 LIMIT 1   [ RunTime:0.0229s ]
SQL: SELECT * FROM `sb_repayrule` WHERE `id` = 1 LIMIT 1   [ RunTime:0.0155s ]

[ 2015-10-30T22:58:53+08:00 ] 127.0.0.1 /lxt/index.php/Home/Index/index.html
INFO: [ app_init ] --START--
INFO: Run Behavior\BuildLiteBehavior [ RunTime:0.000014s ]
INFO: [ app_init ] --END-- [ RunTime:0.000347s ]
INFO: [ app_begin ] --START--
INFO: Run Behavior\ReadHtmlCacheBehavior [ RunTime:0.000831s ]
INFO: [ app_begin ] --END-- [ RunTime:0.000928s ]
SQL: SHOW COLUMNS FROM `sb_member` [ RunTime:0.4339s ]
SQL: SELECT * FROM `sb_member` WHERE `mid` = 1445483267 LIMIT 1   [ RunTime:0.0157s ]
SQL: SHOW COLUMNS FROM `sb_memberstatus` [ RunTime:0.0164s ]
SQL: SELECT * FROM `sb_memberstatus` WHERE `id` = 1 LIMIT 1   [ RunTime:0.0129s ]
SQL: SHOW COLUMNS FROM `sb_repayrule` [ RunTime:0.0116s ]
SQL: SELECT * FROM `sb_member` WHERE `mid` = 1445483267 LIMIT 1   [ RunTime:0.0142s ]
SQL: SELECT * FROM `sb_memberstatus` WHERE `id` = 1 LIMIT 1   [ RunTime:0.0148s ]
SQL: SELECT * FROM `sb_repayrule` WHERE `id` = 1 LIMIT 1   [ RunTime:0.0139s ]
SQL: SHOW COLUMNS FROM `sb_order` [ RunTime:0.0148s ]
SQL: SELECT `mid`,`createtime`,`money` FROM `sb_order` WHERE `mid` = 1445483267  [ RunTime:0.0154s ]
NOTIC: [8] Use of undefined constant dbejsa - assumed 'dbejsa' C:\xampp\htdocs\lxt\lxt\Home\Model\OrderModel.class.php 第 14 行.
NOTIC: [8] Use of undefined constant getrule - assumed 'getrule' C:\xampp\htdocs\lxt\lxt\Home\Model\OrderModel.class.php 第 15 行.
SQL: SELECT * FROM `sb_member` WHERE `mid` = 1445483267 LIMIT 1   [ RunTime:0.0150s ]
SQL: SELECT * FROM `sb_memberstatus` WHERE `id` = 1 LIMIT 1   [ RunTime:0.0118s ]
SQL: SELECT * FROM `sb_member` WHERE `mid` = 1445483267 LIMIT 1   [ RunTime:0.0157s ]
SQL: SELECT * FROM `sb_memberstatus` WHERE `id` = 1 LIMIT 1   [ RunTime:0.0142s ]
SQL: SELECT * FROM `sb_repayrule` WHERE `id` = 1 LIMIT 1   [ RunTime:0.0162s ]

[ 2015-10-30T22:59:26+08:00 ] 127.0.0.1 /lxt/index.php/Home/Index/index.html
INFO: [ app_init ] --START--
INFO: Run Behavior\BuildLiteBehavior [ RunTime:0.000009s ]
INFO: [ app_init ] --END-- [ RunTime:0.000257s ]
INFO: [ app_begin ] --START--
INFO: Run Behavior\ReadHtmlCacheBehavior [ RunTime:0.000354s ]
INFO: [ app_begin ] --END-- [ RunTime:0.000394s ]
SQL: SHOW COLUMNS FROM `sb_member` [ RunTime:0.0176s ]
SQL: SELECT * FROM `sb_member` WHERE `mid` = 1445483267 LIMIT 1   [ RunTime:0.0119s ]
SQL: SHOW COLUMNS FROM `sb_memberstatus` [ RunTime:0.0164s ]
SQL: SELECT * FROM `sb_memberstatus` WHERE `id` = 1 LIMIT 1   [ RunTime:0.0143s ]
SQL: SHOW COLUMNS FROM `sb_repayrule` [ RunTime:0.0168s ]
SQL: SELECT * FROM `sb_member` WHERE `mid` = 1445483267 LIMIT 1   [ RunTime:0.0140s ]
SQL: SELECT * FROM `sb_memberstatus` WHERE `id` = 1 LIMIT 1   [ RunTime:0.0147s ]
SQL: SELECT * FROM `sb_repayrule` WHERE `id` = 1 LIMIT 1   [ RunTime:0.0135s ]
SQL: SHOW COLUMNS FROM `sb_order` [ RunTime:0.0143s ]
SQL: SELECT `mid`,`createtime`,`money` FROM `sb_order` WHERE `mid` = 1445483267  [ RunTime:0.0138s ]
NOTIC: [8] Use of undefined constant dbejsa - assumed 'dbejsa' C:\xampp\htdocs\lxt\lxt\Home\Model\OrderModel.class.php 第 14 行.
SQL: SELECT * FROM `sb_member` WHERE `mid` = 1445483267 LIMIT 1   [ RunTime:0.0114s ]
SQL: SELECT * FROM `sb_memberstatus` WHERE `id` = 1 LIMIT 1   [ RunTime:0.0129s ]
SQL: SELECT * FROM `sb_member` WHERE `mid` = 1445483267 LIMIT 1   [ RunTime:0.0128s ]
SQL: SELECT * FROM `sb_memberstatus` WHERE `id` = 1 LIMIT 1   [ RunTime:0.0136s ]
SQL: SELECT * FROM `sb_repayrule` WHERE `id` = 1 LIMIT 1   [ RunTime:0.0134s ]

[ 2015-10-30T22:59:27+08:00 ] 127.0.0.1 /lxt/index.php/Home/Index/index.html
INFO: [ app_init ] --START--
INFO: Run Behavior\BuildLiteBehavior [ RunTime:0.000010s ]
INFO: [ app_init ] --END-- [ RunTime:0.000240s ]
INFO: [ app_begin ] --START--
INFO: Run Behavior\ReadHtmlCacheBehavior [ RunTime:0.000319s ]
INFO: [ app_begin ] --END-- [ RunTime:0.000356s ]
SQL: SHOW COLUMNS FROM `sb_member` [ RunTime:0.0172s ]
SQL: SELECT * FROM `sb_member` WHERE `mid` = 1445483267 LIMIT 1   [ RunTime:0.0138s ]
SQL: SHOW COLUMNS FROM `sb_memberstatus` [ RunTime:0.0162s ]
SQL: SELECT * FROM `sb_memberstatus` WHERE `id` = 1 LIMIT 1   [ RunTime:0.0163s ]
SQL: SHOW COLUMNS FROM `sb_repayrule` [ RunTime:0.0209s ]
SQL: SELECT * FROM `sb_member` WHERE `mid` = 1445483267 LIMIT 1   [ RunTime:0.0171s ]
SQL: SELECT * FROM `sb_memberstatus` WHERE `id` = 1 LIMIT 1   [ RunTime:0.0176s ]
SQL: SELECT * FROM `sb_repayrule` WHERE `id` = 1 LIMIT 1   [ RunTime:0.0163s ]
SQL: SHOW COLUMNS FROM `sb_order` [ RunTime:0.0149s ]
SQL: SELECT `mid`,`createtime`,`money` FROM `sb_order` WHERE `mid` = 1445483267  [ RunTime:0.0192s ]
NOTIC: [8] Use of undefined constant dbejsa - assumed 'dbejsa' C:\xampp\htdocs\lxt\lxt\Home\Model\OrderModel.class.php 第 14 行.
SQL: SELECT * FROM `sb_member` WHERE `mid` = 1445483267 LIMIT 1   [ RunTime:0.0167s ]
SQL: SELECT * FROM `sb_memberstatus` WHERE `id` = 1 LIMIT 1   [ RunTime:0.0180s ]
SQL: SELECT * FROM `sb_member` WHERE `mid` = 1445483267 LIMIT 1   [ RunTime:0.0177s ]
SQL: SELECT * FROM `sb_memberstatus` WHERE `id` = 1 LIMIT 1   [ RunTime:0.0139s ]
SQL: SELECT * FROM `sb_repayrule` WHERE `id` = 1 LIMIT 1   [ RunTime:0.0168s ]

[ 2015-10-30T22:59:47+08:00 ] 127.0.0.1 /lxt/index.php/Home/Index/index.html
INFO: [ app_init ] --START--
INFO: Run Behavior\BuildLiteBehavior [ RunTime:0.000009s ]
INFO: [ app_init ] --END-- [ RunTime:0.000239s ]
INFO: [ app_begin ] --START--
INFO: Run Behavior\ReadHtmlCacheBehavior [ RunTime:0.000319s ]
INFO: [ app_begin ] --END-- [ RunTime:0.000398s ]
SQL: SHOW COLUMNS FROM `sb_member` [ RunTime:0.0152s ]
SQL: SELECT * FROM `sb_member` WHERE `mid` = 1445483267 LIMIT 1   [ RunTime:0.0173s ]
SQL: SHOW COLUMNS FROM `sb_memberstatus` [ RunTime:0.0159s ]
SQL: SELECT * FROM `sb_memberstatus` WHERE `id` = 1 LIMIT 1   [ RunTime:0.0176s ]
SQL: SHOW COLUMNS FROM `sb_repayrule` [ RunTime:0.0158s ]
SQL: SELECT * FROM `sb_member` WHERE `mid` = 1445483267 LIMIT 1   [ RunTime:0.0132s ]
SQL: SELECT * FROM `sb_memberstatus` WHERE `id` = 1 LIMIT 1   [ RunTime:0.0118s ]
SQL: SELECT * FROM `sb_repayrule` WHERE `id` = 1 LIMIT 1   [ RunTime:0.0180s ]
SQL: SHOW COLUMNS FROM `sb_order` [ RunTime:0.0152s ]
SQL: SELECT `mid`,`createtime`,`money` FROM `sb_order` WHERE `mid` = 1445483267  [ RunTime:0.0127s ]
NOTIC: [8] Use of undefined constant dbejsa - assumed 'dbejsa' C:\xampp\htdocs\lxt\lxt\Home\Model\OrderModel.class.php 第 14 行.
SQL: SELECT * FROM `sb_member` WHERE `mid` = 1445483267 LIMIT 1   [ RunTime:0.0213s ]
SQL: SELECT * FROM `sb_memberstatus` WHERE `id` = 1 LIMIT 1   [ RunTime:0.0152s ]
SQL: SELECT * FROM `sb_member` WHERE `mid` = 1445483267 LIMIT 1   [ RunTime:0.0140s ]
SQL: SELECT * FROM `sb_memberstatus` WHERE `id` = 1 LIMIT 1   [ RunTime:0.0157s ]
SQL: SELECT * FROM `sb_repayrule` WHERE `id` = 1 LIMIT 1   [ RunTime:0.0221s ]

[ 2015-10-30T22:59:48+08:00 ] 127.0.0.1 /lxt/index.php/Home/Index/index.html
INFO: [ app_init ] --START--
INFO: Run Behavior\BuildLiteBehavior [ RunTime:0.000010s ]
INFO: [ app_init ] --END-- [ RunTime:0.000247s ]
INFO: [ app_begin ] --START--
INFO: Run Behavior\ReadHtmlCacheBehavior [ RunTime:0.000321s ]
INFO: [ app_begin ] --END-- [ RunTime:0.000358s ]
SQL: SHOW COLUMNS FROM `sb_member` [ RunTime:0.0192s ]
SQL: SELECT * FROM `sb_member` WHERE `mid` = 1445483267 LIMIT 1   [ RunTime:0.0143s ]
SQL: SHOW COLUMNS FROM `sb_memberstatus` [ RunTime:0.0266s ]
SQL: SELECT * FROM `sb_memberstatus` WHERE `id` = 1 LIMIT 1   [ RunTime:0.0142s ]
SQL: SHOW COLUMNS FROM `sb_repayrule` [ RunTime:0.0185s ]
SQL: SELECT * FROM `sb_member` WHERE `mid` = 1445483267 LIMIT 1   [ RunTime:0.0152s ]
SQL: SELECT * FROM `sb_memberstatus` WHERE `id` = 1 LIMIT 1   [ RunTime:0.0182s ]
SQL: SELECT * FROM `sb_repayrule` WHERE `id` = 1 LIMIT 1   [ RunTime:0.0121s ]
SQL: SHOW COLUMNS FROM `sb_order` [ RunTime:0.0215s ]
SQL: SELECT `mid`,`createtime`,`money` FROM `sb_order` WHERE `mid` = 1445483267  [ RunTime:0.0158s ]
NOTIC: [8] Use of undefined constant dbejsa - assumed 'dbejsa' C:\xampp\htdocs\lxt\lxt\Home\Model\OrderModel.class.php 第 14 行.
SQL: SELECT * FROM `sb_member` WHERE `mid` = 1445483267 LIMIT 1   [ RunTime:0.0164s ]
SQL: SELECT * FROM `sb_memberstatus` WHERE `id` = 1 LIMIT 1   [ RunTime:0.0127s ]
SQL: SELECT * FROM `sb_member` WHERE `mid` = 1445483267 LIMIT 1   [ RunTime:0.0147s ]
SQL: SELECT * FROM `sb_memberstatus` WHERE `id` = 1 LIMIT 1   [ RunTime:0.0126s ]
SQL: SELECT * FROM `sb_repayrule` WHERE `id` = 1 LIMIT 1   [ RunTime:0.0140s ]

[ 2015-10-30T23:00:38+08:00 ] 127.0.0.1 /lxt/index.php/Home/Index/index.html
INFO: [ app_init ] --START--
INFO: Run Behavior\BuildLiteBehavior [ RunTime:0.000013s ]
INFO: [ app_init ] --END-- [ RunTime:0.000330s ]
INFO: [ app_begin ] --START--
INFO: Run Behavior\ReadHtmlCacheBehavior [ RunTime:0.000479s ]
INFO: [ app_begin ] --END-- [ RunTime:0.000529s ]
NOTIC: [2] PDO::__construct():  C:\xampp\htdocs\lxt\ThinkPHP\Library\Think\Db\Driver.class.php 第 103 行.
ERR: SQLSTATE[HY000] [2002] php_network_getaddresses: getaddrinfo failed: ֪ 

[ 2015-10-30T23:16:46+08:00 ] 127.0.0.1 /lxt/index.php/Home/Index/index.html
INFO: [ app_init ] --START--
INFO: Run Behavior\BuildLiteBehavior [ RunTime:0.000010s ]
INFO: [ app_init ] --END-- [ RunTime:0.000270s ]
INFO: [ app_begin ] --START--
INFO: Run Behavior\ReadHtmlCacheBehavior [ RunTime:0.000410s ]
INFO: [ app_begin ] --END-- [ RunTime:0.000448s ]
SQL: SHOW COLUMNS FROM `sb_member` [ RunTime:0.0407s ]
SQL: SELECT * FROM `sb_member` WHERE `mid` = 1445483267 LIMIT 1   [ RunTime:0.0592s ]
SQL: SHOW COLUMNS FROM `sb_memberstatus` [ RunTime:0.0495s ]
SQL: SELECT * FROM `sb_memberstatus` WHERE `id` = 1 LIMIT 1   [ RunTime:0.0628s ]

[ 2015-10-30T23:17:27+08:00 ] 127.0.0.1 /lxt/index.php/Home/Index/index.html
INFO: [ app_init ] --START--
INFO: Run Behavior\BuildLiteBehavior [ RunTime:0.000010s ]
INFO: [ app_init ] --END-- [ RunTime:0.000266s ]
INFO: [ app_begin ] --START--
INFO: Run Behavior\ReadHtmlCacheBehavior [ RunTime:0.000390s ]
INFO: [ app_begin ] --END-- [ RunTime:0.000426s ]
SQL: SHOW COLUMNS FROM `sb_member` [ RunTime:0.0433s ]
SQL: SELECT * FROM `sb_member` WHERE `mid` = 1445483267 LIMIT 1   [ RunTime:0.0497s ]
SQL: SHOW COLUMNS FROM `sb_memberstatus` [ RunTime:0.0591s ]
SQL: SELECT * FROM `sb_memberstatus` WHERE `id` = 1 LIMIT 1   [ RunTime:0.0527s ]

[ 2015-10-30T23:17:42+08:00 ] 127.0.0.1 /lxt/index.php/Home/Index/index.html
INFO: [ app_init ] --START--
INFO: Run Behavior\BuildLiteBehavior [ RunTime:0.000014s ]
INFO: [ app_init ] --END-- [ RunTime:0.000273s ]
INFO: [ app_begin ] --START--
INFO: Run Behavior\ReadHtmlCacheBehavior [ RunTime:0.000346s ]
INFO: [ app_begin ] --END-- [ RunTime:0.000382s ]
SQL: SHOW COLUMNS FROM `sb_member` [ RunTime:0.0482s ]
SQL: SELECT * FROM `sb_member` WHERE `mid` = 1445483267 LIMIT 1   [ RunTime:0.0517s ]
SQL: SHOW COLUMNS FROM `sb_memberstatus` [ RunTime:0.0498s ]
SQL: SELECT * FROM `sb_memberstatus` WHERE `id` = 1 LIMIT 1   [ RunTime:0.0494s ]
SQL: SHOW COLUMNS FROM `sb_repayrule` [ RunTime:0.0503s ]
SQL: SELECT * FROM `sb_member` WHERE `mid` = 1445483267 LIMIT 1   [ RunTime:0.0809s ]
SQL: SELECT * FROM `sb_memberstatus` WHERE `id` = 1 LIMIT 1   [ RunTime:0.0497s ]
SQL: SELECT * FROM `sb_repayrule` WHERE `id` = 1 LIMIT 1   [ RunTime:0.0618s ]
SQL: SHOW COLUMNS FROM `sb_order` [ RunTime:0.0357s ]
SQL: SELECT `mid`,`createtime`,`money` FROM `sb_order` WHERE `mid` = 1445483267  [ RunTime:0.0501s ]
NOTIC: [8] Undefined variable: get_money C:\xampp\htdocs\lxt\lxt\Home\Model\OrderModel.class.php 第 20 行.

[ 2015-10-30T23:18:31+08:00 ] 127.0.0.1 /lxt/index.php/Home/Index/index.html
INFO: [ app_init ] --START--
INFO: Run Behavior\BuildLiteBehavior [ RunTime:0.000013s ]
INFO: [ app_init ] --END-- [ RunTime:0.000332s ]
INFO: [ app_begin ] --START--
INFO: Run Behavior\ReadHtmlCacheBehavior [ RunTime:0.000482s ]
INFO: [ app_begin ] --END-- [ RunTime:0.000532s ]
SQL: SHOW COLUMNS FROM `sb_member` [ RunTime:0.0399s ]
SQL: SELECT * FROM `sb_member` WHERE `mid` = 1445483267 LIMIT 1   [ RunTime:0.0508s ]
SQL: SHOW COLUMNS FROM `sb_memberstatus` [ RunTime:0.0700s ]
SQL: SELECT * FROM `sb_memberstatus` WHERE `id` = 1 LIMIT 1   [ RunTime:0.0547s ]
SQL: SHOW COLUMNS FROM `sb_repayrule` [ RunTime:0.0499s ]
SQL: SELECT * FROM `sb_member` WHERE `mid` = 1445483267 LIMIT 1   [ RunTime:0.0499s ]
SQL: SELECT * FROM `sb_memberstatus` WHERE `id` = 1 LIMIT 1   [ RunTime:0.0497s ]
SQL: SELECT * FROM `sb_repayrule` WHERE `id` = 1 LIMIT 1   [ RunTime:0.0794s ]
NOTIC: [8] Use of undefined constant dbejsa - assumed 'dbejsa' C:\xampp\htdocs\lxt\lxt\Home\Controller\IndexController.class.php 第 19 行.
SQL: SELECT * FROM `sb_member` WHERE `mid` = 1445483267 LIMIT 1   [ RunTime:0.0547s ]
SQL: SELECT * FROM `sb_memberstatus` WHERE `id` = 1 LIMIT 1   [ RunTime:0.0491s ]
SQL: SELECT * FROM `sb_member` WHERE `mid` = 1445483267 LIMIT 1   [ RunTime:0.0498s ]
SQL: SELECT * FROM `sb_memberstatus` WHERE `id` = 1 LIMIT 1   [ RunTime:0.0495s ]
SQL: SELECT * FROM `sb_repayrule` WHERE `id` = 1 LIMIT 1   [ RunTime:0.0510s ]

[ 2015-10-30T23:19:15+08:00 ] 127.0.0.1 /lxt/index.php/Home/Index/index.html
INFO: [ app_init ] --START--
INFO: Run Behavior\BuildLiteBehavior [ RunTime:0.000013s ]
INFO: [ app_init ] --END-- [ RunTime:0.000364s ]
INFO: [ app_begin ] --START--
INFO: Run Behavior\ReadHtmlCacheBehavior [ RunTime:0.000461s ]
INFO: [ app_begin ] --END-- [ RunTime:0.000531s ]
SQL: SHOW COLUMNS FROM `sb_member` [ RunTime:0.0525s ]
SQL: SELECT * FROM `sb_member` WHERE `mid` = 1445483267 LIMIT 1   [ RunTime:0.0486s ]
SQL: SHOW COLUMNS FROM `sb_memberstatus` [ RunTime:0.0507s ]
SQL: SELECT * FROM `sb_memberstatus` WHERE `id` = 1 LIMIT 1   [ RunTime:0.0484s ]
SQL: SHOW COLUMNS FROM `sb_repayrule` [ RunTime:0.0512s ]
SQL: SELECT * FROM `sb_member` WHERE `mid` = 1445483267 LIMIT 1   [ RunTime:0.0489s ]
SQL: SELECT * FROM `sb_memberstatus` WHERE `id` = 1 LIMIT 1   [ RunTime:0.0507s ]
SQL: SELECT * FROM `sb_repayrule` WHERE `id` = 1 LIMIT 1   [ RunTime:0.0824s ]
NOTIC: [8] Use of undefined constant dbejsa - assumed 'dbejsa' C:\xampp\htdocs\lxt\lxt\Home\Controller\IndexController.class.php 第 19 行.

[ 2015-10-30T23:19:51+08:00 ] 127.0.0.1 /lxt/index.php/Home/Index/index.html
INFO: [ app_init ] --START--
INFO: Run Behavior\BuildLiteBehavior [ RunTime:0.000014s ]
INFO: [ app_init ] --END-- [ RunTime:0.000421s ]
INFO: [ app_begin ] --START--
INFO: Run Behavior\ReadHtmlCacheBehavior [ RunTime:0.000635s ]
INFO: [ app_begin ] --END-- [ RunTime:0.000687s ]

[ 2015-10-30T23:19:51+08:00 ] 127.0.0.1 /lxt/index.php/Home/Login/index.html
INFO: [ app_init ] --START--
INFO: Run Behavior\BuildLiteBehavior [ RunTime:0.000013s ]
INFO: [ app_init ] --END-- [ RunTime:0.000361s ]
INFO: [ app_begin ] --START--
INFO: Run Behavior\ReadHtmlCacheBehavior [ RunTime:0.000494s ]
INFO: [ app_begin ] --END-- [ RunTime:0.000549s ]
INFO: [ view_parse ] --START--
INFO: [ template_filter ] --START--
INFO: Run Behavior\ContentReplaceBehavior [ RunTime:0.000044s ]
INFO: [ template_filter ] --END-- [ RunTime:0.000107s ]
INFO: Run Behavior\ParseTemplateBehavior [ RunTime:0.012367s ]
INFO: [ view_parse ] --END-- [ RunTime:0.012430s ]
INFO: [ view_filter ] --START--
INFO: Run Behavior\WriteHtmlCacheBehavior [ RunTime:0.000403s ]
INFO: [ view_filter ] --END-- [ RunTime:0.000447s ]
INFO: [ app_end ] --START--
INFO: Run Behavior\ShowPageTraceBehavior [ RunTime:0.000600s ]
INFO: [ app_end ] --END-- [ RunTime:0.000649s ]

[ 2015-10-30T23:19:53+08:00 ] 127.0.0.1 /lxt/index.php/Home/Login/handle.html
INFO: [ app_init ] --START--
INFO: Run Behavior\BuildLiteBehavior [ RunTime:0.000011s ]
INFO: [ app_init ] --END-- [ RunTime:0.000266s ]
INFO: [ app_begin ] --START--
INFO: Run Behavior\ReadHtmlCacheBehavior [ RunTime:0.000412s ]
INFO: [ app_begin ] --END-- [ RunTime:0.000449s ]
SQL: SHOW COLUMNS FROM `sb_member` [ RunTime:0.0711s ]
SQL: SELECT * FROM `sb_member` WHERE `mid` = 0 LIMIT 1   [ RunTime:0.0458s ]
SQL: SELECT * FROM `sb_member` WHERE `name` = '鲍蕾' LIMIT 1   [ RunTime:0.0465s ]

[ 2015-10-30T23:19:53+08:00 ] 127.0.0.1 /lxt/index.php/Home/Index/index.html
INFO: [ app_init ] --START--
INFO: Run Behavior\BuildLiteBehavior [ RunTime:0.000009s ]
INFO: [ app_init ] --END-- [ RunTime:0.000241s ]
INFO: [ app_begin ] --START--
INFO: Run Behavior\ReadHtmlCacheBehavior [ RunTime:0.000339s ]
INFO: [ app_begin ] --END-- [ RunTime:0.000377s ]
SQL: SHOW COLUMNS FROM `sb_member` [ RunTime:0.0532s ]
SQL: SELECT * FROM `sb_member` WHERE `mid` = 1445483267 LIMIT 1   [ RunTime:0.0767s ]
SQL: SHOW COLUMNS FROM `sb_memberstatus` [ RunTime:0.0659s ]
SQL: SELECT * FROM `sb_memberstatus` WHERE `id` = 1 LIMIT 1   [ RunTime:0.0617s ]
SQL: SHOW COLUMNS FROM `sb_repayrule` [ RunTime:0.0579s ]
SQL: SELECT * FROM `sb_member` WHERE `mid` = 1445483267 LIMIT 1   [ RunTime:0.0600s ]
SQL: SELECT * FROM `sb_memberstatus` WHERE `id` = 1 LIMIT 1   [ RunTime:0.0580s ]
SQL: SELECT * FROM `sb_repayrule` WHERE `id` = 1 LIMIT 1   [ RunTime:0.0614s ]
NOTIC: [8] Use of undefined constant dbejsa - assumed 'dbejsa' C:\xampp\htdocs\lxt\lxt\Home\Controller\IndexController.class.php 第 19 行.

