[ 2015-10-31T08:28:48+08:00 ] 127.0.0.1 /lxt/index.php/Home/Index/index.html
INFO: [ app_init ] --START--
INFO: Run Behavior\BuildLiteBehavior [ RunTime:0.000010s ]
INFO: [ app_init ] --END-- [ RunTime:0.000299s ]
INFO: [ app_begin ] --START--
INFO: Run Behavior\ReadHtmlCacheBehavior [ RunTime:0.000391s ]
INFO: [ app_begin ] --END-- [ RunTime:0.000428s ]

[ 2015-10-31T08:28:48+08:00 ] 127.0.0.1 /lxt/index.php/Home/Login/index.html
INFO: [ app_init ] --START--
INFO: Run Behavior\BuildLiteBehavior [ RunTime:0.000014s ]
INFO: [ app_init ] --END-- [ RunTime:0.000337s ]
INFO: [ app_begin ] --START--
INFO: Run Behavior\ReadHtmlCacheBehavior [ RunTime:0.000349s ]
INFO: [ app_begin ] --END-- [ RunTime:0.000395s ]
INFO: [ view_parse ] --START--
INFO: [ template_filter ] --START--
INFO: Run Behavior\ContentReplaceBehavior [ RunTime:0.000032s ]
INFO: [ template_filter ] --END-- [ RunTime:0.000068s ]
INFO: Run Behavior\ParseTemplateBehavior [ RunTime:0.004279s ]
INFO: [ view_parse ] --END-- [ RunTime:0.004320s ]
INFO: [ view_filter ] --START--
INFO: Run Behavior\WriteHtmlCacheBehavior [ RunTime:0.000282s ]
INFO: [ view_filter ] --END-- [ RunTime:0.000314s ]
INFO: [ app_end ] --START--
INFO: Run Behavior\ShowPageTraceBehavior [ RunTime:0.000626s ]
INFO: [ app_end ] --END-- [ RunTime:0.000678s ]

[ 2015-10-31T08:28:50+08:00 ] 127.0.0.1 /lxt/index.php/Home/Login/handle.html
INFO: [ app_init ] --START--
INFO: Run Behavior\BuildLiteBehavior [ RunTime:0.000020s ]
INFO: [ app_init ] --END-- [ RunTime:0.000542s ]
INFO: [ app_begin ] --START--
INFO: Run Behavior\ReadHtmlCacheBehavior [ RunTime:0.000502s ]
INFO: [ app_begin ] --END-- [ RunTime:0.000576s ]
SQL: SHOW COLUMNS FROM `sb_member` [ RunTime:0.0155s ]
SQL: SELECT * FROM `sb_member` WHERE `mid` = 0 LIMIT 1   [ RunTime:0.0151s ]
SQL: SELECT * FROM `sb_member` WHERE `name` = '鲍蕾' LIMIT 1   [ RunTime:0.0168s ]

[ 2015-10-31T08:28:51+08:00 ] 127.0.0.1 /lxt/index.php/Home/Index/index.html
INFO: [ app_init ] --START--
INFO: Run Behavior\BuildLiteBehavior [ RunTime:0.000014s ]
INFO: [ app_init ] --END-- [ RunTime:0.000402s ]
INFO: [ app_begin ] --START--
INFO: Run Behavior\ReadHtmlCacheBehavior [ RunTime:0.000516s ]
INFO: [ app_begin ] --END-- [ RunTime:0.000569s ]
SQL: SHOW COLUMNS FROM `sb_member` [ RunTime:0.0205s ]
SQL: SELECT * FROM `sb_member` WHERE `mid` = 1445483267 LIMIT 1   [ RunTime:0.0226s ]
SQL: SHOW COLUMNS FROM `sb_memberstatus` [ RunTime:0.0228s ]
SQL: SELECT * FROM `sb_memberstatus` WHERE `id` = 1 LIMIT 1   [ RunTime:0.0243s ]
SQL: SHOW COLUMNS FROM `sb_repayrule` [ RunTime:0.0220s ]
SQL: SELECT * FROM `sb_member` WHERE `mid` = 1445483267 LIMIT 1   [ RunTime:0.0259s ]
SQL: SELECT * FROM `sb_memberstatus` WHERE `id` = 1 LIMIT 1   [ RunTime:0.0233s ]
SQL: SELECT * FROM `sb_repayrule` WHERE `id` = 1 LIMIT 1   [ RunTime:0.0268s ]
NOTIC: [8] Use of undefined constant dbejsa - assumed 'dbejsa' C:\xampp\htdocs\lxt\lxt\Home\Controller\IndexController.class.php 第 19 行.

[ 2015-10-31T08:28:53+08:00 ] 127.0.0.1 /lxt/index.php/Home/Index/index.html
INFO: [ app_init ] --START--
INFO: Run Behavior\BuildLiteBehavior [ RunTime:0.000014s ]
INFO: [ app_init ] --END-- [ RunTime:0.000349s ]
INFO: [ app_begin ] --START--
INFO: Run Behavior\ReadHtmlCacheBehavior [ RunTime:0.000515s ]
INFO: [ app_begin ] --END-- [ RunTime:0.000582s ]
SQL: SHOW COLUMNS FROM `sb_member` [ RunTime:0.0185s ]
SQL: SELECT * FROM `sb_member` WHERE `mid` = 1445483267 LIMIT 1   [ RunTime:0.0146s ]
SQL: SHOW COLUMNS FROM `sb_memberstatus` [ RunTime:0.0177s ]
SQL: SELECT * FROM `sb_memberstatus` WHERE `id` = 1 LIMIT 1   [ RunTime:0.0175s ]
SQL: SHOW COLUMNS FROM `sb_repayrule` [ RunTime:0.0202s ]
SQL: SELECT * FROM `sb_member` WHERE `mid` = 1445483267 LIMIT 1   [ RunTime:0.0174s ]
SQL: SELECT * FROM `sb_memberstatus` WHERE `id` = 1 LIMIT 1   [ RunTime:0.0144s ]
SQL: SELECT * FROM `sb_repayrule` WHERE `id` = 1 LIMIT 1   [ RunTime:0.0157s ]
NOTIC: [8] Use of undefined constant dbejsa - assumed 'dbejsa' C:\xampp\htdocs\lxt\lxt\Home\Controller\IndexController.class.php 第 19 行.

[ 2015-10-31T08:29:22+08:00 ] 127.0.0.1 /lxt/index.php/Home/Index/index.html
INFO: [ app_init ] --START--
INFO: Run Behavior\BuildLiteBehavior [ RunTime:0.000009s ]
INFO: [ app_init ] --END-- [ RunTime:0.000295s ]
INFO: [ app_begin ] --START--
INFO: Run Behavior\ReadHtmlCacheBehavior [ RunTime:0.000430s ]
INFO: [ app_begin ] --END-- [ RunTime:0.000468s ]
SQL: SHOW COLUMNS FROM `sb_member` [ RunTime:0.0658s ]
SQL: SELECT * FROM `sb_member` WHERE `mid` = 1445483267 LIMIT 1   [ RunTime:0.0349s ]
SQL: SHOW COLUMNS FROM `sb_memberstatus` [ RunTime:0.0274s ]
SQL: SELECT * FROM `sb_memberstatus` WHERE `id` = 1 LIMIT 1   [ RunTime:0.0386s ]
SQL: SHOW COLUMNS FROM `sb_repayrule` [ RunTime:0.0329s ]
SQL: SELECT * FROM `sb_member` WHERE `mid` = 1445483267 LIMIT 1   [ RunTime:0.0325s ]
SQL: SELECT * FROM `sb_memberstatus` WHERE `id` = 1 LIMIT 1   [ RunTime:0.0431s ]
SQL: SELECT * FROM `sb_repayrule` WHERE `id` = 1 LIMIT 1   [ RunTime:0.0434s ]
SQL: SHOW COLUMNS FROM `sb_order` [ RunTime:0.0237s ]
SQL: SELECT `mid`,`createtime`,`money` FROM `sb_order` WHERE `mid` = 1445483267  [ RunTime:0.0376s ]
NOTIC: [8] Undefined variable: get_money C:\xampp\htdocs\lxt\lxt\Home\Model\OrderModel.class.php 第 20 行.

[ 2015-10-31T08:29:24+08:00 ] 127.0.0.1 /lxt/index.php/Home/Index/index.html
INFO: [ app_init ] --START--
INFO: Run Behavior\BuildLiteBehavior [ RunTime:0.000011s ]
INFO: [ app_init ] --END-- [ RunTime:0.000261s ]
INFO: [ app_begin ] --START--
INFO: Run Behavior\ReadHtmlCacheBehavior [ RunTime:0.000325s ]
INFO: [ app_begin ] --END-- [ RunTime:0.000362s ]
SQL: SHOW COLUMNS FROM `sb_member` [ RunTime:0.0214s ]
SQL: SELECT * FROM `sb_member` WHERE `mid` = 1445483267 LIMIT 1   [ RunTime:0.0187s ]
SQL: SHOW COLUMNS FROM `sb_memberstatus` [ RunTime:0.0262s ]
SQL: SELECT * FROM `sb_memberstatus` WHERE `id` = 1 LIMIT 1   [ RunTime:0.0253s ]
SQL: SHOW COLUMNS FROM `sb_repayrule` [ RunTime:0.0190s ]
SQL: SELECT * FROM `sb_member` WHERE `mid` = 1445483267 LIMIT 1   [ RunTime:0.0183s ]
SQL: SELECT * FROM `sb_memberstatus` WHERE `id` = 1 LIMIT 1   [ RunTime:0.0181s ]
SQL: SELECT * FROM `sb_repayrule` WHERE `id` = 1 LIMIT 1   [ RunTime:0.0156s ]
SQL: SHOW COLUMNS FROM `sb_order` [ RunTime:0.0207s ]
SQL: SELECT `mid`,`createtime`,`money` FROM `sb_order` WHERE `mid` = 1445483267  [ RunTime:0.0187s ]
NOTIC: [8] Undefined variable: get_money C:\xampp\htdocs\lxt\lxt\Home\Model\OrderModel.class.php 第 20 行.

[ 2015-10-31T08:30:02+08:00 ] 127.0.0.1 /lxt/index.php/Home/Index/index.html
INFO: [ app_init ] --START--
INFO: Run Behavior\BuildLiteBehavior [ RunTime:0.000010s ]
INFO: [ app_init ] --END-- [ RunTime:0.000268s ]
INFO: [ app_begin ] --START--
INFO: Run Behavior\ReadHtmlCacheBehavior [ RunTime:0.000416s ]
INFO: [ app_begin ] --END-- [ RunTime:0.000452s ]
SQL: SHOW COLUMNS FROM `sb_member` [ RunTime:0.0146s ]
SQL: SELECT * FROM `sb_member` WHERE `mid` = 1445483267 LIMIT 1   [ RunTime:0.0200s ]
SQL: SHOW COLUMNS FROM `sb_memberstatus` [ RunTime:0.0149s ]
SQL: SELECT * FROM `sb_memberstatus` WHERE `id` = 1 LIMIT 1   [ RunTime:0.0157s ]
SQL: SHOW COLUMNS FROM `sb_repayrule` [ RunTime:0.0232s ]
SQL: SELECT * FROM `sb_member` WHERE `mid` = 1445483267 LIMIT 1   [ RunTime:0.0223s ]
SQL: SELECT * FROM `sb_memberstatus` WHERE `id` = 1 LIMIT 1   [ RunTime:0.0397s ]
SQL: SELECT * FROM `sb_repayrule` WHERE `id` = 1 LIMIT 1   [ RunTime:0.0221s ]
SQL: SHOW COLUMNS FROM `sb_order` [ RunTime:0.0205s ]
SQL: SELECT `mid`,`createtime`,`money` FROM `sb_order` WHERE `mid` = 1445483267  [ RunTime:0.0277s ]
NOTIC: [8] Undefined variable: get_money C:\xampp\htdocs\lxt\lxt\Home\Model\OrderModel.class.php 第 20 行.

[ 2015-10-31T08:30:08+08:00 ] 127.0.0.1 /lxt/index.php/Home/Index/index.html
INFO: [ app_init ] --START--
INFO: Run Behavior\BuildLiteBehavior [ RunTime:0.000010s ]
INFO: [ app_init ] --END-- [ RunTime:0.000314s ]
INFO: [ app_begin ] --START--
INFO: Run Behavior\ReadHtmlCacheBehavior [ RunTime:0.000448s ]
INFO: [ app_begin ] --END-- [ RunTime:0.000487s ]
SQL: SHOW COLUMNS FROM `sb_member` [ RunTime:0.0338s ]
SQL: SELECT * FROM `sb_member` WHERE `mid` = 1445483267 LIMIT 1   [ RunTime:0.0359s ]
SQL: SHOW COLUMNS FROM `sb_memberstatus` [ RunTime:0.0235s ]
SQL: SELECT * FROM `sb_memberstatus` WHERE `id` = 1 LIMIT 1   [ RunTime:0.0261s ]
SQL: SHOW COLUMNS FROM `sb_repayrule` [ RunTime:0.0239s ]
SQL: SELECT * FROM `sb_member` WHERE `mid` = 1445483267 LIMIT 1   [ RunTime:0.0241s ]
SQL: SELECT * FROM `sb_memberstatus` WHERE `id` = 1 LIMIT 1   [ RunTime:0.0228s ]
SQL: SELECT * FROM `sb_repayrule` WHERE `id` = 1 LIMIT 1   [ RunTime:0.0239s ]
SQL: SHOW COLUMNS FROM `sb_order` [ RunTime:0.0230s ]
SQL: SELECT `mid`,`createtime`,`money` FROM `sb_order` WHERE `mid` = 1445483267  [ RunTime:0.0235s ]
NOTIC: [8] Undefined variable: get_money C:\xampp\htdocs\lxt\lxt\Home\Model\OrderModel.class.php 第 20 行.

[ 2015-10-31T08:30:56+08:00 ] 127.0.0.1 /lxt/index.php/Home/Index/index.html
INFO: [ app_init ] --START--
INFO: Run Behavior\BuildLiteBehavior [ RunTime:0.000013s ]
INFO: [ app_init ] --END-- [ RunTime:0.000350s ]
INFO: [ app_begin ] --START--
INFO: Run Behavior\ReadHtmlCacheBehavior [ RunTime:0.000504s ]
INFO: [ app_begin ] --END-- [ RunTime:0.000558s ]

[ 2015-10-31T08:30:56+08:00 ] 127.0.0.1 /lxt/index.php/Home/Login/index.html
INFO: [ app_init ] --START--
INFO: Run Behavior\BuildLiteBehavior [ RunTime:0.000013s ]
INFO: [ app_init ] --END-- [ RunTime:0.000345s ]
INFO: [ app_begin ] --START--
INFO: Run Behavior\ReadHtmlCacheBehavior [ RunTime:0.000463s ]
INFO: [ app_begin ] --END-- [ RunTime:0.000517s ]
INFO: [ view_parse ] --START--
INFO: [ template_filter ] --START--
INFO: Run Behavior\ContentReplaceBehavior [ RunTime:0.000043s ]
INFO: [ template_filter ] --END-- [ RunTime:0.000093s ]
INFO: Run Behavior\ParseTemplateBehavior [ RunTime:0.006222s ]
INFO: [ view_parse ] --END-- [ RunTime:0.006284s ]
INFO: [ view_filter ] --START--
INFO: Run Behavior\WriteHtmlCacheBehavior [ RunTime:0.000386s ]
INFO: [ view_filter ] --END-- [ RunTime:0.000433s ]
INFO: [ app_end ] --START--
INFO: Run Behavior\ShowPageTraceBehavior [ RunTime:0.000604s ]
INFO: [ app_end ] --END-- [ RunTime:0.000655s ]

[ 2015-10-31T08:30:57+08:00 ] 127.0.0.1 /lxt/index.php/Home/Login/handle.html
INFO: [ app_init ] --START--
INFO: Run Behavior\BuildLiteBehavior [ RunTime:0.000015s ]
INFO: [ app_init ] --END-- [ RunTime:0.000412s ]
INFO: [ app_begin ] --START--
INFO: Run Behavior\ReadHtmlCacheBehavior [ RunTime:0.000899s ]
INFO: [ app_begin ] --END-- [ RunTime:0.000988s ]
SQL: SHOW COLUMNS FROM `sb_member` [ RunTime:0.0149s ]
SQL: SELECT * FROM `sb_member` WHERE `mid` = 0 LIMIT 1   [ RunTime:0.0140s ]
SQL: SELECT * FROM `sb_member` WHERE `name` = '鲍蕾' LIMIT 1   [ RunTime:0.0146s ]

[ 2015-10-31T08:30:58+08:00 ] 127.0.0.1 /lxt/index.php/Home/Index/index.html
INFO: [ app_init ] --START--
INFO: Run Behavior\BuildLiteBehavior [ RunTime:0.000015s ]
INFO: [ app_init ] --END-- [ RunTime:0.000369s ]
INFO: [ app_begin ] --START--
INFO: Run Behavior\ReadHtmlCacheBehavior [ RunTime:0.000507s ]
INFO: [ app_begin ] --END-- [ RunTime:0.000565s ]
SQL: SHOW COLUMNS FROM `sb_member` [ RunTime:0.0210s ]
SQL: SELECT * FROM `sb_member` WHERE `mid` = 1445483267 LIMIT 1   [ RunTime:0.0251s ]
SQL: SHOW COLUMNS FROM `sb_memberstatus` [ RunTime:0.0213s ]
SQL: SELECT * FROM `sb_memberstatus` WHERE `id` = 1 LIMIT 1   [ RunTime:0.0232s ]
SQL: SHOW COLUMNS FROM `sb_repayrule` [ RunTime:0.0293s ]
SQL: SELECT * FROM `sb_member` WHERE `mid` = 1445483267 LIMIT 1   [ RunTime:0.0245s ]
SQL: SELECT * FROM `sb_memberstatus` WHERE `id` = 1 LIMIT 1   [ RunTime:0.0237s ]
SQL: SELECT * FROM `sb_repayrule` WHERE `id` = 1 LIMIT 1   [ RunTime:0.0238s ]
SQL: SHOW COLUMNS FROM `sb_order` [ RunTime:0.0308s ]
SQL: SELECT `mid`,`createtime`,`money` FROM `sb_order` WHERE `mid` = 1445483267  [ RunTime:0.0248s ]
NOTIC: [8] Undefined variable: get_money C:\xampp\htdocs\lxt\lxt\Home\Model\OrderModel.class.php 第 20 行.

[ 2015-10-31T08:31:24+08:00 ] 127.0.0.1 /lxt/index.php/Home/Index/index.html
INFO: [ app_init ] --START--
INFO: Run Behavior\BuildLiteBehavior [ RunTime:0.000029s ]
INFO: [ app_init ] --END-- [ RunTime:0.000565s ]
INFO: [ app_begin ] --START--
INFO: Run Behavior\ReadHtmlCacheBehavior [ RunTime:0.000323s ]
INFO: [ app_begin ] --END-- [ RunTime:0.000359s ]
SQL: SHOW COLUMNS FROM `sb_member` [ RunTime:0.0149s ]
SQL: SELECT * FROM `sb_member` WHERE `mid` = 1445483267 LIMIT 1   [ RunTime:0.0147s ]
SQL: SHOW COLUMNS FROM `sb_memberstatus` [ RunTime:0.0137s ]
SQL: SELECT * FROM `sb_memberstatus` WHERE `id` = 1 LIMIT 1   [ RunTime:0.0114s ]
SQL: SHOW COLUMNS FROM `sb_repayrule` [ RunTime:0.0141s ]
SQL: SELECT * FROM `sb_member` WHERE `mid` = 1445483267 LIMIT 1   [ RunTime:0.0137s ]
SQL: SELECT * FROM `sb_memberstatus` WHERE `id` = 1 LIMIT 1   [ RunTime:0.0136s ]
SQL: SELECT * FROM `sb_repayrule` WHERE `id` = 1 LIMIT 1   [ RunTime:0.0157s ]
SQL: SHOW COLUMNS FROM `sb_order` [ RunTime:0.0142s ]
SQL: SELECT `mid`,`createtime`,`money` FROM `sb_order` WHERE `mid` = 1445483267  [ RunTime:0.0139s ]
NOTIC: [8] Undefined variable: get_money C:\xampp\htdocs\lxt\lxt\Home\Model\OrderModel.class.php 第 20 行.
SQL: SELECT `mid`,`createtime`,`money` FROM `sb_order` WHERE `mid` = 1445483267  [ RunTime:0.0139s ]
SQL: SHOW COLUMNS FROM `sb_cash` [ RunTime:0.0155s ]
SQL: SELECT `score` FROM `sb_cash` WHERE `mid` = 1445483267 AND `status` = 1  [ RunTime:0.0141s ]
SQL: SHOW COLUMNS FROM `sb_exchange` [ RunTime:0.0153s ]
SQL: SELECT `amount` FROM `sb_exchange` WHERE `mid` = 1445483267 AND `status` = 1  [ RunTime:0.0175s ]

[ 2015-10-31T08:32:01+08:00 ] 127.0.0.1 /lxt/index.php/Home/Index/index.html
INFO: [ app_init ] --START--
INFO: Run Behavior\BuildLiteBehavior [ RunTime:0.000016s ]
INFO: [ app_init ] --END-- [ RunTime:0.000387s ]
INFO: [ app_begin ] --START--
INFO: Run Behavior\ReadHtmlCacheBehavior [ RunTime:0.000466s ]
INFO: [ app_begin ] --END-- [ RunTime:0.000538s ]
SQL: SHOW COLUMNS FROM `sb_member` [ RunTime:0.0215s ]
SQL: SELECT * FROM `sb_member` WHERE `mid` = 1445483267 LIMIT 1   [ RunTime:0.0232s ]
SQL: SHOW COLUMNS FROM `sb_memberstatus` [ RunTime:0.0193s ]
SQL: SELECT * FROM `sb_memberstatus` WHERE `id` = 1 LIMIT 1   [ RunTime:0.0150s ]
SQL: SHOW COLUMNS FROM `sb_repayrule` [ RunTime:0.0205s ]
SQL: SELECT * FROM `sb_member` WHERE `mid` = 1445483267 LIMIT 1   [ RunTime:0.0190s ]
SQL: SELECT * FROM `sb_memberstatus` WHERE `id` = 1 LIMIT 1   [ RunTime:0.0186s ]
SQL: SELECT * FROM `sb_repayrule` WHERE `id` = 1 LIMIT 1   [ RunTime:0.0210s ]
SQL: SHOW COLUMNS FROM `sb_order` [ RunTime:0.0208s ]
SQL: SELECT `mid`,`createtime`,`money` FROM `sb_order` WHERE `mid` = 1445483267  [ RunTime:0.0191s ]
NOTIC: [8] Undefined variable: get_money C:\xampp\htdocs\lxt\lxt\Home\Model\OrderModel.class.php 第 20 行.
SQL: SELECT `mid`,`createtime`,`money` FROM `sb_order` WHERE `mid` = 1445483267  [ RunTime:0.0206s ]
SQL: SHOW COLUMNS FROM `sb_cash` [ RunTime:0.0155s ]
SQL: SELECT `score` FROM `sb_cash` WHERE `mid` = 1445483267 AND `status` = 1  [ RunTime:0.0200s ]
SQL: SHOW COLUMNS FROM `sb_exchange` [ RunTime:0.0191s ]
SQL: SELECT `amount` FROM `sb_exchange` WHERE `mid` = 1445483267 AND `status` = 1  [ RunTime:0.0186s ]
SQL: SELECT * FROM `sb_member` ORDER BY score desc LIMIT 4   [ RunTime:0.0177s ]
SQL: SHOW COLUMNS FROM `sb_order` [ RunTime:0.0167s ]
SQL: SELECT * FROM `sb_order` WHERE `mid` = 1445483267  [ RunTime:0.0270s ]
INFO: [ view_parse ] --START--
INFO: [ template_filter ] --START--
INFO: Run Behavior\ContentReplaceBehavior [ RunTime:0.000143s ]
INFO: [ template_filter ] --END-- [ RunTime:0.000198s ]
NOTIC: [8] Undefined variable: get_money C:\xampp\htdocs\lxt\lxt\Runtime\Cache\Home\e49ebe815279eec910a4668e79404eed.php 第 299 行.
NOTIC: [8] Undefined variable: get_money C:\xampp\htdocs\lxt\lxt\Runtime\Cache\Home\e49ebe815279eec910a4668e79404eed.php 第 332 行.
INFO: Run Behavior\ParseTemplateBehavior [ RunTime:0.029510s ]
INFO: [ view_parse ] --END-- [ RunTime:0.029627s ]
INFO: [ view_filter ] --START--
INFO: Run Behavior\WriteHtmlCacheBehavior [ RunTime:0.000519s ]
INFO: [ view_filter ] --END-- [ RunTime:0.000578s ]
INFO: [ app_end ] --START--
INFO: Run Behavior\ShowPageTraceBehavior [ RunTime:0.000976s ]
INFO: [ app_end ] --END-- [ RunTime:0.001068s ]

