[ 2015-10-28T10:05:23+08:00 ] 127.0.0.1 /lxt/index.php/Home/Index/index.html
INFO: [ app_init ] --START--
INFO: Run Behavior\BuildLiteBehavior [ RunTime:0.000018s ]
INFO: [ app_init ] --END-- [ RunTime:0.000499s ]
INFO: [ app_begin ] --START--
INFO: Run Behavior\ReadHtmlCacheBehavior [ RunTime:0.000764s ]
INFO: [ app_begin ] --END-- [ RunTime:0.000833s ]
SQL: SHOW COLUMNS FROM `sb_member` [ RunTime:0.0259s ]
SQL: SELECT * FROM `sb_member` WHERE `mid` = 1442927376 LIMIT 1   [ RunTime:0.0260s ]
SQL: SHOW COLUMNS FROM `sb_memberstatus` [ RunTime:0.0242s ]
SQL: SELECT * FROM `sb_memberstatus` WHERE `id` = null LIMIT 1   [ RunTime:0.0235s ]
SQL: SHOW COLUMNS FROM `sb_repayrule` [ RunTime:0.0246s ]
SQL: SELECT * FROM `sb_member` WHERE `mid` = 1442927376 LIMIT 1   [ RunTime:0.0285s ]
SQL: SELECT * FROM `sb_memberstatus` WHERE `id` = null LIMIT 1   [ RunTime:0.0257s ]
SQL: SELECT * FROM `sb_repayrule` WHERE `id` = null LIMIT 1   [ RunTime:0.0267s ]
SQL: SHOW COLUMNS FROM `sb_order` [ RunTime:0.0315s ]
SQL: SELECT `mid`,`createtime`,`money` FROM `sb_order` WHERE `mid` = 1442927376  [ RunTime:0.0210s ]
NOTIC: [8] Undefined variable: get_money C:\xampp\htdocs\lxt\lxt\Home\Model\OrderModel.class.php 第 33 行.
SQL: SELECT `mid`,`createtime`,`money` FROM `sb_order` WHERE `mid` = 1442927376  [ RunTime:0.0274s ]
SQL: SHOW COLUMNS FROM `sb_cash` [ RunTime:0.0338s ]
SQL: SELECT `score` FROM `sb_cash` WHERE `mid` = 1442927376 AND `status` = 1  [ RunTime:0.0252s ]
SQL: SHOW COLUMNS FROM `sb_exchange` [ RunTime:0.0932s ]
SQL: SELECT `amount` FROM `sb_exchange` WHERE `mid` = 1442927376 AND `status` = 1  [ RunTime:0.0334s ]
SQL: SELECT * FROM `sb_member` ORDER BY score desc LIMIT 4   [ RunTime:0.0405s ]
SQL: SHOW COLUMNS FROM `sb_order` [ RunTime:0.0411s ]
SQL: SELECT * FROM `sb_order` WHERE `mid` = 1442927376  [ RunTime:0.0437s ]
INFO: [ view_parse ] --START--
INFO: [ template_filter ] --START--
INFO: Run Behavior\ContentReplaceBehavior [ RunTime:0.000258s ]
INFO: [ template_filter ] --END-- [ RunTime:0.000358s ]
NOTIC: [8] Undefined variable: get_money C:\xampp\htdocs\lxt\lxt\Runtime\Cache\Home\e49ebe815279eec910a4668e79404eed.php 第 299 行.
NOTIC: [8] Undefined variable: get_money C:\xampp\htdocs\lxt\lxt\Runtime\Cache\Home\e49ebe815279eec910a4668e79404eed.php 第 332 行.
INFO: Run Behavior\ParseTemplateBehavior [ RunTime:0.033898s ]
INFO: [ view_parse ] --END-- [ RunTime:0.034002s ]
INFO: [ view_filter ] --START--
INFO: Run Behavior\WriteHtmlCacheBehavior [ RunTime:0.000927s ]
INFO: [ view_filter ] --END-- [ RunTime:0.001004s ]
INFO: [ app_end ] --START--
INFO: Run Behavior\ShowPageTraceBehavior [ RunTime:0.001138s ]
INFO: [ app_end ] --END-- [ RunTime:0.001241s ]

[ 2015-10-28T10:05:27+08:00 ] 127.0.0.1 /lxt/index.php/Home/Index/index.html
INFO: [ app_init ] --START--
INFO: Run Behavior\BuildLiteBehavior [ RunTime:0.000021s ]
INFO: [ app_init ] --END-- [ RunTime:0.000525s ]
INFO: [ app_begin ] --START--
INFO: Run Behavior\ReadHtmlCacheBehavior [ RunTime:0.000694s ]
INFO: [ app_begin ] --END-- [ RunTime:0.000776s ]
SQL: SHOW COLUMNS FROM `sb_member` [ RunTime:0.0165s ]
SQL: SELECT * FROM `sb_member` WHERE `mid` = 1442927376 LIMIT 1   [ RunTime:0.0128s ]
SQL: SHOW COLUMNS FROM `sb_memberstatus` [ RunTime:0.0152s ]
SQL: SELECT * FROM `sb_memberstatus` WHERE `id` = null LIMIT 1   [ RunTime:0.0140s ]
SQL: SHOW COLUMNS FROM `sb_repayrule` [ RunTime:0.0133s ]
SQL: SELECT * FROM `sb_member` WHERE `mid` = 1442927376 LIMIT 1   [ RunTime:0.0131s ]
SQL: SELECT * FROM `sb_memberstatus` WHERE `id` = null LIMIT 1   [ RunTime:0.0129s ]
SQL: SELECT * FROM `sb_repayrule` WHERE `id` = null LIMIT 1   [ RunTime:0.0145s ]
SQL: SHOW COLUMNS FROM `sb_order` [ RunTime:0.0145s ]
SQL: SELECT `mid`,`createtime`,`money` FROM `sb_order` WHERE `mid` = 1442927376  [ RunTime:0.0146s ]
NOTIC: [8] Undefined variable: get_money C:\xampp\htdocs\lxt\lxt\Home\Model\OrderModel.class.php 第 33 行.
SQL: SELECT `mid`,`createtime`,`money` FROM `sb_order` WHERE `mid` = 1442927376  [ RunTime:0.0150s ]
SQL: SHOW COLUMNS FROM `sb_cash` [ RunTime:0.0157s ]
SQL: SELECT `score` FROM `sb_cash` WHERE `mid` = 1442927376 AND `status` = 1  [ RunTime:0.0096s ]
SQL: SHOW COLUMNS FROM `sb_exchange` [ RunTime:0.0165s ]
SQL: SELECT `amount` FROM `sb_exchange` WHERE `mid` = 1442927376 AND `status` = 1  [ RunTime:0.0144s ]
SQL: SELECT * FROM `sb_member` ORDER BY score desc LIMIT 4   [ RunTime:0.0133s ]
SQL: SHOW COLUMNS FROM `sb_order` [ RunTime:0.0129s ]
SQL: SELECT * FROM `sb_order` WHERE `mid` = 1442927376  [ RunTime:0.0129s ]
INFO: [ view_parse ] --START--
INFO: [ template_filter ] --START--
INFO: Run Behavior\ContentReplaceBehavior [ RunTime:0.000253s ]
INFO: [ template_filter ] --END-- [ RunTime:0.000341s ]
NOTIC: [8] Undefined variable: get_money C:\xampp\htdocs\lxt\lxt\Runtime\Cache\Home\e49ebe815279eec910a4668e79404eed.php 第 299 行.
NOTIC: [8] Undefined variable: get_money C:\xampp\htdocs\lxt\lxt\Runtime\Cache\Home\e49ebe815279eec910a4668e79404eed.php 第 332 行.
INFO: Run Behavior\ParseTemplateBehavior [ RunTime:0.018255s ]
INFO: [ view_parse ] --END-- [ RunTime:0.018332s ]
INFO: [ view_filter ] --START--
INFO: Run Behavior\WriteHtmlCacheBehavior [ RunTime:0.000482s ]
INFO: [ view_filter ] --END-- [ RunTime:0.000527s ]
INFO: [ app_end ] --START--
INFO: Run Behavior\ShowPageTraceBehavior [ RunTime:0.001179s ]
INFO: [ app_end ] --END-- [ RunTime:0.001402s ]

[ 2015-10-28T10:05:29+08:00 ] 127.0.0.1 /lxt/index.php/Home/Login/out.html
INFO: [ app_init ] --START--
INFO: Run Behavior\BuildLiteBehavior [ RunTime:0.000019s ]
INFO: [ app_init ] --END-- [ RunTime:0.000451s ]
INFO: [ app_begin ] --START--
INFO: Run Behavior\ReadHtmlCacheBehavior [ RunTime:0.001795s ]
INFO: [ app_begin ] --END-- [ RunTime:0.001903s ]

[ 2015-10-28T10:05:30+08:00 ] 127.0.0.1 /lxt/index.php/Home/Index/index.html
INFO: [ app_init ] --START--
INFO: Run Behavior\BuildLiteBehavior [ RunTime:0.000021s ]
INFO: [ app_init ] --END-- [ RunTime:0.000579s ]
INFO: [ app_begin ] --START--
INFO: Run Behavior\ReadHtmlCacheBehavior [ RunTime:0.001653s ]
INFO: [ app_begin ] --END-- [ RunTime:0.001829s ]

[ 2015-10-28T10:05:30+08:00 ] 127.0.0.1 /lxt/index.php/Home/Login/index.html
INFO: [ app_init ] --START--
INFO: Run Behavior\BuildLiteBehavior [ RunTime:0.000038s ]
INFO: [ app_init ] --END-- [ RunTime:0.001246s ]
INFO: [ app_begin ] --START--
INFO: Run Behavior\ReadHtmlCacheBehavior [ RunTime:0.000991s ]
INFO: [ app_begin ] --END-- [ RunTime:0.001082s ]
INFO: [ view_parse ] --START--
INFO: [ template_filter ] --START--
INFO: Run Behavior\ContentReplaceBehavior [ RunTime:0.000074s ]
INFO: [ template_filter ] --END-- [ RunTime:0.000189s ]
INFO: Run Behavior\ParseTemplateBehavior [ RunTime:0.009099s ]
INFO: [ view_parse ] --END-- [ RunTime:0.009193s ]
INFO: [ view_filter ] --START--
INFO: Run Behavior\WriteHtmlCacheBehavior [ RunTime:0.000580s ]
INFO: [ view_filter ] --END-- [ RunTime:0.000640s ]
INFO: [ app_end ] --START--
INFO: Run Behavior\ShowPageTraceBehavior [ RunTime:0.000896s ]
INFO: [ app_end ] --END-- [ RunTime:0.000947s ]

[ 2015-10-28T10:11:03+08:00 ] 127.0.0.1 /lxt/index.php/Home/Login/handle.html
INFO: [ app_init ] --START--
INFO: Run Behavior\BuildLiteBehavior [ RunTime:0.000016s ]
INFO: [ app_init ] --END-- [ RunTime:0.000434s ]
INFO: [ app_begin ] --START--
INFO: Run Behavior\ReadHtmlCacheBehavior [ RunTime:0.001557s ]
INFO: [ app_begin ] --END-- [ RunTime:0.001649s ]
SQL: SHOW COLUMNS FROM `sb_member` [ RunTime:0.0225s ]
SQL: SELECT * FROM `sb_member` WHERE `mid` = 0 LIMIT 1   [ RunTime:0.0241s ]
SQL: SELECT * FROM `sb_member` WHERE `name` = '鲍蕾' LIMIT 1   [ RunTime:0.0250s ]

[ 2015-10-28T10:11:04+08:00 ] 127.0.0.1 /lxt/index.php/Home/Index/index.html
INFO: [ app_init ] --START--
INFO: Run Behavior\BuildLiteBehavior [ RunTime:0.000019s ]
INFO: [ app_init ] --END-- [ RunTime:0.000443s ]
INFO: [ app_begin ] --START--
INFO: Run Behavior\ReadHtmlCacheBehavior [ RunTime:0.000657s ]
INFO: [ app_begin ] --END-- [ RunTime:0.000715s ]
SQL: SHOW COLUMNS FROM `sb_member` [ RunTime:0.0516s ]
SQL: SELECT * FROM `sb_member` WHERE `mid` = 1445483267 LIMIT 1   [ RunTime:0.0541s ]
SQL: SHOW COLUMNS FROM `sb_memberstatus` [ RunTime:0.0568s ]
SQL: SELECT * FROM `sb_memberstatus` WHERE `id` = 1 LIMIT 1   [ RunTime:0.0621s ]
SQL: SHOW COLUMNS FROM `sb_repayrule` [ RunTime:0.0479s ]
SQL: SELECT * FROM `sb_member` WHERE `mid` = 1445483267 LIMIT 1   [ RunTime:0.0489s ]
SQL: SELECT * FROM `sb_memberstatus` WHERE `id` = 1 LIMIT 1   [ RunTime:0.0556s ]
SQL: SELECT * FROM `sb_repayrule` WHERE `id` = 1 LIMIT 1   [ RunTime:0.0610s ]
SQL: SHOW COLUMNS FROM `sb_order` [ RunTime:0.0612s ]
SQL: SELECT `mid`,`createtime`,`money` FROM `sb_order` WHERE `mid` = 1445483267  [ RunTime:0.0598s ]
NOTIC: [8] Undefined variable: get_money C:\xampp\htdocs\lxt\lxt\Home\Model\OrderModel.class.php 第 24 行.
SQL: SELECT `mid`,`createtime`,`money` FROM `sb_order` WHERE `mid` = 1445483267  [ RunTime:0.0607s ]
SQL: SHOW COLUMNS FROM `sb_cash` [ RunTime:0.0582s ]
SQL: SELECT `score` FROM `sb_cash` WHERE `mid` = 1445483267 AND `status` = 1  [ RunTime:0.0642s ]
SQL: SHOW COLUMNS FROM `sb_exchange` [ RunTime:0.0595s ]
SQL: SELECT `amount` FROM `sb_exchange` WHERE `mid` = 1445483267 AND `status` = 1  [ RunTime:0.0579s ]
SQL: SELECT * FROM `sb_member` ORDER BY score desc LIMIT 4   [ RunTime:0.0568s ]
SQL: SHOW COLUMNS FROM `sb_order` [ RunTime:0.0595s ]
SQL: SELECT * FROM `sb_order` WHERE `mid` = 1445483267  [ RunTime:0.0602s ]
INFO: [ view_parse ] --START--
INFO: [ template_filter ] --START--
INFO: Run Behavior\ContentReplaceBehavior [ RunTime:0.000159s ]
INFO: [ template_filter ] --END-- [ RunTime:0.000230s ]
NOTIC: [8] Undefined variable: get_money C:\xampp\htdocs\lxt\lxt\Runtime\Cache\Home\e49ebe815279eec910a4668e79404eed.php 第 299 行.
NOTIC: [8] Undefined variable: get_money C:\xampp\htdocs\lxt\lxt\Runtime\Cache\Home\e49ebe815279eec910a4668e79404eed.php 第 332 行.
INFO: Run Behavior\ParseTemplateBehavior [ RunTime:0.021433s ]
INFO: [ view_parse ] --END-- [ RunTime:0.021526s ]
INFO: [ view_filter ] --START--
INFO: Run Behavior\WriteHtmlCacheBehavior [ RunTime:0.000897s ]
INFO: [ view_filter ] --END-- [ RunTime:0.000976s ]
INFO: [ app_end ] --START--
INFO: Run Behavior\ShowPageTraceBehavior [ RunTime:0.001031s ]
INFO: [ app_end ] --END-- [ RunTime:0.001134s ]

[ 2015-10-28T12:30:57+08:00 ] 127.0.0.1 /lxt/index.php/Home/Index/index.html
INFO: [ app_init ] --START--
INFO: Run Behavior\BuildLiteBehavior [ RunTime:0.000028s ]
INFO: [ app_init ] --END-- [ RunTime:0.000754s ]
INFO: [ app_begin ] --START--
INFO: Run Behavior\ReadHtmlCacheBehavior [ RunTime:0.001197s ]
INFO: [ app_begin ] --END-- [ RunTime:0.001320s ]

[ 2015-10-28T12:30:57+08:00 ] 127.0.0.1 /lxt/index.php/Home/Login/index.html
INFO: [ app_init ] --START--
INFO: Run Behavior\BuildLiteBehavior [ RunTime:0.000021s ]
INFO: [ app_init ] --END-- [ RunTime:0.000600s ]
INFO: [ app_begin ] --START--
INFO: Run Behavior\ReadHtmlCacheBehavior [ RunTime:0.001115s ]
INFO: [ app_begin ] --END-- [ RunTime:0.001242s ]
INFO: [ view_parse ] --START--
INFO: [ template_filter ] --START--
INFO: Run Behavior\ContentReplaceBehavior [ RunTime:0.000083s ]
INFO: [ template_filter ] --END-- [ RunTime:0.000192s ]
INFO: Run Behavior\ParseTemplateBehavior [ RunTime:0.022260s ]
INFO: [ view_parse ] --END-- [ RunTime:0.022421s ]
INFO: [ view_filter ] --START--
INFO: Run Behavior\WriteHtmlCacheBehavior [ RunTime:0.000474s ]
INFO: [ view_filter ] --END-- [ RunTime:0.000524s ]
INFO: [ app_end ] --START--
INFO: Run Behavior\ShowPageTraceBehavior [ RunTime:0.000904s ]
INFO: [ app_end ] --END-- [ RunTime:0.000976s ]

[ 2015-10-28T12:30:59+08:00 ] 127.0.0.1 /lxt/index.php/Home/Login/handle.html
INFO: [ app_init ] --START--
INFO: Run Behavior\BuildLiteBehavior [ RunTime:0.000018s ]
INFO: [ app_init ] --END-- [ RunTime:0.000800s ]
INFO: [ app_begin ] --START--
INFO: Run Behavior\ReadHtmlCacheBehavior [ RunTime:0.000484s ]
INFO: [ app_begin ] --END-- [ RunTime:0.000555s ]
SQL: SHOW COLUMNS FROM `sb_member` [ RunTime:0.0140s ]
SQL: SELECT * FROM `sb_member` WHERE `mid` = 0 LIMIT 1   [ RunTime:0.0122s ]
SQL: SELECT * FROM `sb_member` WHERE `name` = '鲍蕾' LIMIT 1   [ RunTime:0.0125s ]

[ 2015-10-28T12:31:00+08:00 ] 127.0.0.1 /lxt/index.php/Home/Index/index.html
INFO: [ app_init ] --START--
INFO: Run Behavior\BuildLiteBehavior [ RunTime:0.000015s ]
INFO: [ app_init ] --END-- [ RunTime:0.000565s ]
INFO: [ app_begin ] --START--
INFO: Run Behavior\ReadHtmlCacheBehavior [ RunTime:0.000611s ]
INFO: [ app_begin ] --END-- [ RunTime:0.000665s ]
SQL: SHOW COLUMNS FROM `sb_member` [ RunTime:0.0229s ]
SQL: SELECT * FROM `sb_member` WHERE `mid` = 1445483267 LIMIT 1   [ RunTime:0.0207s ]
SQL: SHOW COLUMNS FROM `sb_memberstatus` [ RunTime:0.0324s ]
SQL: SELECT * FROM `sb_memberstatus` WHERE `id` = 1 LIMIT 1   [ RunTime:0.0228s ]
SQL: SHOW COLUMNS FROM `sb_repayrule` [ RunTime:0.0248s ]
SQL: SELECT * FROM `sb_member` WHERE `mid` = 0 LIMIT 1   [ RunTime:0.0226s ]
SQL: SELECT * FROM `sb_memberstatus` WHERE `id` = null LIMIT 1   [ RunTime:0.0229s ]
SQL: SELECT * FROM `sb_repayrule` WHERE `id` = null LIMIT 1   [ RunTime:0.0215s ]
SQL: SHOW COLUMNS FROM `sb_order` [ RunTime:0.0215s ]
SQL: SELECT `mid`,`createtime`,`money` FROM `sb_order` WHERE `mid` = 1445483267  [ RunTime:0.0233s ]
NOTIC: [8] Undefined variable: get_money C:\xampp\htdocs\lxt\lxt\Home\Model\OrderModel.class.php 第 27 行.
SQL: SELECT `mid`,`createtime`,`money` FROM `sb_order` WHERE `mid` = 1445483267  [ RunTime:0.0244s ]
SQL: SHOW COLUMNS FROM `sb_cash` [ RunTime:0.0270s ]
SQL: SELECT `score` FROM `sb_cash` WHERE `mid` = 1445483267 AND `status` = 1  [ RunTime:0.0305s ]
SQL: SHOW COLUMNS FROM `sb_exchange` [ RunTime:0.0332s ]
SQL: SELECT `amount` FROM `sb_exchange` WHERE `mid` = 1445483267 AND `status` = 1  [ RunTime:0.0349s ]
SQL: SELECT * FROM `sb_member` ORDER BY score desc LIMIT 4   [ RunTime:0.0393s ]
SQL: SHOW COLUMNS FROM `sb_order` [ RunTime:0.0414s ]
SQL: SELECT * FROM `sb_order` WHERE `mid` = 1445483267  [ RunTime:0.0403s ]
INFO: [ view_parse ] --START--
INFO: [ template_filter ] --START--
INFO: Run Behavior\ContentReplaceBehavior [ RunTime:0.000169s ]
INFO: [ template_filter ] --END-- [ RunTime:0.000246s ]
NOTIC: [8] Undefined variable: get_money C:\xampp\htdocs\lxt\lxt\Runtime\Cache\Home\e49ebe815279eec910a4668e79404eed.php 第 299 行.
NOTIC: [8] Undefined variable: get_money C:\xampp\htdocs\lxt\lxt\Runtime\Cache\Home\e49ebe815279eec910a4668e79404eed.php 第 332 行.
INFO: Run Behavior\ParseTemplateBehavior [ RunTime:0.029327s ]
INFO: [ view_parse ] --END-- [ RunTime:0.029387s ]
INFO: [ view_filter ] --START--
INFO: Run Behavior\WriteHtmlCacheBehavior [ RunTime:0.000682s ]
INFO: [ view_filter ] --END-- [ RunTime:0.000744s ]
INFO: [ app_end ] --START--
INFO: Run Behavior\ShowPageTraceBehavior [ RunTime:0.000959s ]
INFO: [ app_end ] --END-- [ RunTime:0.001021s ]

[ 2015-10-28T12:32:05+08:00 ] 127.0.0.1 /lxt/index.php/Home/Index/index.html
INFO: [ app_init ] --START--
INFO: Run Behavior\BuildLiteBehavior [ RunTime:0.000018s ]
INFO: [ app_init ] --END-- [ RunTime:0.000632s ]
INFO: [ app_begin ] --START--
INFO: Run Behavior\ReadHtmlCacheBehavior [ RunTime:0.000666s ]
INFO: [ app_begin ] --END-- [ RunTime:0.000733s ]
SQL: SHOW COLUMNS FROM `sb_member` [ RunTime:0.0345s ]
SQL: SELECT * FROM `sb_member` WHERE `mid` = 1445483267 LIMIT 1   [ RunTime:0.0225s ]
SQL: SHOW COLUMNS FROM `sb_memberstatus` [ RunTime:0.0252s ]
SQL: SELECT * FROM `sb_memberstatus` WHERE `id` = 1 LIMIT 1   [ RunTime:0.0192s ]
SQL: SHOW COLUMNS FROM `sb_repayrule` [ RunTime:0.0262s ]
SQL: SELECT * FROM `sb_member` WHERE `mid` = 0 LIMIT 1   [ RunTime:0.0388s ]
SQL: SELECT * FROM `sb_memberstatus` WHERE `id` = null LIMIT 1   [ RunTime:0.0265s ]
SQL: SELECT * FROM `sb_repayrule` WHERE `id` = null LIMIT 1   [ RunTime:0.0248s ]
SQL: SHOW COLUMNS FROM `sb_order` [ RunTime:0.0212s ]
SQL: SELECT `mid`,`createtime`,`money` FROM `sb_order` WHERE `mid` = 1445483267  [ RunTime:0.0205s ]
NOTIC: [8] Undefined variable: get_money C:\xampp\htdocs\lxt\lxt\Home\Model\OrderModel.class.php 第 27 行.
SQL: SELECT `mid`,`createtime`,`money` FROM `sb_order` WHERE `mid` = 1445483267  [ RunTime:0.0347s ]
SQL: SHOW COLUMNS FROM `sb_cash` [ RunTime:0.0265s ]
SQL: SELECT `score` FROM `sb_cash` WHERE `mid` = 1445483267 AND `status` = 1  [ RunTime:0.0252s ]
SQL: SHOW COLUMNS FROM `sb_exchange` [ RunTime:0.0244s ]
SQL: SELECT `amount` FROM `sb_exchange` WHERE `mid` = 1445483267 AND `status` = 1  [ RunTime:0.0216s ]
SQL: SELECT * FROM `sb_member` ORDER BY score desc LIMIT 4   [ RunTime:0.0348s ]
SQL: SHOW COLUMNS FROM `sb_order` [ RunTime:0.0248s ]
SQL: SELECT * FROM `sb_order` WHERE `mid` = 1445483267  [ RunTime:0.0276s ]
INFO: [ view_parse ] --START--
INFO: [ template_filter ] --START--
INFO: Run Behavior\ContentReplaceBehavior [ RunTime:0.000301s ]
INFO: [ template_filter ] --END-- [ RunTime:0.000401s ]
NOTIC: [8] Undefined variable: get_money C:\xampp\htdocs\lxt\lxt\Runtime\Cache\Home\e49ebe815279eec910a4668e79404eed.php 第 299 行.
NOTIC: [8] Undefined variable: get_money C:\xampp\htdocs\lxt\lxt\Runtime\Cache\Home\e49ebe815279eec910a4668e79404eed.php 第 332 行.
INFO: Run Behavior\ParseTemplateBehavior [ RunTime:0.020890s ]
INFO: [ view_parse ] --END-- [ RunTime:0.020946s ]
INFO: [ view_filter ] --START--
INFO: Run Behavior\WriteHtmlCacheBehavior [ RunTime:0.000495s ]
INFO: [ view_filter ] --END-- [ RunTime:0.000539s ]
INFO: [ app_end ] --START--
INFO: Run Behavior\ShowPageTraceBehavior [ RunTime:0.001095s ]
INFO: [ app_end ] --END-- [ RunTime:0.001188s ]

[ 2015-10-28T12:32:23+08:00 ] 127.0.0.1 /lxt/index.php/Home/Index/index.html
INFO: [ app_init ] --START--
INFO: Run Behavior\BuildLiteBehavior [ RunTime:0.000040s ]
INFO: [ app_init ] --END-- [ RunTime:0.001238s ]
INFO: [ app_begin ] --START--
INFO: Run Behavior\ReadHtmlCacheBehavior [ RunTime:0.000750s ]
INFO: [ app_begin ] --END-- [ RunTime:0.000819s ]
SQL: SHOW COLUMNS FROM `sb_member` [ RunTime:0.1283s ]
SQL: SELECT * FROM `sb_member` WHERE `mid` = 1445483267 LIMIT 1   [ RunTime:0.1411s ]
SQL: SHOW COLUMNS FROM `sb_memberstatus` [ RunTime:0.1688s ]
SQL: SELECT * FROM `sb_memberstatus` WHERE `id` = 1 LIMIT 1   [ RunTime:0.1864s ]
SQL: SHOW COLUMNS FROM `sb_repayrule` [ RunTime:0.1110s ]
SQL: SELECT * FROM `sb_member` WHERE `mid` = 0 LIMIT 1   [ RunTime:0.0932s ]
SQL: SELECT * FROM `sb_memberstatus` WHERE `id` = null LIMIT 1   [ RunTime:0.0899s ]
SQL: SELECT * FROM `sb_repayrule` WHERE `id` = null LIMIT 1   [ RunTime:0.1858s ]
SQL: SHOW COLUMNS FROM `sb_order` [ RunTime:0.1011s ]
SQL: SELECT `mid`,`createtime`,`money` FROM `sb_order` WHERE `mid` = 1445483267  [ RunTime:0.0974s ]
NOTIC: [8] Undefined variable: get_money C:\xampp\htdocs\lxt\lxt\Home\Model\OrderModel.class.php 第 27 行.
SQL: SELECT `mid`,`createtime`,`money` FROM `sb_order` WHERE `mid` = 1445483267  [ RunTime:0.0865s ]
SQL: SHOW COLUMNS FROM `sb_cash` [ RunTime:0.0857s ]
SQL: SELECT `score` FROM `sb_cash` WHERE `mid` = 1445483267 AND `status` = 1  [ RunTime:0.0899s ]
SQL: SHOW COLUMNS FROM `sb_exchange` [ RunTime:0.0838s ]
SQL: SELECT `amount` FROM `sb_exchange` WHERE `mid` = 1445483267 AND `status` = 1  [ RunTime:0.1759s ]
SQL: SELECT * FROM `sb_member` ORDER BY score desc LIMIT 4   [ RunTime:0.0951s ]
SQL: SHOW COLUMNS FROM `sb_order` [ RunTime:0.0203s ]
SQL: SELECT * FROM `sb_order` WHERE `mid` = 1445483267  [ RunTime:0.0235s ]
INFO: [ view_parse ] --START--
INFO: [ template_filter ] --START--
INFO: Run Behavior\ContentReplaceBehavior [ RunTime:0.000204s ]
INFO: [ template_filter ] --END-- [ RunTime:0.000285s ]
NOTIC: [8] Undefined variable: get_money C:\xampp\htdocs\lxt\lxt\Runtime\Cache\Home\e49ebe815279eec910a4668e79404eed.php 第 299 行.
NOTIC: [8] Undefined variable: get_money C:\xampp\htdocs\lxt\lxt\Runtime\Cache\Home\e49ebe815279eec910a4668e79404eed.php 第 332 行.
INFO: Run Behavior\ParseTemplateBehavior [ RunTime:0.052582s ]
INFO: [ view_parse ] --END-- [ RunTime:0.052672s ]
INFO: [ view_filter ] --START--
INFO: Run Behavior\WriteHtmlCacheBehavior [ RunTime:0.000716s ]
INFO: [ view_filter ] --END-- [ RunTime:0.000784s ]
INFO: [ app_end ] --START--
INFO: Run Behavior\ShowPageTraceBehavior [ RunTime:0.001272s ]
INFO: [ app_end ] --END-- [ RunTime:0.001736s ]

[ 2015-10-28T12:32:50+08:00 ] 127.0.0.1 /lxt/index.php/Home/Index/index.html
INFO: [ app_init ] --START--
INFO: Run Behavior\BuildLiteBehavior [ RunTime:0.000017s ]
INFO: [ app_init ] --END-- [ RunTime:0.000564s ]
INFO: [ app_begin ] --START--
INFO: Run Behavior\ReadHtmlCacheBehavior [ RunTime:0.000692s ]
INFO: [ app_begin ] --END-- [ RunTime:0.000755s ]
SQL: SHOW COLUMNS FROM `sb_member` [ RunTime:0.0416s ]
SQL: SELECT * FROM `sb_member` WHERE `mid` = 1445483267 LIMIT 1   [ RunTime:0.0440s ]
SQL: SHOW COLUMNS FROM `sb_memberstatus` [ RunTime:0.0493s ]
SQL: SELECT * FROM `sb_memberstatus` WHERE `id` = 1 LIMIT 1   [ RunTime:0.0580s ]
SQL: SHOW COLUMNS FROM `sb_repayrule` [ RunTime:0.0643s ]
SQL: SELECT * FROM `sb_member` WHERE `mid` = 0 LIMIT 1   [ RunTime:0.0626s ]
SQL: SELECT * FROM `sb_memberstatus` WHERE `id` = null LIMIT 1   [ RunTime:0.0652s ]
SQL: SELECT * FROM `sb_repayrule` WHERE `id` = null LIMIT 1   [ RunTime:0.0707s ]
SQL: SHOW COLUMNS FROM `sb_order` [ RunTime:0.0639s ]
SQL: SELECT `mid`,`createtime`,`money` FROM `sb_order` WHERE `mid` = 1445483267  [ RunTime:0.0698s ]
NOTIC: [8] Undefined variable: get_money C:\xampp\htdocs\lxt\lxt\Home\Model\OrderModel.class.php 第 27 行.
SQL: SELECT `mid`,`createtime`,`money` FROM `sb_order` WHERE `mid` = 1445483267  [ RunTime:0.0245s ]
SQL: SHOW COLUMNS FROM `sb_cash` [ RunTime:0.0216s ]
SQL: SELECT `score` FROM `sb_cash` WHERE `mid` = 1445483267 AND `status` = 1  [ RunTime:0.0230s ]
SQL: SHOW COLUMNS FROM `sb_exchange` [ RunTime:0.0234s ]
SQL: SELECT `amount` FROM `sb_exchange` WHERE `mid` = 1445483267 AND `status` = 1  [ RunTime:0.0227s ]
SQL: SELECT * FROM `sb_member` ORDER BY score desc LIMIT 4   [ RunTime:0.0213s ]
SQL: SHOW COLUMNS FROM `sb_order` [ RunTime:0.0200s ]
SQL: SELECT * FROM `sb_order` WHERE `mid` = 1445483267  [ RunTime:0.0229s ]
INFO: [ view_parse ] --START--
INFO: [ template_filter ] --START--
INFO: Run Behavior\ContentReplaceBehavior [ RunTime:0.000145s ]
INFO: [ template_filter ] --END-- [ RunTime:0.000201s ]
NOTIC: [8] Undefined variable: get_money C:\xampp\htdocs\lxt\lxt\Runtime\Cache\Home\e49ebe815279eec910a4668e79404eed.php 第 299 行.
NOTIC: [8] Undefined variable: get_money C:\xampp\htdocs\lxt\lxt\Runtime\Cache\Home\e49ebe815279eec910a4668e79404eed.php 第 332 行.
INFO: Run Behavior\ParseTemplateBehavior [ RunTime:0.045745s ]
INFO: [ view_parse ] --END-- [ RunTime:0.045818s ]
INFO: [ view_filter ] --START--
INFO: Run Behavior\WriteHtmlCacheBehavior [ RunTime:0.000902s ]
INFO: [ view_filter ] --END-- [ RunTime:0.000979s ]
INFO: [ app_end ] --START--
INFO: Run Behavior\ShowPageTraceBehavior [ RunTime:0.001548s ]
INFO: [ app_end ] --END-- [ RunTime:0.001706s ]

[ 2015-10-28T12:46:04+08:00 ] 127.0.0.1 /lxt/index.php/Home/Index/index.html
INFO: [ app_init ] --START--
INFO: Run Behavior\BuildLiteBehavior [ RunTime:0.000025s ]
INFO: [ app_init ] --END-- [ RunTime:0.001256s ]
INFO: [ app_begin ] --START--
INFO: Run Behavior\ReadHtmlCacheBehavior [ RunTime:0.000694s ]
INFO: [ app_begin ] --END-- [ RunTime:0.000756s ]
SQL: SHOW COLUMNS FROM `sb_member` [ RunTime:0.0233s ]
SQL: SELECT * FROM `sb_member` WHERE `mid` = 1445483267 LIMIT 1   [ RunTime:0.0225s ]
SQL: SHOW COLUMNS FROM `sb_memberstatus` [ RunTime:0.0236s ]
SQL: SELECT * FROM `sb_memberstatus` WHERE `id` = 1 LIMIT 1   [ RunTime:0.0212s ]
SQL: SHOW COLUMNS FROM `sb_repayrule` [ RunTime:0.0228s ]
SQL: SELECT * FROM `sb_member` WHERE `mid` = 0 LIMIT 1   [ RunTime:0.0258s ]
SQL: SELECT * FROM `sb_memberstatus` WHERE `id` = null LIMIT 1   [ RunTime:0.0212s ]
SQL: SELECT * FROM `sb_repayrule` WHERE `id` = null LIMIT 1   [ RunTime:0.0196s ]
SQL: SHOW COLUMNS FROM `sb_order` [ RunTime:0.0234s ]
SQL: SELECT `mid`,`createtime`,`money` FROM `sb_order` WHERE `mid` = 1445483267  [ RunTime:0.0227s ]
NOTIC: [8] Undefined variable: get_money C:\xampp\htdocs\lxt\lxt\Home\Model\OrderModel.class.php 第 27 行.
SQL: SELECT `mid`,`createtime`,`money` FROM `sb_order` WHERE `mid` = 1445483267  [ RunTime:0.0241s ]
SQL: SHOW COLUMNS FROM `sb_cash` [ RunTime:0.0213s ]
SQL: SELECT `score` FROM `sb_cash` WHERE `mid` = 1445483267 AND `status` = 1  [ RunTime:0.0217s ]
SQL: SHOW COLUMNS FROM `sb_exchange` [ RunTime:0.0230s ]
SQL: SELECT `amount` FROM `sb_exchange` WHERE `mid` = 1445483267 AND `status` = 1  [ RunTime:0.0218s ]
SQL: SELECT * FROM `sb_member` ORDER BY score desc LIMIT 4   [ RunTime:0.0236s ]
SQL: SHOW COLUMNS FROM `sb_order` [ RunTime:0.0229s ]
SQL: SELECT * FROM `sb_order` WHERE `mid` = 1445483267  [ RunTime:0.0223s ]
INFO: [ view_parse ] --START--
INFO: [ template_filter ] --START--
INFO: Run Behavior\ContentReplaceBehavior [ RunTime:0.000232s ]
INFO: [ template_filter ] --END-- [ RunTime:0.000337s ]
NOTIC: [8] Undefined variable: get_money C:\xampp\htdocs\lxt\lxt\Runtime\Cache\Home\e49ebe815279eec910a4668e79404eed.php 第 299 行.
NOTIC: [8] Undefined variable: get_money C:\xampp\htdocs\lxt\lxt\Runtime\Cache\Home\e49ebe815279eec910a4668e79404eed.php 第 332 行.
INFO: Run Behavior\ParseTemplateBehavior [ RunTime:0.056336s ]
INFO: [ view_parse ] --END-- [ RunTime:0.056495s ]
INFO: [ view_filter ] --START--
INFO: Run Behavior\WriteHtmlCacheBehavior [ RunTime:0.001189s ]
INFO: [ view_filter ] --END-- [ RunTime:0.001341s ]
INFO: [ app_end ] --START--
INFO: Run Behavior\ShowPageTraceBehavior [ RunTime:0.002058s ]
INFO: [ app_end ] --END-- [ RunTime:0.002205s ]

[ 2015-10-28T12:46:13+08:00 ] 127.0.0.1 /lxt/index.php/Home/Index/index.html
INFO: [ app_init ] --START--
INFO: Run Behavior\BuildLiteBehavior [ RunTime:0.000020s ]
INFO: [ app_init ] --END-- [ RunTime:0.000471s ]
INFO: [ app_begin ] --START--
INFO: Run Behavior\ReadHtmlCacheBehavior [ RunTime:0.002221s ]
INFO: [ app_begin ] --END-- [ RunTime:0.002833s ]
SQL: SHOW COLUMNS FROM `sb_member` [ RunTime:0.0261s ]
SQL: SELECT * FROM `sb_member` WHERE `mid` = 1445483267 LIMIT 1   [ RunTime:0.0243s ]
SQL: SHOW COLUMNS FROM `sb_memberstatus` [ RunTime:0.0231s ]
SQL: SELECT * FROM `sb_memberstatus` WHERE `id` = 1 LIMIT 1   [ RunTime:0.0295s ]
SQL: SHOW COLUMNS FROM `sb_repayrule` [ RunTime:0.0394s ]
SQL: SELECT * FROM `sb_member` WHERE `mid` = 0 LIMIT 1   [ RunTime:0.0252s ]
SQL: SELECT * FROM `sb_memberstatus` WHERE `id` = null LIMIT 1   [ RunTime:0.0241s ]
SQL: SELECT * FROM `sb_repayrule` WHERE `id` = null LIMIT 1   [ RunTime:0.0255s ]
SQL: SHOW COLUMNS FROM `sb_order` [ RunTime:0.0333s ]
SQL: SELECT `mid`,`createtime`,`money` FROM `sb_order` WHERE `mid` = 1445483267  [ RunTime:0.0252s ]
NOTIC: [8] Undefined variable: get_money C:\xampp\htdocs\lxt\lxt\Home\Model\OrderModel.class.php 第 27 行.
SQL: SELECT `mid`,`createtime`,`money` FROM `sb_order` WHERE `mid` = 1445483267  [ RunTime:0.0288s ]
SQL: SHOW COLUMNS FROM `sb_cash` [ RunTime:0.0382s ]
SQL: SELECT `score` FROM `sb_cash` WHERE `mid` = 1445483267 AND `status` = 1  [ RunTime:0.0423s ]
SQL: SHOW COLUMNS FROM `sb_exchange` [ RunTime:0.0455s ]
SQL: SELECT `amount` FROM `sb_exchange` WHERE `mid` = 1445483267 AND `status` = 1  [ RunTime:0.0278s ]
SQL: SELECT * FROM `sb_member` ORDER BY score desc LIMIT 4   [ RunTime:0.0242s ]
SQL: SHOW COLUMNS FROM `sb_order` [ RunTime:0.0305s ]
SQL: SELECT * FROM `sb_order` WHERE `mid` = 1445483267  [ RunTime:0.0348s ]
INFO: [ view_parse ] --START--
INFO: [ template_filter ] --START--
INFO: Run Behavior\ContentReplaceBehavior [ RunTime:0.000219s ]
INFO: [ template_filter ] --END-- [ RunTime:0.000336s ]
NOTIC: [8] Undefined variable: get_money C:\xampp\htdocs\lxt\lxt\Runtime\Cache\Home\e49ebe815279eec910a4668e79404eed.php 第 299 行.
NOTIC: [8] Undefined variable: get_money C:\xampp\htdocs\lxt\lxt\Runtime\Cache\Home\e49ebe815279eec910a4668e79404eed.php 第 332 行.
INFO: Run Behavior\ParseTemplateBehavior [ RunTime:0.068565s ]
INFO: [ view_parse ] --END-- [ RunTime:0.068622s ]
INFO: [ view_filter ] --START--
INFO: Run Behavior\WriteHtmlCacheBehavior [ RunTime:0.000732s ]
INFO: [ view_filter ] --END-- [ RunTime:0.000789s ]
INFO: [ app_end ] --START--
INFO: Run Behavior\ShowPageTraceBehavior [ RunTime:0.001990s ]
INFO: [ app_end ] --END-- [ RunTime:0.002090s ]

[ 2015-10-28T12:46:26+08:00 ] 127.0.0.1 /lxt/index.php/Home/Index/index.html
INFO: [ app_init ] --START--
INFO: Run Behavior\BuildLiteBehavior [ RunTime:0.000139s ]
INFO: [ app_init ] --END-- [ RunTime:0.001918s ]
INFO: [ app_begin ] --START--
INFO: Run Behavior\ReadHtmlCacheBehavior [ RunTime:0.001317s ]
INFO: [ app_begin ] --END-- [ RunTime:0.001426s ]
SQL: SHOW COLUMNS FROM `sb_member` [ RunTime:0.0338s ]
SQL: SELECT * FROM `sb_member` WHERE `mid` = 1445483267 LIMIT 1   [ RunTime:0.0216s ]
SQL: SHOW COLUMNS FROM `sb_memberstatus` [ RunTime:0.0244s ]
SQL: SELECT * FROM `sb_memberstatus` WHERE `id` = 1 LIMIT 1   [ RunTime:0.0225s ]
SQL: SHOW COLUMNS FROM `sb_repayrule` [ RunTime:0.0224s ]
SQL: SELECT * FROM `sb_member` WHERE `mid` = 0 LIMIT 1   [ RunTime:0.0223s ]
SQL: SELECT * FROM `sb_memberstatus` WHERE `id` = null LIMIT 1   [ RunTime:0.0291s ]
SQL: SELECT * FROM `sb_repayrule` WHERE `id` = null LIMIT 1   [ RunTime:0.0219s ]
SQL: SHOW COLUMNS FROM `sb_order` [ RunTime:0.0226s ]
SQL: SELECT `mid`,`createtime`,`money` FROM `sb_order` WHERE `mid` = 1445483267  [ RunTime:0.0209s ]
NOTIC: [8] Undefined variable: get_money C:\xampp\htdocs\lxt\lxt\Home\Model\OrderModel.class.php 第 27 行.
SQL: SELECT `mid`,`createtime`,`money` FROM `sb_order` WHERE `mid` = 1445483267  [ RunTime:0.0207s ]
SQL: SHOW COLUMNS FROM `sb_cash` [ RunTime:0.0238s ]
SQL: SELECT `score` FROM `sb_cash` WHERE `mid` = 1445483267 AND `status` = 1  [ RunTime:0.0211s ]
SQL: SHOW COLUMNS FROM `sb_exchange` [ RunTime:0.0211s ]
SQL: SELECT `amount` FROM `sb_exchange` WHERE `mid` = 1445483267 AND `status` = 1  [ RunTime:0.0176s ]
SQL: SELECT * FROM `sb_member` ORDER BY score desc LIMIT 4   [ RunTime:0.0215s ]
SQL: SHOW COLUMNS FROM `sb_order` [ RunTime:0.0213s ]
SQL: SELECT * FROM `sb_order` WHERE `mid` = 1445483267  [ RunTime:0.0228s ]
INFO: [ view_parse ] --START--
INFO: [ template_filter ] --START--
INFO: Run Behavior\ContentReplaceBehavior [ RunTime:0.000453s ]
INFO: [ template_filter ] --END-- [ RunTime:0.000683s ]
NOTIC: [8] Undefined variable: get_money C:\xampp\htdocs\lxt\lxt\Runtime\Cache\Home\e49ebe815279eec910a4668e79404eed.php 第 299 行.
NOTIC: [8] Undefined variable: get_money C:\xampp\htdocs\lxt\lxt\Runtime\Cache\Home\e49ebe815279eec910a4668e79404eed.php 第 332 行.
INFO: Run Behavior\ParseTemplateBehavior [ RunTime:0.029333s ]
INFO: [ view_parse ] --END-- [ RunTime:0.029420s ]
INFO: [ view_filter ] --START--
INFO: Run Behavior\WriteHtmlCacheBehavior [ RunTime:0.000521s ]
INFO: [ view_filter ] --END-- [ RunTime:0.000571s ]
INFO: [ app_end ] --START--
INFO: Run Behavior\ShowPageTraceBehavior [ RunTime:0.001176s ]
INFO: [ app_end ] --END-- [ RunTime:0.001278s ]

[ 2015-10-28T12:47:10+08:00 ] 127.0.0.1 /lxt/index.php/Home/Index/index.html
INFO: [ app_init ] --START--
INFO: Run Behavior\BuildLiteBehavior [ RunTime:0.000018s ]
INFO: [ app_init ] --END-- [ RunTime:0.000484s ]
INFO: [ app_begin ] --START--
INFO: Run Behavior\ReadHtmlCacheBehavior [ RunTime:0.000667s ]
INFO: [ app_begin ] --END-- [ RunTime:0.000729s ]
SQL: SHOW COLUMNS FROM `sb_member` [ RunTime:0.0240s ]
SQL: SELECT * FROM `sb_member` WHERE `mid` = 1445483267 LIMIT 1   [ RunTime:0.0227s ]
SQL: SHOW COLUMNS FROM `sb_memberstatus` [ RunTime:0.0319s ]
SQL: SELECT * FROM `sb_memberstatus` WHERE `id` = 1 LIMIT 1   [ RunTime:0.0207s ]
SQL: SHOW COLUMNS FROM `sb_repayrule` [ RunTime:0.0229s ]
SQL: SELECT * FROM `sb_member` WHERE `mid` = 0 LIMIT 1   [ RunTime:0.0217s ]
SQL: SELECT * FROM `sb_memberstatus` WHERE `id` = null LIMIT 1   [ RunTime:0.0229s ]
SQL: SELECT * FROM `sb_repayrule` WHERE `id` = null LIMIT 1   [ RunTime:0.0223s ]
SQL: SHOW COLUMNS FROM `sb_order` [ RunTime:0.0223s ]
SQL: SELECT `mid`,`createtime`,`money` FROM `sb_order` WHERE `mid` = 1445483267  [ RunTime:0.0216s ]
NOTIC: [8] Undefined variable: get_money C:\xampp\htdocs\lxt\lxt\Home\Model\OrderModel.class.php 第 27 行.
SQL: SELECT `mid`,`createtime`,`money` FROM `sb_order` WHERE `mid` = 1445483267  [ RunTime:0.0190s ]
SQL: SHOW COLUMNS FROM `sb_cash` [ RunTime:0.0228s ]
SQL: SELECT `score` FROM `sb_cash` WHERE `mid` = 1445483267 AND `status` = 1  [ RunTime:0.0221s ]
SQL: SHOW COLUMNS FROM `sb_exchange` [ RunTime:0.0213s ]
SQL: SELECT `amount` FROM `sb_exchange` WHERE `mid` = 1445483267 AND `status` = 1  [ RunTime:0.0202s ]
SQL: SELECT * FROM `sb_member` ORDER BY score desc LIMIT 4   [ RunTime:0.0212s ]
SQL: SHOW COLUMNS FROM `sb_order` [ RunTime:0.0210s ]
SQL: SELECT * FROM `sb_order` WHERE `mid` = 1445483267  [ RunTime:0.0212s ]
INFO: [ view_parse ] --START--
INFO: [ template_filter ] --START--
INFO: Run Behavior\ContentReplaceBehavior [ RunTime:0.000162s ]
INFO: [ template_filter ] --END-- [ RunTime:0.000222s ]
NOTIC: [8] Undefined variable: get_money C:\xampp\htdocs\lxt\lxt\Runtime\Cache\Home\e49ebe815279eec910a4668e79404eed.php 第 299 行.
NOTIC: [8] Undefined variable: get_money C:\xampp\htdocs\lxt\lxt\Runtime\Cache\Home\e49ebe815279eec910a4668e79404eed.php 第 332 行.
INFO: Run Behavior\ParseTemplateBehavior [ RunTime:0.021330s ]
INFO: [ view_parse ] --END-- [ RunTime:0.021425s ]
INFO: [ view_filter ] --START--
INFO: Run Behavior\WriteHtmlCacheBehavior [ RunTime:0.001187s ]
INFO: [ view_filter ] --END-- [ RunTime:0.001356s ]
INFO: [ app_end ] --START--
INFO: Run Behavior\ShowPageTraceBehavior [ RunTime:0.001219s ]
INFO: [ app_end ] --END-- [ RunTime:0.001327s ]

[ 2015-10-28T12:47:34+08:00 ] 127.0.0.1 /lxt/index.php/Home/Index/index.html
INFO: [ app_init ] --START--
INFO: Run Behavior\BuildLiteBehavior [ RunTime:0.000014s ]
INFO: [ app_init ] --END-- [ RunTime:0.000438s ]
INFO: [ app_begin ] --START--
INFO: Run Behavior\ReadHtmlCacheBehavior [ RunTime:0.001746s ]
INFO: [ app_begin ] --END-- [ RunTime:0.002007s ]
NOTIC: [2] PDO::__construct(): MySQL server has gone away C:\xampp\htdocs\lxt\ThinkPHP\Library\Think\Db\Driver.class.php 第 103 行.
NOTIC: [2] PDO::__construct(): Error while reading greeting packet. PID=1104 C:\xampp\htdocs\lxt\ThinkPHP\Library\Think\Db\Driver.class.php 第 103 行.
ERR: SQLSTATE[HY000] [2006] MySQL server has gone away

[ 2015-10-28T12:47:40+08:00 ] 127.0.0.1 /lxt/index.php/Home/Index/index.html
INFO: [ app_init ] --START--
INFO: Run Behavior\BuildLiteBehavior [ RunTime:0.000041s ]
INFO: [ app_init ] --END-- [ RunTime:0.001174s ]
INFO: [ app_begin ] --START--
INFO: Run Behavior\ReadHtmlCacheBehavior [ RunTime:0.001025s ]
INFO: [ app_begin ] --END-- [ RunTime:0.001127s ]
SQL: SHOW COLUMNS FROM `sb_member` [ RunTime:0.0149s ]
SQL: SELECT * FROM `sb_member` WHERE `mid` = 1445483267 LIMIT 1   [ RunTime:0.0159s ]
SQL: SHOW COLUMNS FROM `sb_memberstatus` [ RunTime:0.0232s ]
SQL: SELECT * FROM `sb_memberstatus` WHERE `id` = 1 LIMIT 1   [ RunTime:0.0276s ]
SQL: SHOW COLUMNS FROM `sb_repayrule` [ RunTime:0.0338s ]
SQL: SELECT * FROM `sb_member` WHERE `mid` = 0 LIMIT 1   [ RunTime:0.0318s ]
SQL: SELECT * FROM `sb_memberstatus` WHERE `id` = null LIMIT 1   [ RunTime:0.0324s ]
SQL: SELECT * FROM `sb_repayrule` WHERE `id` = null LIMIT 1   [ RunTime:0.0328s ]
SQL: SHOW COLUMNS FROM `sb_order` [ RunTime:0.0349s ]
SQL: SELECT `mid`,`createtime`,`money` FROM `sb_order` WHERE `mid` = 1445483267  [ RunTime:0.0228s ]
NOTIC: [8] Undefined variable: get_money C:\xampp\htdocs\lxt\lxt\Home\Model\OrderModel.class.php 第 27 行.
SQL: SELECT `mid`,`createtime`,`money` FROM `sb_order` WHERE `mid` = 1445483267  [ RunTime:0.0246s ]
SQL: SHOW COLUMNS FROM `sb_cash` [ RunTime:0.0232s ]
SQL: SELECT `score` FROM `sb_cash` WHERE `mid` = 1445483267 AND `status` = 1  [ RunTime:0.0140s ]
SQL: SHOW COLUMNS FROM `sb_exchange` [ RunTime:0.0140s ]
SQL: SELECT `amount` FROM `sb_exchange` WHERE `mid` = 1445483267 AND `status` = 1  [ RunTime:0.0113s ]
SQL: SELECT * FROM `sb_member` ORDER BY score desc LIMIT 4   [ RunTime:0.0146s ]
SQL: SHOW COLUMNS FROM `sb_order` [ RunTime:0.0162s ]
SQL: SELECT * FROM `sb_order` WHERE `mid` = 1445483267  [ RunTime:0.0159s ]
INFO: [ view_parse ] --START--
INFO: [ template_filter ] --START--
INFO: Run Behavior\ContentReplaceBehavior [ RunTime:0.000413s ]
INFO: [ template_filter ] --END-- [ RunTime:0.000687s ]
NOTIC: [8] Undefined variable: get_money C:\xampp\htdocs\lxt\lxt\Runtime\Cache\Home\e49ebe815279eec910a4668e79404eed.php 第 299 行.
NOTIC: [8] Undefined variable: get_money C:\xampp\htdocs\lxt\lxt\Runtime\Cache\Home\e49ebe815279eec910a4668e79404eed.php 第 332 行.
INFO: Run Behavior\ParseTemplateBehavior [ RunTime:0.052707s ]
INFO: [ view_parse ] --END-- [ RunTime:0.052790s ]
INFO: [ view_filter ] --START--
INFO: Run Behavior\WriteHtmlCacheBehavior [ RunTime:0.000782s ]
INFO: [ view_filter ] --END-- [ RunTime:0.000852s ]
INFO: [ app_end ] --START--
INFO: Run Behavior\ShowPageTraceBehavior [ RunTime:0.001162s ]
INFO: [ app_end ] --END-- [ RunTime:0.001268s ]

