[ 2015-10-11T00:02:02+08:00 ] 127.0.0.1 /lxt/
INFO: [ app_init ] --START--
INFO: Run Behavior\BuildLiteBehavior [ RunTime:0.000012s ]
INFO: [ app_init ] --END-- [ RunTime:0.000313s ]
INFO: [ app_begin ] --START--
INFO: Run Behavior\ReadHtmlCacheBehavior [ RunTime:0.000506s ]
INFO: [ app_begin ] --END-- [ RunTime:0.000550s ]
SQL: SHOW COLUMNS FROM `sb_member` [ RunTime:0.0096s ]
SQL: SELECT * FROM `sb_member` WHERE `mid` = 1442927376 LIMIT 1   [ RunTime:0.0003s ]
SQL: SHOW COLUMNS FROM `sb_memberstatus` [ RunTime:0.0075s ]
SQL: SELECT * FROM `sb_memberstatus` WHERE `id` = 2 LIMIT 1   [ RunTime:0.0003s ]
SQL: SHOW COLUMNS FROM `sb_repayrule` [ RunTime:0.0059s ]
SQL: SELECT * FROM `sb_member` WHERE `mid` = 1442927376 LIMIT 1   [ RunTime:0.0003s ]
SQL: SELECT * FROM `sb_memberstatus` WHERE `id` = 2 LIMIT 1   [ RunTime:0.0001s ]
SQL: SELECT * FROM `sb_repayrule` WHERE `id` = 3 LIMIT 1   [ RunTime:0.0001s ]
SQL: SHOW COLUMNS FROM `sb_order` [ RunTime:0.0051s ]
SQL: SELECT `mid`,`createtime`,`money` FROM `sb_order` WHERE `mid` = 1442927376  [ RunTime:0.0003s ]
NOTIC: [8] Undefined variable: get_money C:\xampp\htdocs\lxt\lxt\Home\Model\OrderModel.class.php 第 24 行.
SQL: SHOW COLUMNS FROM `sb_order` [ RunTime:0.0047s ]
SQL: SELECT * FROM `sb_order` WHERE `mid` = 1442927376  [ RunTime:0.0003s ]
SQL: SELECT * FROM `sb_member` WHERE `mid` = 1442927376 LIMIT 1   [ RunTime:0.0002s ]
SQL: SELECT * FROM `sb_memberstatus` WHERE `id` = 2 LIMIT 1   [ RunTime:0.0002s ]
SQL: SELECT * FROM `sb_repayrule` WHERE `id` = 3 LIMIT 1   [ RunTime:0.0061s ]
SQL: SHOW COLUMNS FROM `sb_cash` [ RunTime:0.0067s ]
SQL: SELECT * FROM `sb_cash` WHERE `mid` = 1442927376  [ RunTime:0.0013s ]
SQL: SHOW COLUMNS FROM `sb_exchange` [ RunTime:0.0070s ]
SQL: SELECT * FROM `sb_exchange` WHERE `mid` = 1442927376  [ RunTime:0.0003s ]

[ 2015-10-11T00:04:04+08:00 ] 127.0.0.1 /lxt/
INFO: [ app_init ] --START--
INFO: Run Behavior\BuildLiteBehavior [ RunTime:0.000015s ]
INFO: [ app_init ] --END-- [ RunTime:0.000419s ]
INFO: [ app_begin ] --START--
INFO: Run Behavior\ReadHtmlCacheBehavior [ RunTime:0.000685s ]
INFO: [ app_begin ] --END-- [ RunTime:0.000741s ]
SQL: SHOW COLUMNS FROM `sb_member` [ RunTime:0.0071s ]
SQL: SELECT * FROM `sb_member` WHERE `mid` = 1442927376 LIMIT 1   [ RunTime:0.0005s ]
SQL: SHOW COLUMNS FROM `sb_memberstatus` [ RunTime:0.0051s ]
SQL: SELECT * FROM `sb_memberstatus` WHERE `id` = 2 LIMIT 1   [ RunTime:0.0002s ]
SQL: SHOW COLUMNS FROM `sb_repayrule` [ RunTime:0.0052s ]
SQL: SELECT * FROM `sb_member` WHERE `mid` = 1442927376 LIMIT 1   [ RunTime:0.0003s ]
SQL: SELECT * FROM `sb_memberstatus` WHERE `id` = 2 LIMIT 1   [ RunTime:0.0002s ]
SQL: SELECT * FROM `sb_repayrule` WHERE `id` = 3 LIMIT 1   [ RunTime:0.0001s ]
SQL: SHOW COLUMNS FROM `sb_order` [ RunTime:0.0122s ]
SQL: SELECT `mid`,`createtime`,`money` FROM `sb_order` WHERE `mid` = 1442927376  [ RunTime:0.0002s ]
NOTIC: [8] Undefined variable: get_money C:\xampp\htdocs\lxt\lxt\Home\Model\OrderModel.class.php 第 24 行.
SQL: SHOW COLUMNS FROM `sb_order` [ RunTime:0.0034s ]
SQL: SELECT * FROM `sb_order` WHERE `mid` = 1442927376  [ RunTime:0.0003s ]
SQL: SELECT * FROM `sb_member` WHERE `mid` = 1442927376 LIMIT 1   [ RunTime:0.0002s ]
SQL: SELECT * FROM `sb_memberstatus` WHERE `id` = 2 LIMIT 1   [ RunTime:0.0002s ]
SQL: SELECT * FROM `sb_repayrule` WHERE `id` = 3 LIMIT 1   [ RunTime:0.0001s ]
SQL: SHOW COLUMNS FROM `sb_cash` [ RunTime:0.0056s ]
SQL: SELECT * FROM `sb_cash` WHERE `mid` = 1442927376  [ RunTime:0.0003s ]
SQL: SHOW COLUMNS FROM `sb_exchange` [ RunTime:0.0057s ]
SQL: SELECT * FROM `sb_exchange` WHERE `mid` = 1442927376  [ RunTime:0.0002s ]

[ 2015-10-11T00:04:16+08:00 ] 127.0.0.1 /lxt/
INFO: [ app_init ] --START--
INFO: Run Behavior\BuildLiteBehavior [ RunTime:0.000012s ]
INFO: [ app_init ] --END-- [ RunTime:0.000325s ]
INFO: [ app_begin ] --START--
INFO: Run Behavior\ReadHtmlCacheBehavior [ RunTime:0.000709s ]
INFO: [ app_begin ] --END-- [ RunTime:0.000767s ]
SQL: SHOW COLUMNS FROM `sb_member` [ RunTime:0.0099s ]
SQL: SELECT * FROM `sb_member` WHERE `mid` = 1442927376 LIMIT 1   [ RunTime:0.0005s ]
SQL: SHOW COLUMNS FROM `sb_memberstatus` [ RunTime:0.0088s ]
SQL: SELECT * FROM `sb_memberstatus` WHERE `id` = 2 LIMIT 1   [ RunTime:0.0002s ]
SQL: SHOW COLUMNS FROM `sb_repayrule` [ RunTime:0.0059s ]
SQL: SELECT * FROM `sb_member` WHERE `mid` = 1442927376 LIMIT 1   [ RunTime:0.0003s ]
SQL: SELECT * FROM `sb_memberstatus` WHERE `id` = 2 LIMIT 1   [ RunTime:0.0002s ]
SQL: SELECT * FROM `sb_repayrule` WHERE `id` = 3 LIMIT 1   [ RunTime:0.0001s ]
SQL: SHOW COLUMNS FROM `sb_order` [ RunTime:0.0062s ]
SQL: SELECT `mid`,`createtime`,`money` FROM `sb_order` WHERE `mid` = 1442927376  [ RunTime:0.0002s ]
NOTIC: [8] Undefined variable: get_money C:\xampp\htdocs\lxt\lxt\Home\Model\OrderModel.class.php 第 26 行.
SQL: SHOW COLUMNS FROM `sb_order` [ RunTime:0.0041s ]
SQL: SELECT * FROM `sb_order` WHERE `mid` = 1442927376  [ RunTime:0.0003s ]
SQL: SELECT * FROM `sb_member` WHERE `mid` = 1442927376 LIMIT 1   [ RunTime:0.0003s ]
SQL: SELECT * FROM `sb_memberstatus` WHERE `id` = 2 LIMIT 1   [ RunTime:0.0002s ]
SQL: SELECT * FROM `sb_repayrule` WHERE `id` = 3 LIMIT 1   [ RunTime:0.0002s ]
SQL: SHOW COLUMNS FROM `sb_cash` [ RunTime:0.0076s ]
SQL: SELECT * FROM `sb_cash` WHERE `mid` = 1442927376  [ RunTime:0.0004s ]
SQL: SHOW COLUMNS FROM `sb_exchange` [ RunTime:0.0054s ]
SQL: SELECT * FROM `sb_exchange` WHERE `mid` = 1442927376  [ RunTime:0.0003s ]
SQL: SELECT * FROM `sb_member` ORDER BY score desc LIMIT 4   [ RunTime:0.0003s ]

[ 2015-10-11T00:04:41+08:00 ] 127.0.0.1 /lxt/
INFO: [ app_init ] --START--
INFO: Run Behavior\BuildLiteBehavior [ RunTime:0.000091s ]
INFO: [ app_init ] --END-- [ RunTime:0.000823s ]
INFO: [ app_begin ] --START--
INFO: Run Behavior\ReadHtmlCacheBehavior [ RunTime:0.000744s ]
INFO: [ app_begin ] --END-- [ RunTime:0.000825s ]
SQL: SHOW COLUMNS FROM `sb_member` [ RunTime:0.0104s ]
SQL: SELECT * FROM `sb_member` WHERE `mid` = 1442927376 LIMIT 1   [ RunTime:0.0003s ]
SQL: SHOW COLUMNS FROM `sb_memberstatus` [ RunTime:0.0092s ]
SQL: SELECT * FROM `sb_memberstatus` WHERE `id` = 2 LIMIT 1   [ RunTime:0.0002s ]
SQL: SHOW COLUMNS FROM `sb_repayrule` [ RunTime:0.0053s ]
SQL: SELECT * FROM `sb_member` WHERE `mid` = 1442927376 LIMIT 1   [ RunTime:0.0003s ]
SQL: SELECT * FROM `sb_memberstatus` WHERE `id` = 2 LIMIT 1   [ RunTime:0.0002s ]
SQL: SELECT * FROM `sb_repayrule` WHERE `id` = 3 LIMIT 1   [ RunTime:0.0002s ]
SQL: SHOW COLUMNS FROM `sb_order` [ RunTime:0.0117s ]
SQL: SELECT `mid`,`createtime`,`money` FROM `sb_order` WHERE `mid` = 1442927376  [ RunTime:0.0003s ]
NOTIC: [8] Undefined variable: get_money C:\xampp\htdocs\lxt\lxt\Home\Model\OrderModel.class.php 第 26 行.

[ 2015-10-11T00:25:45+08:00 ] 127.0.0.1 /lxt/
INFO: [ app_init ] --START--
INFO: Run Behavior\BuildLiteBehavior [ RunTime:0.000017s ]
INFO: [ app_init ] --END-- [ RunTime:0.000453s ]
INFO: [ app_begin ] --START--
INFO: Run Behavior\ReadHtmlCacheBehavior [ RunTime:0.000891s ]
INFO: [ app_begin ] --END-- [ RunTime:0.000964s ]
SQL: SHOW COLUMNS FROM `sb_member` [ RunTime:0.0106s ]
SQL: SELECT * FROM `sb_member` WHERE `mid` = 1442927376 LIMIT 1   [ RunTime:0.0004s ]
SQL: SHOW COLUMNS FROM `sb_memberstatus` [ RunTime:0.0081s ]
SQL: SELECT * FROM `sb_memberstatus` WHERE `id` = 2 LIMIT 1   [ RunTime:0.0004s ]
SQL: SHOW COLUMNS FROM `sb_repayrule` [ RunTime:0.0146s ]
SQL: SELECT * FROM `sb_member` WHERE `mid` = 1442927376 LIMIT 1   [ RunTime:0.0005s ]
SQL: SELECT * FROM `sb_memberstatus` WHERE `id` = 2 LIMIT 1   [ RunTime:0.0002s ]
SQL: SELECT * FROM `sb_repayrule` WHERE `id` = 3 LIMIT 1   [ RunTime:0.0002s ]
SQL: SHOW COLUMNS FROM `sb_order` [ RunTime:0.0098s ]
NOTIC: [8] Undefined variable: mid C:\xampp\htdocs\lxt\lxt\Home\Controller\IndexController.class.php 第 68 行.
SQL: SELECT `mid`,`createtime`,`money` FROM `sb_order` WHERE `mid` = null  [ RunTime:0.0003s ]
NOTIC: [8] Undefined variable: get_money C:\xampp\htdocs\lxt\lxt\Home\Model\OrderModel.class.php 第 30 行.
SQL: SHOW COLUMNS FROM `sb_order` [ RunTime:0.0061s ]
SQL: SELECT `mid`,`createtime`,`money` FROM `sb_order` WHERE `mid` = 1442927376  [ RunTime:0.0003s ]
SQL: SHOW COLUMNS FROM `sb_cash` [ RunTime:0.0073s ]
SQL: SELECT `score` FROM `sb_cash` WHERE `mid` = 1442927376 AND `status` = 1  [ RunTime:0.0003s ]
SQL: SHOW COLUMNS FROM `sb_exchange` [ RunTime:0.0071s ]
SQL: SELECT `amount` FROM `sb_exchange` WHERE `mid` = 1442927376 AND `status` = 1  [ RunTime:0.0004s ]
SQL: SELECT * FROM `sb_member` ORDER BY score desc LIMIT 4   [ RunTime:0.0005s ]
NOTIC: [8] Undefined variable: order C:\xampp\htdocs\lxt\lxt\Home\Controller\IndexController.class.php 第 84 行.
INFO: [ view_parse ] --START--
INFO: [ template_filter ] --START--
INFO: Run Behavior\ContentReplaceBehavior [ RunTime:0.000109s ]
INFO: [ template_filter ] --END-- [ RunTime:0.000156s ]
INFO: Run Behavior\ParseTemplateBehavior [ RunTime:0.076797s ]
INFO: [ view_parse ] --END-- [ RunTime:0.076909s ]
INFO: [ view_filter ] --START--
INFO: Run Behavior\WriteHtmlCacheBehavior [ RunTime:0.004916s ]
INFO: [ view_filter ] --END-- [ RunTime:0.004972s ]
INFO: [ app_end ] --START--
INFO: Run Behavior\ShowPageTraceBehavior [ RunTime:0.012552s ]
INFO: [ app_end ] --END-- [ RunTime:0.012626s ]

[ 2015-10-11T00:26:15+08:00 ] 127.0.0.1 /lxt/
INFO: [ app_init ] --START--
INFO: Run Behavior\BuildLiteBehavior [ RunTime:0.000020s ]
INFO: [ app_init ] --END-- [ RunTime:0.000570s ]
INFO: [ app_begin ] --START--
INFO: Run Behavior\ReadHtmlCacheBehavior [ RunTime:0.001074s ]
INFO: [ app_begin ] --END-- [ RunTime:0.001169s ]
SQL: SHOW COLUMNS FROM `sb_member` [ RunTime:0.0133s ]
SQL: SELECT * FROM `sb_member` WHERE `mid` = 1442927376 LIMIT 1   [ RunTime:0.0006s ]
SQL: SHOW COLUMNS FROM `sb_memberstatus` [ RunTime:0.0095s ]
SQL: SELECT * FROM `sb_memberstatus` WHERE `id` = 2 LIMIT 1   [ RunTime:0.0003s ]
SQL: SHOW COLUMNS FROM `sb_repayrule` [ RunTime:0.0121s ]
SQL: SELECT * FROM `sb_member` WHERE `mid` = 1442927376 LIMIT 1   [ RunTime:0.0004s ]
SQL: SELECT * FROM `sb_memberstatus` WHERE `id` = 2 LIMIT 1   [ RunTime:0.0003s ]
SQL: SELECT * FROM `sb_repayrule` WHERE `id` = 3 LIMIT 1   [ RunTime:0.0002s ]
SQL: SHOW COLUMNS FROM `sb_order` [ RunTime:0.0081s ]
NOTIC: [8] Undefined variable: mid C:\xampp\htdocs\lxt\lxt\Home\Controller\IndexController.class.php 第 68 行.
SQL: SELECT `mid`,`createtime`,`money` FROM `sb_order` WHERE `mid` = null  [ RunTime:0.0003s ]
NOTIC: [8] Undefined variable: get_money C:\xampp\htdocs\lxt\lxt\Home\Model\OrderModel.class.php 第 30 行.
SQL: SHOW COLUMNS FROM `sb_order` [ RunTime:0.0049s ]
SQL: SELECT `mid`,`createtime`,`money` FROM `sb_order` WHERE `mid` = 1442927376  [ RunTime:0.0003s ]
SQL: SHOW COLUMNS FROM `sb_cash` [ RunTime:0.0090s ]
SQL: SELECT `score` FROM `sb_cash` WHERE `mid` = 1442927376 AND `status` = 1  [ RunTime:0.0003s ]
SQL: SHOW COLUMNS FROM `sb_exchange` [ RunTime:0.0065s ]
SQL: SELECT `amount` FROM `sb_exchange` WHERE `mid` = 1442927376 AND `status` = 1  [ RunTime:0.0003s ]
SQL: SELECT * FROM `sb_member` ORDER BY score desc LIMIT 4   [ RunTime:0.0011s ]
NOTIC: [8] Undefined variable: order C:\xampp\htdocs\lxt\lxt\Home\Controller\IndexController.class.php 第 84 行.
INFO: [ view_parse ] --START--
INFO: [ template_filter ] --START--
INFO: Run Behavior\ContentReplaceBehavior [ RunTime:0.000151s ]
INFO: [ template_filter ] --END-- [ RunTime:0.000221s ]
INFO: Run Behavior\ParseTemplateBehavior [ RunTime:0.029710s ]
INFO: [ view_parse ] --END-- [ RunTime:0.029805s ]
INFO: [ view_filter ] --START--
INFO: Run Behavior\WriteHtmlCacheBehavior [ RunTime:0.000622s ]
INFO: [ view_filter ] --END-- [ RunTime:0.000693s ]
INFO: [ app_end ] --START--
INFO: Run Behavior\ShowPageTraceBehavior [ RunTime:0.001584s ]
INFO: [ app_end ] --END-- [ RunTime:0.001733s ]

[ 2015-10-11T00:26:16+08:00 ] 127.0.0.1 /lxt/
INFO: [ app_init ] --START--
INFO: Run Behavior\BuildLiteBehavior [ RunTime:0.000016s ]
INFO: [ app_init ] --END-- [ RunTime:0.000422s ]
INFO: [ app_begin ] --START--
INFO: Run Behavior\ReadHtmlCacheBehavior [ RunTime:0.001304s ]
INFO: [ app_begin ] --END-- [ RunTime:0.001369s ]
SQL: SHOW COLUMNS FROM `sb_member` [ RunTime:0.0089s ]
SQL: SELECT * FROM `sb_member` WHERE `mid` = 1442927376 LIMIT 1   [ RunTime:0.0004s ]
SQL: SHOW COLUMNS FROM `sb_memberstatus` [ RunTime:0.0059s ]
SQL: SELECT * FROM `sb_memberstatus` WHERE `id` = 2 LIMIT 1   [ RunTime:0.0003s ]
SQL: SHOW COLUMNS FROM `sb_repayrule` [ RunTime:0.0062s ]
SQL: SELECT * FROM `sb_member` WHERE `mid` = 1442927376 LIMIT 1   [ RunTime:0.0003s ]
SQL: SELECT * FROM `sb_memberstatus` WHERE `id` = 2 LIMIT 1   [ RunTime:0.0002s ]
SQL: SELECT * FROM `sb_repayrule` WHERE `id` = 3 LIMIT 1   [ RunTime:0.0001s ]
SQL: SHOW COLUMNS FROM `sb_order` [ RunTime:0.0107s ]
NOTIC: [8] Undefined variable: mid C:\xampp\htdocs\lxt\lxt\Home\Controller\IndexController.class.php 第 68 行.
SQL: SELECT `mid`,`createtime`,`money` FROM `sb_order` WHERE `mid` = null  [ RunTime:0.0004s ]
NOTIC: [8] Undefined variable: get_money C:\xampp\htdocs\lxt\lxt\Home\Model\OrderModel.class.php 第 30 行.
SQL: SHOW COLUMNS FROM `sb_order` [ RunTime:0.0045s ]
SQL: SELECT `mid`,`createtime`,`money` FROM `sb_order` WHERE `mid` = 1442927376  [ RunTime:0.0003s ]
SQL: SHOW COLUMNS FROM `sb_cash` [ RunTime:0.0068s ]
SQL: SELECT `score` FROM `sb_cash` WHERE `mid` = 1442927376 AND `status` = 1  [ RunTime:0.0002s ]
SQL: SHOW COLUMNS FROM `sb_exchange` [ RunTime:0.0056s ]
SQL: SELECT `amount` FROM `sb_exchange` WHERE `mid` = 1442927376 AND `status` = 1  [ RunTime:0.0004s ]
SQL: SELECT * FROM `sb_member` ORDER BY score desc LIMIT 4   [ RunTime:0.0004s ]
NOTIC: [8] Undefined variable: order C:\xampp\htdocs\lxt\lxt\Home\Controller\IndexController.class.php 第 84 行.
INFO: [ view_parse ] --START--
INFO: [ template_filter ] --START--
INFO: Run Behavior\ContentReplaceBehavior [ RunTime:0.000163s ]
INFO: [ template_filter ] --END-- [ RunTime:0.000232s ]
INFO: Run Behavior\ParseTemplateBehavior [ RunTime:0.036662s ]
INFO: [ view_parse ] --END-- [ RunTime:0.036739s ]
INFO: [ view_filter ] --START--
INFO: Run Behavior\WriteHtmlCacheBehavior [ RunTime:0.000488s ]
INFO: [ view_filter ] --END-- [ RunTime:0.000541s ]
INFO: [ app_end ] --START--
INFO: Run Behavior\ShowPageTraceBehavior [ RunTime:0.000772s ]
INFO: [ app_end ] --END-- [ RunTime:0.000833s ]

[ 2015-10-11T00:27:58+08:00 ] 127.0.0.1 /lxt/
INFO: [ app_init ] --START--
INFO: Run Behavior\BuildLiteBehavior [ RunTime:0.000020s ]
INFO: [ app_init ] --END-- [ RunTime:0.000495s ]
INFO: [ app_begin ] --START--
INFO: Run Behavior\ReadHtmlCacheBehavior [ RunTime:0.001692s ]
INFO: [ app_begin ] --END-- [ RunTime:0.001865s ]
SQL: SHOW COLUMNS FROM `sb_member` [ RunTime:0.0075s ]
SQL: SELECT * FROM `sb_member` WHERE `mid` = 1442927376 LIMIT 1   [ RunTime:0.0003s ]
SQL: SHOW COLUMNS FROM `sb_memberstatus` [ RunTime:0.0056s ]
SQL: SELECT * FROM `sb_memberstatus` WHERE `id` = 2 LIMIT 1   [ RunTime:0.0002s ]
SQL: SHOW COLUMNS FROM `sb_repayrule` [ RunTime:0.0060s ]
SQL: SELECT * FROM `sb_member` WHERE `mid` = 1442927376 LIMIT 1   [ RunTime:0.0003s ]
SQL: SELECT * FROM `sb_memberstatus` WHERE `id` = 2 LIMIT 1   [ RunTime:0.0002s ]
SQL: SELECT * FROM `sb_repayrule` WHERE `id` = 3 LIMIT 1   [ RunTime:0.0002s ]
SQL: SHOW COLUMNS FROM `sb_order` [ RunTime:0.0081s ]
SQL: SELECT `mid`,`createtime`,`money` FROM `sb_order` WHERE `mid` = 1442927376  [ RunTime:0.0003s ]
NOTIC: [8] Undefined variable: get_money C:\xampp\htdocs\lxt\lxt\Home\Model\OrderModel.class.php 第 24 行.
SQL: SHOW COLUMNS FROM `sb_order` [ RunTime:0.0079s ]
SQL: SELECT `mid`,`createtime`,`money` FROM `sb_order` WHERE `mid` = 1442927376  [ RunTime:0.0002s ]
SQL: SHOW COLUMNS FROM `sb_cash` [ RunTime:0.0055s ]
SQL: SELECT `score` FROM `sb_cash` WHERE `mid` = 1442927376 AND `status` = 1  [ RunTime:0.0003s ]
SQL: SHOW COLUMNS FROM `sb_exchange` [ RunTime:0.0069s ]
SQL: SELECT `amount` FROM `sb_exchange` WHERE `mid` = 1442927376 AND `status` = 1  [ RunTime:0.0002s ]
SQL: SELECT * FROM `sb_member` ORDER BY score desc LIMIT 4   [ RunTime:0.0002s ]
NOTIC: [8] Undefined variable: order C:\xampp\htdocs\lxt\lxt\Home\Controller\IndexController.class.php 第 84 行.
INFO: [ view_parse ] --START--
INFO: [ template_filter ] --START--
INFO: Run Behavior\ContentReplaceBehavior [ RunTime:0.000177s ]
INFO: [ template_filter ] --END-- [ RunTime:0.000255s ]
INFO: Run Behavior\ParseTemplateBehavior [ RunTime:0.017538s ]
INFO: [ view_parse ] --END-- [ RunTime:0.017598s ]
INFO: [ view_filter ] --START--
INFO: Run Behavior\WriteHtmlCacheBehavior [ RunTime:0.000436s ]
INFO: [ view_filter ] --END-- [ RunTime:0.000477s ]
INFO: [ app_end ] --START--
INFO: Run Behavior\ShowPageTraceBehavior [ RunTime:0.000748s ]
INFO: [ app_end ] --END-- [ RunTime:0.000807s ]

[ 2015-10-11T00:29:35+08:00 ] 127.0.0.1 /lxt/
INFO: [ app_init ] --START--
INFO: Run Behavior\BuildLiteBehavior [ RunTime:0.000016s ]
INFO: [ app_init ] --END-- [ RunTime:0.000414s ]
INFO: [ app_begin ] --START--
INFO: Run Behavior\ReadHtmlCacheBehavior [ RunTime:0.000696s ]
INFO: [ app_begin ] --END-- [ RunTime:0.000755s ]
SQL: SHOW COLUMNS FROM `sb_member` [ RunTime:0.0156s ]
SQL: SELECT * FROM `sb_member` WHERE `mid` = 1442927376 LIMIT 1   [ RunTime:0.0004s ]
SQL: SHOW COLUMNS FROM `sb_memberstatus` [ RunTime:0.0051s ]
SQL: SELECT * FROM `sb_memberstatus` WHERE `id` = 2 LIMIT 1   [ RunTime:0.0002s ]
SQL: SHOW COLUMNS FROM `sb_repayrule` [ RunTime:0.0050s ]
SQL: SELECT * FROM `sb_member` WHERE `mid` = 1442927376 LIMIT 1   [ RunTime:0.0003s ]
SQL: SELECT * FROM `sb_memberstatus` WHERE `id` = 2 LIMIT 1   [ RunTime:0.0002s ]
SQL: SELECT * FROM `sb_repayrule` WHERE `id` = 3 LIMIT 1   [ RunTime:0.0001s ]
SQL: SHOW COLUMNS FROM `sb_order` [ RunTime:0.0067s ]
SQL: SELECT `mid`,`createtime`,`money` FROM `sb_order` WHERE `mid` = 1442927376  [ RunTime:0.0002s ]
NOTIC: [8] Undefined variable: get_money C:\xampp\htdocs\lxt\lxt\Home\Model\OrderModel.class.php 第 26 行.
SQL: SHOW COLUMNS FROM `sb_order` [ RunTime:0.0033s ]
SQL: SELECT `mid`,`createtime`,`money` FROM `sb_order` WHERE `mid` = 1442927376  [ RunTime:0.0002s ]
SQL: SHOW COLUMNS FROM `sb_cash` [ RunTime:0.0069s ]
SQL: SELECT `score` FROM `sb_cash` WHERE `mid` = 1442927376 AND `status` = 1  [ RunTime:0.0002s ]
SQL: SHOW COLUMNS FROM `sb_exchange` [ RunTime:0.0081s ]
SQL: SELECT `amount` FROM `sb_exchange` WHERE `mid` = 1442927376 AND `status` = 1  [ RunTime:0.0002s ]
SQL: SELECT * FROM `sb_member` ORDER BY score desc LIMIT 4   [ RunTime:0.0002s ]
NOTIC: [8] Undefined variable: order C:\xampp\htdocs\lxt\lxt\Home\Controller\IndexController.class.php 第 84 行.
INFO: [ view_parse ] --START--
INFO: [ template_filter ] --START--
INFO: Run Behavior\ContentReplaceBehavior [ RunTime:0.000169s ]
INFO: [ template_filter ] --END-- [ RunTime:0.000232s ]
INFO: Run Behavior\ParseTemplateBehavior [ RunTime:0.029981s ]
INFO: [ view_parse ] --END-- [ RunTime:0.030056s ]
INFO: [ view_filter ] --START--
INFO: Run Behavior\WriteHtmlCacheBehavior [ RunTime:0.000489s ]
INFO: [ view_filter ] --END-- [ RunTime:0.000542s ]
INFO: [ app_end ] --START--
INFO: Run Behavior\ShowPageTraceBehavior [ RunTime:0.000753s ]
INFO: [ app_end ] --END-- [ RunTime:0.000819s ]

[ 2015-10-11T09:46:49+08:00 ] 127.0.0.1 /lxt/index.php/Home/Iogin/out
ERR: 无法加载控制器:Iogin

[ 2015-10-11T10:17:33+08:00 ] 127.0.0.1 /lxt/index.php/Home/Login/pre.html
ERR: 非法操作:pre

[ 2015-10-11T10:36:16+08:00 ] 127.0.0.1 /lxt/index.php/Home/Login/pre.html
ERR: 非法操作:pre

[ 2015-10-11T10:36:16+08:00 ] 127.0.0.1 /lxt/index.php/Home/Login/pre.html
ERR: 非法操作:pre

