[ 2015-10-09T07:22:43+08:00 ] 127.0.0.1 /lxt/index.php/Home/Index/index.html
INFO: [ app_init ] --START--
INFO: Run Behavior\BuildLiteBehavior [ RunTime:0.000021s ]
INFO: [ app_init ] --END-- [ RunTime:0.000627s ]
INFO: [ app_begin ] --START--
INFO: Run Behavior\ReadHtmlCacheBehavior [ RunTime:0.000613s ]
INFO: [ app_begin ] --END-- [ RunTime:0.000673s ]

[ 2015-10-09T07:22:54+08:00 ] 127.0.0.1 /lxt/index.php/Home/Index/index.html
INFO: [ app_init ] --START--
INFO: Run Behavior\BuildLiteBehavior [ RunTime:0.000013s ]
INFO: [ app_init ] --END-- [ RunTime:0.000388s ]
INFO: [ app_begin ] --START--
INFO: Run Behavior\ReadHtmlCacheBehavior [ RunTime:0.000673s ]
INFO: [ app_begin ] --END-- [ RunTime:0.000727s ]
SQL: SHOW COLUMNS FROM `sb_order` [ RunTime:0.0094s ]
SQL: SELECT * FROM `sb_order` WHERE `mid` = 1442927376  [ RunTime:0.0004s ]
SQL: SHOW COLUMNS FROM `sb_member` [ RunTime:0.0063s ]
SQL: SELECT * FROM `sb_member` WHERE `mid` = 1442927376 LIMIT 1   [ RunTime:0.0004s ]
SQL: SHOW COLUMNS FROM `sb_memberstatus` [ RunTime:0.0062s ]
SQL: SELECT * FROM `sb_memberstatus` WHERE `id` = 2 LIMIT 1   [ RunTime:0.0004s ]
SQL: SHOW COLUMNS FROM `sb_repayrule` [ RunTime:0.0067s ]
SQL: SELECT * FROM `sb_repayrule` WHERE `id` = 3 LIMIT 1   [ RunTime:0.0003s ]
SQL: SHOW COLUMNS FROM `sb_cash` [ RunTime:0.0063s ]
SQL: SELECT * FROM `sb_cash` WHERE `mid` = 1442927376  [ RunTime:0.0003s ]
SQL: SHOW COLUMNS FROM `sb_exchange` [ RunTime:0.0071s ]
SQL: SELECT * FROM `sb_exchange` WHERE `mid` = 1442927376  [ RunTime:0.0003s ]
SQL: SELECT * FROM `sb_member` ORDER BY score desc LIMIT 4   [ RunTime:0.0004s ]
INFO: [ view_parse ] --START--
INFO: [ template_filter ] --START--
INFO: Run Behavior\ContentReplaceBehavior [ RunTime:0.000222s ]
INFO: [ template_filter ] --END-- [ RunTime:0.000331s ]
INFO: Run Behavior\ParseTemplateBehavior [ RunTime:0.015652s ]
INFO: [ view_parse ] --END-- [ RunTime:0.015733s ]
INFO: [ view_filter ] --START--
INFO: Run Behavior\WriteHtmlCacheBehavior [ RunTime:0.000525s ]
INFO: [ view_filter ] --END-- [ RunTime:0.000571s ]
INFO: [ app_end ] --START--
INFO: Run Behavior\ShowPageTraceBehavior [ RunTime:0.000958s ]
INFO: [ app_end ] --END-- [ RunTime:0.001028s ]

[ 2015-10-09T07:22:57+08:00 ] 127.0.0.1 /lxt/index.php/Home/Login/out.html
INFO: [ app_init ] --START--
INFO: Run Behavior\BuildLiteBehavior [ RunTime:0.000014s ]
INFO: [ app_init ] --END-- [ RunTime:0.000401s ]
INFO: [ app_begin ] --START--
INFO: Run Behavior\ReadHtmlCacheBehavior [ RunTime:0.000652s ]
INFO: [ app_begin ] --END-- [ RunTime:0.000707s ]

[ 2015-10-09T07:22:57+08:00 ] 127.0.0.1 /lxt/index.php/Home/Index/index.html
INFO: [ app_init ] --START--
INFO: Run Behavior\BuildLiteBehavior [ RunTime:0.000013s ]
INFO: [ app_init ] --END-- [ RunTime:0.000422s ]
INFO: [ app_begin ] --START--
INFO: Run Behavior\ReadHtmlCacheBehavior [ RunTime:0.000681s ]
INFO: [ app_begin ] --END-- [ RunTime:0.000736s ]

[ 2015-10-09T07:22:57+08:00 ] 127.0.0.1 /lxt/index.php/Home/Login/index.html
INFO: [ app_init ] --START--
INFO: Run Behavior\BuildLiteBehavior [ RunTime:0.000015s ]
INFO: [ app_init ] --END-- [ RunTime:0.000443s ]
INFO: [ app_begin ] --START--
INFO: Run Behavior\ReadHtmlCacheBehavior [ RunTime:0.000744s ]
INFO: [ app_begin ] --END-- [ RunTime:0.000801s ]
INFO: [ view_parse ] --START--
INFO: [ template_filter ] --START--
INFO: Run Behavior\ContentReplaceBehavior [ RunTime:0.000049s ]
INFO: [ template_filter ] --END-- [ RunTime:0.000117s ]
INFO: Run Behavior\ParseTemplateBehavior [ RunTime:0.008350s ]
INFO: [ view_parse ] --END-- [ RunTime:0.008434s ]
INFO: [ view_filter ] --START--
INFO: Run Behavior\WriteHtmlCacheBehavior [ RunTime:0.000738s ]
INFO: [ view_filter ] --END-- [ RunTime:0.000831s ]
INFO: [ app_end ] --START--
INFO: Run Behavior\ShowPageTraceBehavior [ RunTime:0.000833s ]
INFO: [ app_end ] --END-- [ RunTime:0.000893s ]

[ 2015-10-09T07:23:00+08:00 ] 127.0.0.1 /lxt/index.php/Home/Login/handle.html
INFO: [ app_init ] --START--
INFO: Run Behavior\BuildLiteBehavior [ RunTime:0.000019s ]
INFO: [ app_init ] --END-- [ RunTime:0.000504s ]
INFO: [ app_begin ] --START--
INFO: Run Behavior\ReadHtmlCacheBehavior [ RunTime:0.000649s ]
INFO: [ app_begin ] --END-- [ RunTime:0.000706s ]
SQL: SHOW COLUMNS FROM `sb_member` [ RunTime:0.0098s ]
SQL: SELECT * FROM `sb_member` WHERE `mid` = 0 LIMIT 1   [ RunTime:0.0004s ]
SQL: SELECT * FROM `sb_member` WHERE `name` = '宝婴坊-雨花西路' LIMIT 1   [ RunTime:0.0003s ]

[ 2015-10-09T07:23:00+08:00 ] 127.0.0.1 /lxt/index.php/Home/Index/index.html
INFO: [ app_init ] --START--
INFO: Run Behavior\BuildLiteBehavior [ RunTime:0.000014s ]
INFO: [ app_init ] --END-- [ RunTime:0.000422s ]
INFO: [ app_begin ] --START--
INFO: Run Behavior\ReadHtmlCacheBehavior [ RunTime:0.000648s ]
INFO: [ app_begin ] --END-- [ RunTime:0.000706s ]
SQL: SHOW COLUMNS FROM `sb_order` [ RunTime:0.0064s ]
SQL: SELECT * FROM `sb_order` WHERE `mid` = 1442927376  [ RunTime:0.0004s ]
SQL: SHOW COLUMNS FROM `sb_member` [ RunTime:0.0044s ]
SQL: SELECT * FROM `sb_member` WHERE `mid` = 1442927376 LIMIT 1   [ RunTime:0.0004s ]
SQL: SHOW COLUMNS FROM `sb_memberstatus` [ RunTime:0.0068s ]
SQL: SELECT * FROM `sb_memberstatus` WHERE `id` = 2 LIMIT 1   [ RunTime:0.0003s ]
SQL: SHOW COLUMNS FROM `sb_repayrule` [ RunTime:0.0066s ]
SQL: SELECT * FROM `sb_repayrule` WHERE `id` = 3 LIMIT 1   [ RunTime:0.0004s ]
SQL: SHOW COLUMNS FROM `sb_cash` [ RunTime:0.0065s ]
SQL: SELECT * FROM `sb_cash` WHERE `mid` = 1442927376  [ RunTime:0.0004s ]
SQL: SHOW COLUMNS FROM `sb_exchange` [ RunTime:0.0065s ]
SQL: SELECT * FROM `sb_exchange` WHERE `mid` = 1442927376  [ RunTime:0.0004s ]
SQL: SELECT * FROM `sb_member` ORDER BY score desc LIMIT 4   [ RunTime:0.0004s ]
INFO: [ view_parse ] --START--
INFO: [ template_filter ] --START--
INFO: Run Behavior\ContentReplaceBehavior [ RunTime:0.000148s ]
INFO: [ template_filter ] --END-- [ RunTime:0.000203s ]
INFO: Run Behavior\ParseTemplateBehavior [ RunTime:0.016087s ]
INFO: [ view_parse ] --END-- [ RunTime:0.016184s ]
INFO: [ view_filter ] --START--
INFO: Run Behavior\WriteHtmlCacheBehavior [ RunTime:0.000516s ]
INFO: [ view_filter ] --END-- [ RunTime:0.000583s ]
INFO: [ app_end ] --START--
INFO: Run Behavior\ShowPageTraceBehavior [ RunTime:0.000908s ]
INFO: [ app_end ] --END-- [ RunTime:0.000990s ]

[ 2015-10-09T07:23:07+08:00 ] 127.0.0.1 /lxt/index.php/Home/Index/index.html
INFO: [ app_init ] --START--
INFO: Run Behavior\BuildLiteBehavior [ RunTime:0.000014s ]
INFO: [ app_init ] --END-- [ RunTime:0.000386s ]
INFO: [ app_begin ] --START--
INFO: Run Behavior\ReadHtmlCacheBehavior [ RunTime:0.000507s ]
INFO: [ app_begin ] --END-- [ RunTime:0.000560s ]

[ 2015-10-09T07:23:19+08:00 ] 127.0.0.1 /lxt/index.php/Home/Index/index.html
INFO: [ app_init ] --START--
INFO: Run Behavior\BuildLiteBehavior [ RunTime:0.000021s ]
INFO: [ app_init ] --END-- [ RunTime:0.000580s ]
INFO: [ app_begin ] --START--
INFO: Run Behavior\ReadHtmlCacheBehavior [ RunTime:0.000492s ]
INFO: [ app_begin ] --END-- [ RunTime:0.000571s ]

[ 2015-10-09T07:23:31+08:00 ] 127.0.0.1 /lxt/index.php/Home/Index/index.html
INFO: [ app_init ] --START--
INFO: Run Behavior\BuildLiteBehavior [ RunTime:0.000024s ]
INFO: [ app_init ] --END-- [ RunTime:0.000508s ]
INFO: [ app_begin ] --START--
INFO: Run Behavior\ReadHtmlCacheBehavior [ RunTime:0.000668s ]
INFO: [ app_begin ] --END-- [ RunTime:0.000729s ]
SQL: SHOW COLUMNS FROM `sb_order` [ RunTime:0.0098s ]
SQL: SELECT * FROM `sb_order` WHERE `mid` = 1442927376  [ RunTime:0.0004s ]
SQL: SHOW COLUMNS FROM `sb_member` [ RunTime:0.0071s ]
SQL: SELECT * FROM `sb_member` WHERE `mid` = 1442927376 LIMIT 1   [ RunTime:0.0004s ]
SQL: SHOW COLUMNS FROM `sb_memberstatus` [ RunTime:0.0067s ]
SQL: SELECT * FROM `sb_memberstatus` WHERE `id` = 2 LIMIT 1   [ RunTime:0.0003s ]
SQL: SHOW COLUMNS FROM `sb_repayrule` [ RunTime:0.0072s ]
SQL: SELECT * FROM `sb_repayrule` WHERE `id` = 3 LIMIT 1   [ RunTime:0.0003s ]
SQL: SHOW COLUMNS FROM `sb_cash` [ RunTime:0.0073s ]
SQL: SELECT * FROM `sb_cash` WHERE `mid` = 1442927376  [ RunTime:0.0004s ]
SQL: SHOW COLUMNS FROM `sb_exchange` [ RunTime:0.0067s ]
SQL: SELECT * FROM `sb_exchange` WHERE `mid` = 1442927376  [ RunTime:0.0003s ]
SQL: SELECT * FROM `sb_member` ORDER BY score desc LIMIT 4   [ RunTime:0.0003s ]
INFO: [ view_parse ] --START--
INFO: [ template_filter ] --START--
INFO: Run Behavior\ContentReplaceBehavior [ RunTime:0.000154s ]
INFO: [ template_filter ] --END-- [ RunTime:0.000212s ]
INFO: Run Behavior\ParseTemplateBehavior [ RunTime:0.018202s ]
INFO: [ view_parse ] --END-- [ RunTime:0.018299s ]
INFO: [ view_filter ] --START--
INFO: Run Behavior\WriteHtmlCacheBehavior [ RunTime:0.000610s ]
INFO: [ view_filter ] --END-- [ RunTime:0.000681s ]
INFO: [ app_end ] --START--
INFO: Run Behavior\ShowPageTraceBehavior [ RunTime:0.001186s ]
INFO: [ app_end ] --END-- [ RunTime:0.001285s ]

[ 2015-10-09T07:23:34+08:00 ] 127.0.0.1 /lxt/index.php/Home/Login/out.html
INFO: [ app_init ] --START--
INFO: Run Behavior\BuildLiteBehavior [ RunTime:0.000014s ]
INFO: [ app_init ] --END-- [ RunTime:0.000436s ]
INFO: [ app_begin ] --START--
INFO: Run Behavior\ReadHtmlCacheBehavior [ RunTime:0.000706s ]
INFO: [ app_begin ] --END-- [ RunTime:0.000761s ]

[ 2015-10-09T07:23:34+08:00 ] 127.0.0.1 /lxt/index.php/Home/Index/index.html
INFO: [ app_init ] --START--
INFO: Run Behavior\BuildLiteBehavior [ RunTime:0.000015s ]
INFO: [ app_init ] --END-- [ RunTime:0.000397s ]
INFO: [ app_begin ] --START--
INFO: Run Behavior\ReadHtmlCacheBehavior [ RunTime:0.000614s ]
INFO: [ app_begin ] --END-- [ RunTime:0.000669s ]

[ 2015-10-09T07:23:34+08:00 ] 127.0.0.1 /lxt/index.php/Home/Login/index.html
INFO: [ app_init ] --START--
INFO: Run Behavior\BuildLiteBehavior [ RunTime:0.000015s ]
INFO: [ app_init ] --END-- [ RunTime:0.000436s ]
INFO: [ app_begin ] --START--
INFO: Run Behavior\ReadHtmlCacheBehavior [ RunTime:0.000802s ]
INFO: [ app_begin ] --END-- [ RunTime:0.000865s ]
INFO: [ view_parse ] --START--
INFO: [ template_filter ] --START--
INFO: Run Behavior\ContentReplaceBehavior [ RunTime:0.000045s ]
INFO: [ template_filter ] --END-- [ RunTime:0.000095s ]
INFO: Run Behavior\ParseTemplateBehavior [ RunTime:0.007156s ]
INFO: [ view_parse ] --END-- [ RunTime:0.007232s ]
INFO: [ view_filter ] --START--
INFO: Run Behavior\WriteHtmlCacheBehavior [ RunTime:0.000690s ]
INFO: [ view_filter ] --END-- [ RunTime:0.000756s ]
INFO: [ app_end ] --START--
INFO: Run Behavior\ShowPageTraceBehavior [ RunTime:0.001195s ]
INFO: [ app_end ] --END-- [ RunTime:0.001275s ]

[ 2015-10-09T07:23:35+08:00 ] 127.0.0.1 /lxt/index.php/Home/Login/handle.html
INFO: [ app_init ] --START--
INFO: Run Behavior\BuildLiteBehavior [ RunTime:0.000014s ]
INFO: [ app_init ] --END-- [ RunTime:0.000412s ]
INFO: [ app_begin ] --START--
INFO: Run Behavior\ReadHtmlCacheBehavior [ RunTime:0.000675s ]
INFO: [ app_begin ] --END-- [ RunTime:0.000730s ]
SQL: SHOW COLUMNS FROM `sb_member` [ RunTime:0.0101s ]
SQL: SELECT * FROM `sb_member` WHERE `mid` = 0 LIMIT 1   [ RunTime:0.0005s ]
SQL: SELECT * FROM `sb_member` WHERE `name` = '宝婴坊-雨花西路' LIMIT 1   [ RunTime:0.0003s ]

[ 2015-10-09T07:23:35+08:00 ] 127.0.0.1 /lxt/index.php/Home/Index/index.html
INFO: [ app_init ] --START--
INFO: Run Behavior\BuildLiteBehavior [ RunTime:0.000016s ]
INFO: [ app_init ] --END-- [ RunTime:0.000489s ]
INFO: [ app_begin ] --START--
INFO: Run Behavior\ReadHtmlCacheBehavior [ RunTime:0.000671s ]
INFO: [ app_begin ] --END-- [ RunTime:0.000732s ]
SQL: SHOW COLUMNS FROM `sb_order` [ RunTime:0.0078s ]
SQL: SELECT * FROM `sb_order` WHERE `mid` = 1442927376  [ RunTime:0.0004s ]
SQL: SHOW COLUMNS FROM `sb_member` [ RunTime:0.0046s ]
SQL: SELECT * FROM `sb_member` WHERE `mid` = 1442927376 LIMIT 1   [ RunTime:0.0004s ]
SQL: SHOW COLUMNS FROM `sb_memberstatus` [ RunTime:0.0072s ]
SQL: SELECT * FROM `sb_memberstatus` WHERE `id` = 2 LIMIT 1   [ RunTime:0.0004s ]
SQL: SHOW COLUMNS FROM `sb_repayrule` [ RunTime:0.0069s ]
SQL: SELECT * FROM `sb_repayrule` WHERE `id` = 3 LIMIT 1   [ RunTime:0.0003s ]
SQL: SHOW COLUMNS FROM `sb_cash` [ RunTime:0.0071s ]
SQL: SELECT * FROM `sb_cash` WHERE `mid` = 1442927376  [ RunTime:0.0004s ]
SQL: SHOW COLUMNS FROM `sb_exchange` [ RunTime:0.0075s ]
SQL: SELECT * FROM `sb_exchange` WHERE `mid` = 1442927376  [ RunTime:0.0003s ]
SQL: SELECT * FROM `sb_member` ORDER BY score desc LIMIT 4   [ RunTime:0.0003s ]
INFO: [ view_parse ] --START--
INFO: [ template_filter ] --START--
INFO: Run Behavior\ContentReplaceBehavior [ RunTime:0.000157s ]
INFO: [ template_filter ] --END-- [ RunTime:0.000218s ]
INFO: Run Behavior\ParseTemplateBehavior [ RunTime:0.016705s ]
INFO: [ view_parse ] --END-- [ RunTime:0.016804s ]
INFO: [ view_filter ] --START--
INFO: Run Behavior\WriteHtmlCacheBehavior [ RunTime:0.001021s ]
INFO: [ view_filter ] --END-- [ RunTime:0.001103s ]
INFO: [ app_end ] --START--
INFO: Run Behavior\ShowPageTraceBehavior [ RunTime:0.001119s ]
INFO: [ app_end ] --END-- [ RunTime:0.001204s ]

[ 2015-10-09T07:23:41+08:00 ] 127.0.0.1 /lxt/index.php/Home/Index/index.html
INFO: [ app_init ] --START--
INFO: Run Behavior\BuildLiteBehavior [ RunTime:0.000020s ]
INFO: [ app_init ] --END-- [ RunTime:0.000573s ]
INFO: [ app_begin ] --START--
INFO: Run Behavior\ReadHtmlCacheBehavior [ RunTime:0.001379s ]
INFO: [ app_begin ] --END-- [ RunTime:0.001467s ]

[ 2015-10-09T09:57:11+08:00 ] 127.0.0.1 /lxt/index.php/Home/Index/index.html
INFO: [ app_init ] --START--
INFO: Run Behavior\BuildLiteBehavior [ RunTime:0.000019s ]
INFO: [ app_init ] --END-- [ RunTime:0.006711s ]
INFO: [ app_begin ] --START--
INFO: Run Behavior\ReadHtmlCacheBehavior [ RunTime:0.007212s ]
INFO: [ app_begin ] --END-- [ RunTime:0.007302s ]

[ 2015-10-09T09:58:06+08:00 ] 127.0.0.1 /lxt/
INFO: [ app_init ] --START--
INFO: Run Behavior\BuildLiteBehavior [ RunTime:0.000020s ]
INFO: [ app_init ] --END-- [ RunTime:0.000558s ]
INFO: [ app_begin ] --START--
INFO: Run Behavior\ReadHtmlCacheBehavior [ RunTime:0.000904s ]
INFO: [ app_begin ] --END-- [ RunTime:0.000988s ]

[ 2015-10-09T09:58:06+08:00 ] 127.0.0.1 /lxt/index.php/Home/Login/index.html
INFO: [ app_init ] --START--
INFO: Run Behavior\BuildLiteBehavior [ RunTime:0.000013s ]
INFO: [ app_init ] --END-- [ RunTime:0.000386s ]
INFO: [ app_begin ] --START--
INFO: Run Behavior\ReadHtmlCacheBehavior [ RunTime:0.000524s ]
INFO: [ app_begin ] --END-- [ RunTime:0.000576s ]
INFO: [ view_parse ] --START--
INFO: [ template_filter ] --START--
INFO: Run Behavior\ContentReplaceBehavior [ RunTime:0.000038s ]
INFO: [ template_filter ] --END-- [ RunTime:0.000091s ]
INFO: Run Behavior\ParseTemplateBehavior [ RunTime:0.050176s ]
INFO: [ view_parse ] --END-- [ RunTime:0.050254s ]
INFO: [ view_filter ] --START--
INFO: Run Behavior\WriteHtmlCacheBehavior [ RunTime:0.008171s ]
INFO: [ view_filter ] --END-- [ RunTime:0.008233s ]
INFO: [ app_end ] --START--
INFO: Run Behavior\ShowPageTraceBehavior [ RunTime:0.004886s ]
INFO: [ app_end ] --END-- [ RunTime:0.004936s ]

[ 2015-10-09T09:58:28+08:00 ] 127.0.0.1 /lxt/index.php/Home/Login/handle.html
INFO: [ app_init ] --START--
INFO: Run Behavior\BuildLiteBehavior [ RunTime:0.000012s ]
INFO: [ app_init ] --END-- [ RunTime:0.000336s ]
INFO: [ app_begin ] --START--
INFO: Run Behavior\ReadHtmlCacheBehavior [ RunTime:0.000548s ]
INFO: [ app_begin ] --END-- [ RunTime:0.000596s ]
SQL: SHOW COLUMNS FROM `sb_member` [ RunTime:0.0073s ]
SQL: SELECT * FROM `sb_member` WHERE `mid` = 0 LIMIT 1   [ RunTime:0.0003s ]
SQL: SELECT * FROM `sb_member` WHERE `name` = '宝婴坊-雨花西路' LIMIT 1   [ RunTime:0.0002s ]

[ 2015-10-09T09:58:28+08:00 ] 127.0.0.1 /lxt/index.php/Home/Index/index.html
INFO: [ app_init ] --START--
INFO: Run Behavior\BuildLiteBehavior [ RunTime:0.000018s ]
INFO: [ app_init ] --END-- [ RunTime:0.000509s ]
INFO: [ app_begin ] --START--
INFO: Run Behavior\ReadHtmlCacheBehavior [ RunTime:0.000469s ]
INFO: [ app_begin ] --END-- [ RunTime:0.000513s ]

[ 2015-10-09T10:02:21+08:00 ] 127.0.0.1 /lxt/index.php/Home/Index/index.html
INFO: [ app_init ] --START--
INFO: Run Behavior\BuildLiteBehavior [ RunTime:0.000054s ]
INFO: [ app_init ] --END-- [ RunTime:0.000452s ]
INFO: [ app_begin ] --START--
INFO: Run Behavior\ReadHtmlCacheBehavior [ RunTime:0.000762s ]
INFO: [ app_begin ] --END-- [ RunTime:0.000835s ]

[ 2015-10-09T10:02:21+08:00 ] 127.0.0.1 /lxt/index.php/Home/Index/index.html
INFO: [ app_init ] --START--
INFO: Run Behavior\BuildLiteBehavior [ RunTime:0.000009s ]
INFO: [ app_init ] --END-- [ RunTime:0.000276s ]
INFO: [ app_begin ] --START--
INFO: Run Behavior\ReadHtmlCacheBehavior [ RunTime:0.000400s ]
INFO: [ app_begin ] --END-- [ RunTime:0.000442s ]

[ 2015-10-09T10:02:22+08:00 ] 127.0.0.1 /lxt/index.php/Home/Index/index.html
INFO: [ app_init ] --START--
INFO: Run Behavior\BuildLiteBehavior [ RunTime:0.000013s ]
INFO: [ app_init ] --END-- [ RunTime:0.000347s ]
INFO: [ app_begin ] --START--
INFO: Run Behavior\ReadHtmlCacheBehavior [ RunTime:0.000421s ]
INFO: [ app_begin ] --END-- [ RunTime:0.000464s ]

[ 2015-10-09T10:02:23+08:00 ] 127.0.0.1 /lxt/index.php/Home/Index/index.html
INFO: [ app_init ] --START--
INFO: Run Behavior\BuildLiteBehavior [ RunTime:0.000011s ]
INFO: [ app_init ] --END-- [ RunTime:0.000308s ]
INFO: [ app_begin ] --START--
INFO: Run Behavior\ReadHtmlCacheBehavior [ RunTime:0.000393s ]
INFO: [ app_begin ] --END-- [ RunTime:0.000429s ]

[ 2015-10-09T10:02:23+08:00 ] 127.0.0.1 /lxt/index.php/Home/Index/index.html
INFO: [ app_init ] --START--
INFO: Run Behavior\BuildLiteBehavior [ RunTime:0.000010s ]
INFO: [ app_init ] --END-- [ RunTime:0.000309s ]
INFO: [ app_begin ] --START--
INFO: Run Behavior\ReadHtmlCacheBehavior [ RunTime:0.000443s ]
INFO: [ app_begin ] --END-- [ RunTime:0.000481s ]

[ 2015-10-09T10:02:24+08:00 ] 127.0.0.1 /lxt/index.php/Home/Index/index.html
INFO: [ app_init ] --START--
INFO: Run Behavior\BuildLiteBehavior [ RunTime:0.000010s ]
INFO: [ app_init ] --END-- [ RunTime:0.000281s ]
INFO: [ app_begin ] --START--
INFO: Run Behavior\ReadHtmlCacheBehavior [ RunTime:0.000389s ]
INFO: [ app_begin ] --END-- [ RunTime:0.000426s ]

[ 2015-10-09T10:02:26+08:00 ] 127.0.0.1 /lxt/index.php/Home/Index/index.html
INFO: [ app_init ] --START--
INFO: Run Behavior\BuildLiteBehavior [ RunTime:0.000011s ]
INFO: [ app_init ] --END-- [ RunTime:0.000317s ]
INFO: [ app_begin ] --START--
INFO: Run Behavior\ReadHtmlCacheBehavior [ RunTime:0.000417s ]
INFO: [ app_begin ] --END-- [ RunTime:0.000459s ]

[ 2015-10-09T10:02:26+08:00 ] 127.0.0.1 /lxt/index.php/Home/Index/index.html
INFO: [ app_init ] --START--
INFO: Run Behavior\BuildLiteBehavior [ RunTime:0.000010s ]
INFO: [ app_init ] --END-- [ RunTime:0.000354s ]
INFO: [ app_begin ] --START--
INFO: Run Behavior\ReadHtmlCacheBehavior [ RunTime:0.000394s ]
INFO: [ app_begin ] --END-- [ RunTime:0.000445s ]

[ 2015-10-09T10:02:26+08:00 ] 127.0.0.1 /lxt/index.php/Home/Index/index.html
INFO: [ app_init ] --START--
INFO: Run Behavior\BuildLiteBehavior [ RunTime:0.000009s ]
INFO: [ app_init ] --END-- [ RunTime:0.000277s ]
INFO: [ app_begin ] --START--
INFO: Run Behavior\ReadHtmlCacheBehavior [ RunTime:0.000515s ]
INFO: [ app_begin ] --END-- [ RunTime:0.000566s ]

[ 2015-10-09T10:02:27+08:00 ] 127.0.0.1 /lxt/index.php/Home/Index/index.html
INFO: [ app_init ] --START--
INFO: Run Behavior\BuildLiteBehavior [ RunTime:0.000015s ]
INFO: [ app_init ] --END-- [ RunTime:0.000440s ]
INFO: [ app_begin ] --START--
INFO: Run Behavior\ReadHtmlCacheBehavior [ RunTime:0.000561s ]
INFO: [ app_begin ] --END-- [ RunTime:0.000609s ]

[ 2015-10-09T10:02:27+08:00 ] 127.0.0.1 /lxt/index.php/Home/Index/index.html
INFO: [ app_init ] --START--
INFO: Run Behavior\BuildLiteBehavior [ RunTime:0.000016s ]
INFO: [ app_init ] --END-- [ RunTime:0.000404s ]
INFO: [ app_begin ] --START--
INFO: Run Behavior\ReadHtmlCacheBehavior [ RunTime:0.000539s ]
INFO: [ app_begin ] --END-- [ RunTime:0.000601s ]

[ 2015-10-09T10:02:27+08:00 ] 127.0.0.1 /lxt/index.php/Home/Index/index.html
INFO: [ app_init ] --START--
INFO: Run Behavior\BuildLiteBehavior [ RunTime:0.000011s ]
INFO: [ app_init ] --END-- [ RunTime:0.000297s ]
INFO: [ app_begin ] --START--
INFO: Run Behavior\ReadHtmlCacheBehavior [ RunTime:0.000396s ]
INFO: [ app_begin ] --END-- [ RunTime:0.000435s ]

[ 2015-10-09T10:02:28+08:00 ] 127.0.0.1 /lxt/index.php/Home/Index/index.html
INFO: [ app_init ] --START--
INFO: Run Behavior\BuildLiteBehavior [ RunTime:0.000011s ]
INFO: [ app_init ] --END-- [ RunTime:0.000353s ]
INFO: [ app_begin ] --START--
INFO: Run Behavior\ReadHtmlCacheBehavior [ RunTime:0.000391s ]
INFO: [ app_begin ] --END-- [ RunTime:0.000428s ]

[ 2015-10-09T10:02:31+08:00 ] 127.0.0.1 /lxt/index.php/Home/Index/index.html
INFO: [ app_init ] --START--
INFO: Run Behavior\BuildLiteBehavior [ RunTime:0.000015s ]
INFO: [ app_init ] --END-- [ RunTime:0.000715s ]
INFO: [ app_begin ] --START--
INFO: Run Behavior\ReadHtmlCacheBehavior [ RunTime:0.000439s ]
INFO: [ app_begin ] --END-- [ RunTime:0.000483s ]

[ 2015-10-09T10:02:32+08:00 ] 127.0.0.1 /lxt/index.php/Home/Index/index.html
INFO: [ app_init ] --START--
INFO: Run Behavior\BuildLiteBehavior [ RunTime:0.000010s ]
INFO: [ app_init ] --END-- [ RunTime:0.000301s ]
INFO: [ app_begin ] --START--
INFO: Run Behavior\ReadHtmlCacheBehavior [ RunTime:0.000462s ]
INFO: [ app_begin ] --END-- [ RunTime:0.000504s ]

[ 2015-10-09T10:02:33+08:00 ] 127.0.0.1 /lxt/index.php/Home/Index/index.html
INFO: [ app_init ] --START--
INFO: Run Behavior\BuildLiteBehavior [ RunTime:0.000013s ]
INFO: [ app_init ] --END-- [ RunTime:0.000364s ]
INFO: [ app_begin ] --START--
INFO: Run Behavior\ReadHtmlCacheBehavior [ RunTime:0.000471s ]
INFO: [ app_begin ] --END-- [ RunTime:0.000512s ]

[ 2015-10-09T10:02:46+08:00 ] 127.0.0.1 /lxt/index.php/Home/Login/handle.html
INFO: [ app_init ] --START--
INFO: Run Behavior\BuildLiteBehavior [ RunTime:0.000021s ]
INFO: [ app_init ] --END-- [ RunTime:0.000502s ]
INFO: [ app_begin ] --START--
INFO: Run Behavior\ReadHtmlCacheBehavior [ RunTime:0.000706s ]
INFO: [ app_begin ] --END-- [ RunTime:0.000780s ]
SQL: SHOW COLUMNS FROM `sb_member` [ RunTime:0.0089s ]
SQL: SELECT * FROM `sb_member` WHERE `mid` = 0 LIMIT 1   [ RunTime:0.0005s ]
SQL: SELECT * FROM `sb_member` WHERE `name` = '宝婴坊-雨花西路' LIMIT 1   [ RunTime:0.0006s ]
INFO: [ app_end ] --START--
INFO: Run Behavior\ShowPageTraceBehavior [ RunTime:0.000787s ]
INFO: [ app_end ] --END-- [ RunTime:0.000858s ]

[ 2015-10-09T10:03:24+08:00 ] 127.0.0.1 /lxt/index.php/Home/Login/handle.html
INFO: [ app_init ] --START--
INFO: Run Behavior\BuildLiteBehavior [ RunTime:0.000018s ]
INFO: [ app_init ] --END-- [ RunTime:0.000532s ]
INFO: [ app_begin ] --START--
INFO: Run Behavior\ReadHtmlCacheBehavior [ RunTime:0.000684s ]
INFO: [ app_begin ] --END-- [ RunTime:0.000750s ]
SQL: SHOW COLUMNS FROM `sb_member` [ RunTime:0.0091s ]
SQL: SELECT * FROM `sb_member` WHERE `mid` = 0 LIMIT 1   [ RunTime:0.0003s ]
SQL: SELECT * FROM `sb_member` WHERE `name` = '宝婴坊-雨花西路' LIMIT 1   [ RunTime:0.0003s ]
INFO: [ app_end ] --START--
INFO: Run Behavior\ShowPageTraceBehavior [ RunTime:0.000814s ]
INFO: [ app_end ] --END-- [ RunTime:0.000866s ]

[ 2015-10-09T10:03:34+08:00 ] 127.0.0.1 /lxt/index.php/Home/Login/handle.html
INFO: [ app_init ] --START--
INFO: Run Behavior\BuildLiteBehavior [ RunTime:0.000022s ]
INFO: [ app_init ] --END-- [ RunTime:0.000706s ]
INFO: [ app_begin ] --START--
INFO: Run Behavior\ReadHtmlCacheBehavior [ RunTime:0.001087s ]
INFO: [ app_begin ] --END-- [ RunTime:0.001201s ]
SQL: SHOW COLUMNS FROM `sb_member` [ RunTime:0.0103s ]
SQL: SELECT * FROM `sb_member` WHERE `mid` = 0 LIMIT 1   [ RunTime:0.0005s ]
SQL: SELECT * FROM `sb_member` WHERE `name` = '宝婴坊-雨花西路' LIMIT 1   [ RunTime:0.0004s ]
INFO: [ app_end ] --START--
INFO: Run Behavior\ShowPageTraceBehavior [ RunTime:0.001484s ]
INFO: [ app_end ] --END-- [ RunTime:0.001557s ]

[ 2015-10-09T10:08:23+08:00 ] 127.0.0.1 /lxt/index.php/Home/Login/handle.html
INFO: [ app_init ] --START--
INFO: Run Behavior\BuildLiteBehavior [ RunTime:0.000016s ]
INFO: [ app_init ] --END-- [ RunTime:0.000589s ]
INFO: [ app_begin ] --START--
INFO: Run Behavior\ReadHtmlCacheBehavior [ RunTime:0.000684s ]
INFO: [ app_begin ] --END-- [ RunTime:0.000742s ]
SQL: SHOW COLUMNS FROM `sb_member` [ RunTime:0.0094s ]
SQL: SELECT * FROM `sb_member` WHERE `mid` = 0 LIMIT 1   [ RunTime:0.0005s ]
SQL: SELECT * FROM `sb_member` WHERE `name` = '宝婴坊-雨花西路' LIMIT 1   [ RunTime:0.0004s ]
INFO: [ app_end ] --START--
INFO: Run Behavior\ShowPageTraceBehavior [ RunTime:0.000762s ]
INFO: [ app_end ] --END-- [ RunTime:0.000810s ]

[ 2015-10-09T10:09:28+08:00 ] 127.0.0.1 /lxt/index.php/Home/Login/handle.html
INFO: [ app_init ] --START--
INFO: Run Behavior\BuildLiteBehavior [ RunTime:0.000021s ]
INFO: [ app_init ] --END-- [ RunTime:0.000746s ]
INFO: [ app_begin ] --START--
INFO: Run Behavior\ReadHtmlCacheBehavior [ RunTime:0.000643s ]
INFO: [ app_begin ] --END-- [ RunTime:0.000704s ]
SQL: SHOW COLUMNS FROM `sb_member` [ RunTime:0.0107s ]
SQL: SELECT * FROM `sb_member` WHERE `mid` = 0 LIMIT 1   [ RunTime:0.0004s ]
SQL: SELECT * FROM `sb_member` WHERE `name` = '宝婴坊-雨花西路' LIMIT 1   [ RunTime:0.0004s ]

[ 2015-10-09T10:09:28+08:00 ] 127.0.0.1 /lxt/index.php/Home/Index/index.html
INFO: [ app_init ] --START--
INFO: Run Behavior\BuildLiteBehavior [ RunTime:0.000014s ]
INFO: [ app_init ] --END-- [ RunTime:0.000411s ]
INFO: [ app_begin ] --START--
INFO: Run Behavior\ReadHtmlCacheBehavior [ RunTime:0.000630s ]
INFO: [ app_begin ] --END-- [ RunTime:0.000685s ]

[ 2015-10-09T10:19:21+08:00 ] 127.0.0.1 /lxt/index.php/Home/Index/index.html
INFO: [ app_init ] --START--
INFO: Run Behavior\BuildLiteBehavior [ RunTime:0.000013s ]
INFO: [ app_init ] --END-- [ RunTime:0.000395s ]
INFO: [ app_begin ] --START--
INFO: Run Behavior\ReadHtmlCacheBehavior [ RunTime:0.000646s ]
INFO: [ app_begin ] --END-- [ RunTime:0.000701s ]
SQL: SHOW COLUMNS FROM `sb_order` [ RunTime:0.0110s ]
SQL: SELECT `mid`,`createtime`,`money` FROM `sb_order` WHERE `mid` = 1442927376  [ RunTime:0.0004s ]
SQL: SHOW COLUMNS FROM `sb_cash` [ RunTime:0.0080s ]
ERR: Think\Model:get_cash_all_money方法不存在！

[ 2015-10-09T10:19:50+08:00 ] 127.0.0.1 /lxt/index.php/Home/Index/index.html
INFO: [ app_init ] --START--
INFO: Run Behavior\BuildLiteBehavior [ RunTime:0.000019s ]
INFO: [ app_init ] --END-- [ RunTime:0.000431s ]
INFO: [ app_begin ] --START--
INFO: Run Behavior\ReadHtmlCacheBehavior [ RunTime:0.000618s ]
INFO: [ app_begin ] --END-- [ RunTime:0.000675s ]
SQL: SHOW COLUMNS FROM `sb_order` [ RunTime:0.0087s ]
SQL: SELECT `mid`,`createtime`,`money` FROM `sb_order` WHERE `mid` = 1442927376  [ RunTime:0.0004s ]
SQL: SHOW COLUMNS FROM `sb_cash` [ RunTime:0.0061s ]
SQL: SELECT `score` FROM `sb_cash` WHERE `mid` = 1442927376 AND `status` = 1  [ RunTime:0.0004s ]

[ 2015-10-09T10:23:42+08:00 ] 127.0.0.1 /lxt/index.php/Home/Index/index.html
INFO: [ app_init ] --START--
INFO: Run Behavior\BuildLiteBehavior [ RunTime:0.000013s ]
INFO: [ app_init ] --END-- [ RunTime:0.000391s ]
INFO: [ app_begin ] --START--
INFO: Run Behavior\ReadHtmlCacheBehavior [ RunTime:0.000737s ]
INFO: [ app_begin ] --END-- [ RunTime:0.000795s ]
SQL: SHOW COLUMNS FROM `sb_order` [ RunTime:0.0087s ]
SQL: SELECT `mid`,`createtime`,`money` FROM `sb_order` WHERE `mid` = 1442927376  [ RunTime:0.0004s ]
SQL: SHOW COLUMNS FROM `sb_cash` [ RunTime:0.0061s ]
SQL: SELECT `score` FROM `sb_cash` WHERE `mid` = 1442927376 AND `status` = 1  [ RunTime:0.0004s ]
SQL: SHOW COLUMNS FROM `sb_exchange` [ RunTime:0.0066s ]
SQL: SELECT `amount` FROM `sb_exchange` WHERE `mid` = 1442927376 AND `status` = 1  [ RunTime:0.0004s ]

[ 2015-10-09T10:47:17+08:00 ] 127.0.0.1 /lxt/index.php/Home/Index/index.html
INFO: [ app_init ] --START--
INFO: Run Behavior\BuildLiteBehavior [ RunTime:0.000014s ]
INFO: [ app_init ] --END-- [ RunTime:0.000422s ]
INFO: [ app_begin ] --START--
INFO: Run Behavior\ReadHtmlCacheBehavior [ RunTime:0.000697s ]
INFO: [ app_begin ] --END-- [ RunTime:0.000755s ]
SQL: SHOW COLUMNS FROM `sb_member` [ RunTime:0.0109s ]
NOTIC: [8] Undefined variable: mid C:\xampp\htdocs\lxt\lxt\Common\Common\function.php 第 63 行.
SQL: SELECT * FROM `sb_member` WHERE `mid` = null LIMIT 1   [ RunTime:0.0004s ]
SQL: SHOW COLUMNS FROM `sb_memberstatus` [ RunTime:0.0059s ]
SQL: SELECT * FROM `sb_memberstatus` WHERE `id` = null LIMIT 1   [ RunTime:0.0003s ]
SQL: SHOW COLUMNS FROM `sb_order` [ RunTime:0.0059s ]
SQL: SELECT `mid`,`createtime`,`money` FROM `sb_order` WHERE `mid` = 1442927376  [ RunTime:0.0003s ]
SQL: SHOW COLUMNS FROM `sb_cash` [ RunTime:0.0063s ]
SQL: SELECT `score` FROM `sb_cash` WHERE `mid` = 1442927376 AND `status` = 1  [ RunTime:0.0003s ]
SQL: SHOW COLUMNS FROM `sb_exchange` [ RunTime:0.0059s ]
SQL: SELECT `amount` FROM `sb_exchange` WHERE `mid` = 1442927376 AND `status` = 1  [ RunTime:0.0003s ]

[ 2015-10-09T10:47:21+08:00 ] 127.0.0.1 /lxt/index.php/Home/Index/index.html
INFO: [ app_init ] --START--
INFO: Run Behavior\BuildLiteBehavior [ RunTime:0.000013s ]
INFO: [ app_init ] --END-- [ RunTime:0.000392s ]
INFO: [ app_begin ] --START--
INFO: Run Behavior\ReadHtmlCacheBehavior [ RunTime:0.000612s ]
INFO: [ app_begin ] --END-- [ RunTime:0.000665s ]
SQL: SHOW COLUMNS FROM `sb_member` [ RunTime:0.0094s ]
NOTIC: [8] Undefined variable: mid C:\xampp\htdocs\lxt\lxt\Common\Common\function.php 第 63 行.
SQL: SELECT * FROM `sb_member` WHERE `mid` = null LIMIT 1   [ RunTime:0.0004s ]
SQL: SHOW COLUMNS FROM `sb_memberstatus` [ RunTime:0.0064s ]
SQL: SELECT * FROM `sb_memberstatus` WHERE `id` = null LIMIT 1   [ RunTime:0.0003s ]
SQL: SHOW COLUMNS FROM `sb_order` [ RunTime:0.0063s ]
SQL: SELECT `mid`,`createtime`,`money` FROM `sb_order` WHERE `mid` = 1442927376  [ RunTime:0.0004s ]
SQL: SHOW COLUMNS FROM `sb_cash` [ RunTime:0.0061s ]
SQL: SELECT `score` FROM `sb_cash` WHERE `mid` = 1442927376 AND `status` = 1  [ RunTime:0.0003s ]
SQL: SHOW COLUMNS FROM `sb_exchange` [ RunTime:0.0063s ]
SQL: SELECT `amount` FROM `sb_exchange` WHERE `mid` = 1442927376 AND `status` = 1  [ RunTime:0.0003s ]

[ 2015-10-09T10:48:35+08:00 ] 127.0.0.1 /lxt/index.php/Home/Index/index.html
INFO: [ app_init ] --START--
INFO: Run Behavior\BuildLiteBehavior [ RunTime:0.000019s ]
INFO: [ app_init ] --END-- [ RunTime:0.000578s ]
INFO: [ app_begin ] --START--
INFO: Run Behavior\ReadHtmlCacheBehavior [ RunTime:0.000647s ]
INFO: [ app_begin ] --END-- [ RunTime:0.000707s ]
SQL: SHOW COLUMNS FROM `sb_member` [ RunTime:0.0090s ]
NOTIC: [8] Undefined variable: mid C:\xampp\htdocs\lxt\lxt\Common\Common\function.php 第 63 行.
SQL: SELECT * FROM `sb_member` WHERE `mid` = null LIMIT 1   [ RunTime:0.0004s ]
SQL: SHOW COLUMNS FROM `sb_memberstatus` [ RunTime:0.0060s ]
SQL: SELECT * FROM `sb_memberstatus` WHERE `id` = null LIMIT 1   [ RunTime:0.0003s ]
SQL: SHOW COLUMNS FROM `sb_order` [ RunTime:0.0066s ]
SQL: SELECT `mid`,`createtime`,`money` FROM `sb_order` WHERE `mid` = 1442927376  [ RunTime:0.0003s ]
SQL: SHOW COLUMNS FROM `sb_cash` [ RunTime:0.0062s ]
SQL: SELECT `score` FROM `sb_cash` WHERE `mid` = 1442927376 AND `status` = 1  [ RunTime:0.0003s ]
SQL: SHOW COLUMNS FROM `sb_exchange` [ RunTime:0.0064s ]
SQL: SELECT `amount` FROM `sb_exchange` WHERE `mid` = 1442927376 AND `status` = 1  [ RunTime:0.0003s ]

[ 2015-10-09T10:48:37+08:00 ] 127.0.0.1 /lxt/index.php/Home/Index/index.html
INFO: [ app_init ] --START--
INFO: Run Behavior\BuildLiteBehavior [ RunTime:0.000016s ]
INFO: [ app_init ] --END-- [ RunTime:0.000593s ]
INFO: [ app_begin ] --START--
INFO: Run Behavior\ReadHtmlCacheBehavior [ RunTime:0.000701s ]
INFO: [ app_begin ] --END-- [ RunTime:0.000779s ]
SQL: SHOW COLUMNS FROM `sb_member` [ RunTime:0.0095s ]
NOTIC: [8] Undefined variable: mid C:\xampp\htdocs\lxt\lxt\Common\Common\function.php 第 63 行.
SQL: SELECT * FROM `sb_member` WHERE `mid` = null LIMIT 1   [ RunTime:0.0004s ]
SQL: SHOW COLUMNS FROM `sb_memberstatus` [ RunTime:0.0063s ]
SQL: SELECT * FROM `sb_memberstatus` WHERE `id` = null LIMIT 1   [ RunTime:0.0004s ]
SQL: SHOW COLUMNS FROM `sb_order` [ RunTime:0.0063s ]
SQL: SELECT `mid`,`createtime`,`money` FROM `sb_order` WHERE `mid` = 1442927376  [ RunTime:0.0004s ]
SQL: SHOW COLUMNS FROM `sb_cash` [ RunTime:0.0078s ]
SQL: SELECT `score` FROM `sb_cash` WHERE `mid` = 1442927376 AND `status` = 1  [ RunTime:0.0004s ]
SQL: SHOW COLUMNS FROM `sb_exchange` [ RunTime:0.0062s ]
SQL: SELECT `amount` FROM `sb_exchange` WHERE `mid` = 1442927376 AND `status` = 1  [ RunTime:0.0003s ]

[ 2015-10-09T10:48:39+08:00 ] 127.0.0.1 /lxt/index.php/Home/Index/index.html
INFO: [ app_init ] --START--
INFO: Run Behavior\BuildLiteBehavior [ RunTime:0.000013s ]
INFO: [ app_init ] --END-- [ RunTime:0.000384s ]
INFO: [ app_begin ] --START--
INFO: Run Behavior\ReadHtmlCacheBehavior [ RunTime:0.000618s ]
INFO: [ app_begin ] --END-- [ RunTime:0.000673s ]
SQL: SHOW COLUMNS FROM `sb_member` [ RunTime:0.0085s ]
NOTIC: [8] Undefined variable: mid C:\xampp\htdocs\lxt\lxt\Common\Common\function.php 第 63 行.
SQL: SELECT * FROM `sb_member` WHERE `mid` = null LIMIT 1   [ RunTime:0.0004s ]
SQL: SHOW COLUMNS FROM `sb_memberstatus` [ RunTime:0.0068s ]
SQL: SELECT * FROM `sb_memberstatus` WHERE `id` = null LIMIT 1   [ RunTime:0.0003s ]
SQL: SHOW COLUMNS FROM `sb_order` [ RunTime:0.0063s ]
SQL: SELECT `mid`,`createtime`,`money` FROM `sb_order` WHERE `mid` = 1442927376  [ RunTime:0.0004s ]
SQL: SHOW COLUMNS FROM `sb_cash` [ RunTime:0.0071s ]
SQL: SELECT `score` FROM `sb_cash` WHERE `mid` = 1442927376 AND `status` = 1  [ RunTime:0.0004s ]
SQL: SHOW COLUMNS FROM `sb_exchange` [ RunTime:0.0066s ]
SQL: SELECT `amount` FROM `sb_exchange` WHERE `mid` = 1442927376 AND `status` = 1  [ RunTime:0.0003s ]

[ 2015-10-09T10:48:41+08:00 ] 127.0.0.1 /lxt/index.php/Home/Index/index.html
INFO: [ app_init ] --START--
INFO: Run Behavior\BuildLiteBehavior [ RunTime:0.000013s ]
INFO: [ app_init ] --END-- [ RunTime:0.000383s ]
INFO: [ app_begin ] --START--
INFO: Run Behavior\ReadHtmlCacheBehavior [ RunTime:0.000603s ]
INFO: [ app_begin ] --END-- [ RunTime:0.000656s ]
SQL: SHOW COLUMNS FROM `sb_member` [ RunTime:0.0102s ]
NOTIC: [8] Undefined variable: mid C:\xampp\htdocs\lxt\lxt\Common\Common\function.php 第 63 行.
SQL: SELECT * FROM `sb_member` WHERE `mid` = null LIMIT 1   [ RunTime:0.0004s ]
SQL: SHOW COLUMNS FROM `sb_memberstatus` [ RunTime:0.0063s ]
SQL: SELECT * FROM `sb_memberstatus` WHERE `id` = null LIMIT 1   [ RunTime:0.0004s ]
SQL: SHOW COLUMNS FROM `sb_order` [ RunTime:0.0063s ]
SQL: SELECT `mid`,`createtime`,`money` FROM `sb_order` WHERE `mid` = 1442927376  [ RunTime:0.0004s ]
SQL: SHOW COLUMNS FROM `sb_cash` [ RunTime:0.0067s ]
SQL: SELECT `score` FROM `sb_cash` WHERE `mid` = 1442927376 AND `status` = 1  [ RunTime:0.0004s ]
SQL: SHOW COLUMNS FROM `sb_exchange` [ RunTime:0.0094s ]
SQL: SELECT `amount` FROM `sb_exchange` WHERE `mid` = 1442927376 AND `status` = 1  [ RunTime:0.0004s ]

[ 2015-10-09T10:48:43+08:00 ] 127.0.0.1 /lxt/index.php/Home/Index/index.html
INFO: [ app_init ] --START--
INFO: Run Behavior\BuildLiteBehavior [ RunTime:0.000013s ]
INFO: [ app_init ] --END-- [ RunTime:0.000388s ]
INFO: [ app_begin ] --START--
INFO: Run Behavior\ReadHtmlCacheBehavior [ RunTime:0.000609s ]
INFO: [ app_begin ] --END-- [ RunTime:0.000663s ]
SQL: SHOW COLUMNS FROM `sb_member` [ RunTime:0.0095s ]
NOTIC: [8] Undefined variable: mid C:\xampp\htdocs\lxt\lxt\Common\Common\function.php 第 63 行.
SQL: SELECT * FROM `sb_member` WHERE `mid` = null LIMIT 1   [ RunTime:0.0004s ]
SQL: SHOW COLUMNS FROM `sb_memberstatus` [ RunTime:0.0063s ]
SQL: SELECT * FROM `sb_memberstatus` WHERE `id` = null LIMIT 1   [ RunTime:0.0004s ]
SQL: SHOW COLUMNS FROM `sb_order` [ RunTime:0.0063s ]
SQL: SELECT `mid`,`createtime`,`money` FROM `sb_order` WHERE `mid` = 1442927376  [ RunTime:0.0004s ]
SQL: SHOW COLUMNS FROM `sb_cash` [ RunTime:0.0061s ]
SQL: SELECT `score` FROM `sb_cash` WHERE `mid` = 1442927376 AND `status` = 1  [ RunTime:0.0004s ]
SQL: SHOW COLUMNS FROM `sb_exchange` [ RunTime:0.0065s ]
SQL: SELECT `amount` FROM `sb_exchange` WHERE `mid` = 1442927376 AND `status` = 1  [ RunTime:0.0004s ]

[ 2015-10-09T10:48:48+08:00 ] 127.0.0.1 /lxt/index.php/Home/Index/index.html
INFO: [ app_init ] --START--
INFO: Run Behavior\BuildLiteBehavior [ RunTime:0.000013s ]
INFO: [ app_init ] --END-- [ RunTime:0.000390s ]
INFO: [ app_begin ] --START--
INFO: Run Behavior\ReadHtmlCacheBehavior [ RunTime:0.000611s ]
INFO: [ app_begin ] --END-- [ RunTime:0.000665s ]
SQL: SHOW COLUMNS FROM `sb_member` [ RunTime:0.0087s ]
NOTIC: [8] Undefined variable: mid C:\xampp\htdocs\lxt\lxt\Common\Common\function.php 第 63 行.
SQL: SELECT * FROM `sb_member` WHERE `mid` = null LIMIT 1   [ RunTime:0.0004s ]
SQL: SHOW COLUMNS FROM `sb_memberstatus` [ RunTime:0.0061s ]
SQL: SELECT * FROM `sb_memberstatus` WHERE `id` = null LIMIT 1   [ RunTime:0.0004s ]
SQL: SHOW COLUMNS FROM `sb_order` [ RunTime:0.0059s ]
SQL: SELECT `mid`,`createtime`,`money` FROM `sb_order` WHERE `mid` = 1442927376  [ RunTime:0.0003s ]
SQL: SHOW COLUMNS FROM `sb_cash` [ RunTime:0.0059s ]
SQL: SELECT `score` FROM `sb_cash` WHERE `mid` = 1442927376 AND `status` = 1  [ RunTime:0.0003s ]
SQL: SHOW COLUMNS FROM `sb_exchange` [ RunTime:0.0065s ]
SQL: SELECT `amount` FROM `sb_exchange` WHERE `mid` = 1442927376 AND `status` = 1  [ RunTime:0.0003s ]

[ 2015-10-09T10:50:31+08:00 ] 127.0.0.1 /lxt/index.php/Home/Index/index.html
INFO: [ app_init ] --START--
INFO: Run Behavior\BuildLiteBehavior [ RunTime:0.000014s ]
INFO: [ app_init ] --END-- [ RunTime:0.000430s ]
INFO: [ app_begin ] --START--
INFO: Run Behavior\ReadHtmlCacheBehavior [ RunTime:0.000655s ]
INFO: [ app_begin ] --END-- [ RunTime:0.000709s ]
SQL: SHOW COLUMNS FROM `sb_member` [ RunTime:0.0087s ]
NOTIC: [8] Undefined variable: mid C:\xampp\htdocs\lxt\lxt\Common\Common\function.php 第 63 行.
SQL: SELECT * FROM `sb_member` WHERE `mid` = null LIMIT 1   [ RunTime:0.0005s ]
SQL: SHOW COLUMNS FROM `sb_memberstatus` [ RunTime:0.0063s ]
SQL: SELECT * FROM `sb_memberstatus` WHERE `id` = null LIMIT 1   [ RunTime:0.0004s ]
SQL: SHOW COLUMNS FROM `sb_order` [ RunTime:0.0065s ]
SQL: SELECT `mid`,`createtime`,`money` FROM `sb_order` WHERE `mid` = 1442927376  [ RunTime:0.0004s ]
SQL: SHOW COLUMNS FROM `sb_cash` [ RunTime:0.0063s ]
SQL: SELECT `score` FROM `sb_cash` WHERE `mid` = 1442927376 AND `status` = 1  [ RunTime:0.0003s ]
SQL: SHOW COLUMNS FROM `sb_exchange` [ RunTime:0.0063s ]
SQL: SELECT `amount` FROM `sb_exchange` WHERE `mid` = 1442927376 AND `status` = 1  [ RunTime:0.0004s ]

[ 2015-10-09T10:52:19+08:00 ] 127.0.0.1 /lxt/index.php/Home/Index/index.html
INFO: [ app_init ] --START--
INFO: Run Behavior\BuildLiteBehavior [ RunTime:0.000013s ]
INFO: [ app_init ] --END-- [ RunTime:0.000404s ]
INFO: [ app_begin ] --START--
INFO: Run Behavior\ReadHtmlCacheBehavior [ RunTime:0.000622s ]
INFO: [ app_begin ] --END-- [ RunTime:0.000677s ]
SQL: SHOW COLUMNS FROM `sb_member` [ RunTime:0.0085s ]
SQL: SELECT * FROM `sb_member` WHERE `mid` = 1442927376 LIMIT 1   [ RunTime:0.0004s ]
SQL: SHOW COLUMNS FROM `sb_memberstatus` [ RunTime:0.0057s ]
SQL: SELECT * FROM `sb_memberstatus` WHERE `id` = 2 LIMIT 1   [ RunTime:0.0003s ]
SQL: SHOW COLUMNS FROM `sb_order` [ RunTime:0.0061s ]
SQL: SELECT `mid`,`createtime`,`money` FROM `sb_order` WHERE `mid` = 1442927376  [ RunTime:0.0003s ]
SQL: SHOW COLUMNS FROM `sb_cash` [ RunTime:0.0060s ]
SQL: SELECT `score` FROM `sb_cash` WHERE `mid` = 1442927376 AND `status` = 1  [ RunTime:0.0003s ]
SQL: SHOW COLUMNS FROM `sb_exchange` [ RunTime:0.0061s ]
SQL: SELECT `amount` FROM `sb_exchange` WHERE `mid` = 1442927376 AND `status` = 1  [ RunTime:0.0003s ]

[ 2015-10-09T10:52:21+08:00 ] 127.0.0.1 /lxt/index.php/Home/Index/index.html
INFO: [ app_init ] --START--
INFO: Run Behavior\BuildLiteBehavior [ RunTime:0.000013s ]
INFO: [ app_init ] --END-- [ RunTime:0.000395s ]
INFO: [ app_begin ] --START--
INFO: Run Behavior\ReadHtmlCacheBehavior [ RunTime:0.000619s ]
INFO: [ app_begin ] --END-- [ RunTime:0.000673s ]
SQL: SHOW COLUMNS FROM `sb_member` [ RunTime:0.0097s ]
SQL: SELECT * FROM `sb_member` WHERE `mid` = 1442927376 LIMIT 1   [ RunTime:0.0004s ]
SQL: SHOW COLUMNS FROM `sb_memberstatus` [ RunTime:0.0062s ]
SQL: SELECT * FROM `sb_memberstatus` WHERE `id` = 2 LIMIT 1   [ RunTime:0.0004s ]
SQL: SHOW COLUMNS FROM `sb_order` [ RunTime:0.0069s ]
SQL: SELECT `mid`,`createtime`,`money` FROM `sb_order` WHERE `mid` = 1442927376  [ RunTime:0.0004s ]
SQL: SHOW COLUMNS FROM `sb_cash` [ RunTime:0.0068s ]
SQL: SELECT `score` FROM `sb_cash` WHERE `mid` = 1442927376 AND `status` = 1  [ RunTime:0.0003s ]
SQL: SHOW COLUMNS FROM `sb_exchange` [ RunTime:0.0065s ]
SQL: SELECT `amount` FROM `sb_exchange` WHERE `mid` = 1442927376 AND `status` = 1  [ RunTime:0.0003s ]

[ 2015-10-09T10:53:07+08:00 ] 127.0.0.1 /lxt/index.php/Home/Index/index.html
INFO: [ app_init ] --START--
INFO: Run Behavior\BuildLiteBehavior [ RunTime:0.000013s ]
INFO: [ app_init ] --END-- [ RunTime:0.000401s ]
INFO: [ app_begin ] --START--
INFO: Run Behavior\ReadHtmlCacheBehavior [ RunTime:0.000657s ]
INFO: [ app_begin ] --END-- [ RunTime:0.000711s ]
SQL: SHOW COLUMNS FROM `sb_repayrule` [ RunTime:0.0085s ]
NOTIC: [8] Undefined variable: memberstatus C:\xampp\htdocs\lxt\lxt\Common\Common\function.php 第 97 行.
SQL: SELECT * FROM `sb_repayrule` WHERE `id` = null LIMIT 1   [ RunTime:0.0004s ]
SQL: SHOW COLUMNS FROM `sb_order` [ RunTime:0.0065s ]
SQL: SELECT `mid`,`createtime`,`money` FROM `sb_order` WHERE `mid` = 1442927376  [ RunTime:0.0004s ]
SQL: SHOW COLUMNS FROM `sb_cash` [ RunTime:0.0066s ]
SQL: SELECT `score` FROM `sb_cash` WHERE `mid` = 1442927376 AND `status` = 1  [ RunTime:0.0004s ]
SQL: SHOW COLUMNS FROM `sb_exchange` [ RunTime:0.0062s ]
SQL: SELECT `amount` FROM `sb_exchange` WHERE `mid` = 1442927376 AND `status` = 1  [ RunTime:0.0003s ]

[ 2015-10-09T10:53:10+08:00 ] 127.0.0.1 /lxt/index.php/Home/Index/index.html
INFO: [ app_init ] --START--
INFO: Run Behavior\BuildLiteBehavior [ RunTime:0.000012s ]
INFO: [ app_init ] --END-- [ RunTime:0.000400s ]
INFO: [ app_begin ] --START--
INFO: Run Behavior\ReadHtmlCacheBehavior [ RunTime:0.000621s ]
INFO: [ app_begin ] --END-- [ RunTime:0.000675s ]
SQL: SHOW COLUMNS FROM `sb_repayrule` [ RunTime:0.0099s ]
NOTIC: [8] Undefined variable: memberstatus C:\xampp\htdocs\lxt\lxt\Common\Common\function.php 第 97 行.
SQL: SELECT * FROM `sb_repayrule` WHERE `id` = null LIMIT 1   [ RunTime:0.0003s ]
SQL: SHOW COLUMNS FROM `sb_order` [ RunTime:0.0063s ]
SQL: SELECT `mid`,`createtime`,`money` FROM `sb_order` WHERE `mid` = 1442927376  [ RunTime:0.0004s ]
SQL: SHOW COLUMNS FROM `sb_cash` [ RunTime:0.0065s ]
SQL: SELECT `score` FROM `sb_cash` WHERE `mid` = 1442927376 AND `status` = 1  [ RunTime:0.0004s ]
SQL: SHOW COLUMNS FROM `sb_exchange` [ RunTime:0.0072s ]
SQL: SELECT `amount` FROM `sb_exchange` WHERE `mid` = 1442927376 AND `status` = 1  [ RunTime:0.0004s ]

[ 2015-10-09T10:55:35+08:00 ] 127.0.0.1 /lxt/index.php/Home/Index/index.html
INFO: [ app_init ] --START--
INFO: Run Behavior\BuildLiteBehavior [ RunTime:0.000018s ]
INFO: [ app_init ] --END-- [ RunTime:0.000564s ]
INFO: [ app_begin ] --START--
INFO: Run Behavior\ReadHtmlCacheBehavior [ RunTime:0.000659s ]
INFO: [ app_begin ] --END-- [ RunTime:0.000714s ]
SQL: SHOW COLUMNS FROM `sb_repayrule` [ RunTime:0.0086s ]
SQL: SHOW COLUMNS FROM `sb_member` [ RunTime:0.0063s ]
SQL: SELECT * FROM `sb_member` WHERE `mid` = 1442927376 LIMIT 1   [ RunTime:0.0005s ]
SQL: SHOW COLUMNS FROM `sb_memberstatus` [ RunTime:0.0062s ]
SQL: SELECT * FROM `sb_memberstatus` WHERE `id` = 2 LIMIT 1   [ RunTime:0.0004s ]
SQL: SELECT * FROM `sb_repayrule` WHERE `id` = 3 LIMIT 1   [ RunTime:0.0003s ]
SQL: SHOW COLUMNS FROM `sb_order` [ RunTime:0.0062s ]
SQL: SELECT `mid`,`createtime`,`money` FROM `sb_order` WHERE `mid` = 1442927376  [ RunTime:0.0003s ]
SQL: SHOW COLUMNS FROM `sb_cash` [ RunTime:0.0069s ]
SQL: SELECT `score` FROM `sb_cash` WHERE `mid` = 1442927376 AND `status` = 1  [ RunTime:0.0003s ]
SQL: SHOW COLUMNS FROM `sb_exchange` [ RunTime:0.0062s ]
SQL: SELECT `amount` FROM `sb_exchange` WHERE `mid` = 1442927376 AND `status` = 1  [ RunTime:0.0003s ]

[ 2015-10-09T11:07:26+08:00 ] 127.0.0.1 /lxt/index.php/Home/Index/index.html
INFO: [ app_init ] --START--
INFO: Run Behavior\BuildLiteBehavior [ RunTime:0.000009s ]
INFO: [ app_init ] --END-- [ RunTime:0.000272s ]
INFO: [ app_begin ] --START--
INFO: Run Behavior\ReadHtmlCacheBehavior [ RunTime:0.000626s ]
INFO: [ app_begin ] --END-- [ RunTime:0.000664s ]
NOTIC: [2] Missing argument 2 for get_info(), called in C:\xampp\htdocs\lxt\lxt\Home\Controller\IndexController.class.php on line 8 and defined C:\xampp\htdocs\lxt\lxt\Common\Common\function.php 第 105 行.
NOTIC: [8] Undefined variable: get C:\xampp\htdocs\lxt\lxt\Common\Common\function.php 第 108 行.
NOTIC: [8] Undefined variable: get C:\xampp\htdocs\lxt\lxt\Common\Common\function.php 第 112 行.
NOTIC: [8] Undefined variable: get C:\xampp\htdocs\lxt\lxt\Common\Common\function.php 第 116 行.
SQL: SHOW COLUMNS FROM `sb_order` [ RunTime:0.0071s ]
SQL: SELECT `mid`,`createtime`,`money` FROM `sb_order` WHERE `mid` = 1442927376  [ RunTime:0.0003s ]
SQL: SHOW COLUMNS FROM `sb_cash` [ RunTime:0.0046s ]
NOTIC: [2] Missing argument 1 for Home\Model\CashModel::get_cash_all_score(), called in C:\xampp\htdocs\lxt\lxt\Home\Controller\IndexController.class.php on line 11 and defined C:\xampp\htdocs\lxt\lxt\Home\Model\CashModel.class.php 第 19 行.
NOTIC: [8] Undefined variable: mid C:\xampp\htdocs\lxt\lxt\Home\Model\CashModel.class.php 第 21 行.
SQL: SELECT `score` FROM `sb_cash` WHERE `mid` = null AND `status` = 1  [ RunTime:0.0003s ]
SQL: SHOW COLUMNS FROM `sb_exchange` [ RunTime:0.0044s ]
NOTIC: [2] Missing argument 1 for Home\Model\ExchangeModel::get_ex_all_score(), called in C:\xampp\htdocs\lxt\lxt\Home\Controller\IndexController.class.php on line 12 and defined C:\xampp\htdocs\lxt\lxt\Home\Model\ExchangeModel.class.php 第 15 行.
NOTIC: [8] Undefined variable: mid C:\xampp\htdocs\lxt\lxt\Home\Model\ExchangeModel.class.php 第 17 行.
SQL: SELECT `amount` FROM `sb_exchange` WHERE `mid` = null AND `status` = 1  [ RunTime:0.0003s ]

[ 2015-10-09T11:08:43+08:00 ] 127.0.0.1 /lxt/index.php/Home/Index/index.html
INFO: [ app_init ] --START--
INFO: Run Behavior\BuildLiteBehavior [ RunTime:0.000012s ]
INFO: [ app_init ] --END-- [ RunTime:0.000324s ]
INFO: [ app_begin ] --START--
INFO: Run Behavior\ReadHtmlCacheBehavior [ RunTime:0.000530s ]
INFO: [ app_begin ] --END-- [ RunTime:0.000582s ]
NOTIC: [2] Missing argument 2 for get_info(), called in C:\xampp\htdocs\lxt\lxt\Home\Controller\IndexController.class.php on line 8 and defined C:\xampp\htdocs\lxt\lxt\Common\Common\function.php 第 105 行.
NOTIC: [8] Undefined variable: get C:\xampp\htdocs\lxt\lxt\Common\Common\function.php 第 108 行.
NOTIC: [8] Undefined variable: get C:\xampp\htdocs\lxt\lxt\Common\Common\function.php 第 113 行.
NOTIC: [8] Undefined variable: get C:\xampp\htdocs\lxt\lxt\Common\Common\function.php 第 117 行.
SQL: SHOW COLUMNS FROM `sb_order` [ RunTime:0.0061s ]
SQL: SELECT `mid`,`createtime`,`money` FROM `sb_order` WHERE `mid` = 1442927376  [ RunTime:0.0003s ]
SQL: SHOW COLUMNS FROM `sb_cash` [ RunTime:0.0046s ]
NOTIC: [2] Missing argument 1 for Home\Model\CashModel::get_cash_all_score(), called in C:\xampp\htdocs\lxt\lxt\Home\Controller\IndexController.class.php on line 11 and defined C:\xampp\htdocs\lxt\lxt\Home\Model\CashModel.class.php 第 19 行.
NOTIC: [8] Undefined variable: mid C:\xampp\htdocs\lxt\lxt\Home\Model\CashModel.class.php 第 21 行.
SQL: SELECT `score` FROM `sb_cash` WHERE `mid` = null AND `status` = 1  [ RunTime:0.0002s ]
SQL: SHOW COLUMNS FROM `sb_exchange` [ RunTime:0.0044s ]
NOTIC: [2] Missing argument 1 for Home\Model\ExchangeModel::get_ex_all_score(), called in C:\xampp\htdocs\lxt\lxt\Home\Controller\IndexController.class.php on line 12 and defined C:\xampp\htdocs\lxt\lxt\Home\Model\ExchangeModel.class.php 第 15 行.
NOTIC: [8] Undefined variable: mid C:\xampp\htdocs\lxt\lxt\Home\Model\ExchangeModel.class.php 第 17 行.
SQL: SELECT `amount` FROM `sb_exchange` WHERE `mid` = null AND `status` = 1  [ RunTime:0.0002s ]

[ 2015-10-09T11:08:43+08:00 ] 127.0.0.1 /lxt/index.php/Home/Index/index.html
INFO: [ app_init ] --START--
INFO: Run Behavior\BuildLiteBehavior [ RunTime:0.000010s ]
INFO: [ app_init ] --END-- [ RunTime:0.000271s ]
INFO: [ app_begin ] --START--
INFO: Run Behavior\ReadHtmlCacheBehavior [ RunTime:0.000419s ]
INFO: [ app_begin ] --END-- [ RunTime:0.000457s ]
NOTIC: [2] Missing argument 2 for get_info(), called in C:\xampp\htdocs\lxt\lxt\Home\Controller\IndexController.class.php on line 8 and defined C:\xampp\htdocs\lxt\lxt\Common\Common\function.php 第 105 行.
NOTIC: [8] Undefined variable: get C:\xampp\htdocs\lxt\lxt\Common\Common\function.php 第 108 行.
NOTIC: [8] Undefined variable: get C:\xampp\htdocs\lxt\lxt\Common\Common\function.php 第 113 行.
NOTIC: [8] Undefined variable: get C:\xampp\htdocs\lxt\lxt\Common\Common\function.php 第 117 行.
SQL: SHOW COLUMNS FROM `sb_order` [ RunTime:0.0032s ]
SQL: SELECT `mid`,`createtime`,`money` FROM `sb_order` WHERE `mid` = 1442927376  [ RunTime:0.0002s ]
SQL: SHOW COLUMNS FROM `sb_cash` [ RunTime:0.0030s ]
NOTIC: [2] Missing argument 1 for Home\Model\CashModel::get_cash_all_score(), called in C:\xampp\htdocs\lxt\lxt\Home\Controller\IndexController.class.php on line 11 and defined C:\xampp\htdocs\lxt\lxt\Home\Model\CashModel.class.php 第 19 行.
NOTIC: [8] Undefined variable: mid C:\xampp\htdocs\lxt\lxt\Home\Model\CashModel.class.php 第 21 行.
SQL: SELECT `score` FROM `sb_cash` WHERE `mid` = null AND `status` = 1  [ RunTime:0.0002s ]
SQL: SHOW COLUMNS FROM `sb_exchange` [ RunTime:0.0033s ]
NOTIC: [2] Missing argument 1 for Home\Model\ExchangeModel::get_ex_all_score(), called in C:\xampp\htdocs\lxt\lxt\Home\Controller\IndexController.class.php on line 12 and defined C:\xampp\htdocs\lxt\lxt\Home\Model\ExchangeModel.class.php 第 15 行.
NOTIC: [8] Undefined variable: mid C:\xampp\htdocs\lxt\lxt\Home\Model\ExchangeModel.class.php 第 17 行.
SQL: SELECT `amount` FROM `sb_exchange` WHERE `mid` = null AND `status` = 1  [ RunTime:0.0002s ]

[ 2015-10-09T11:09:37+08:00 ] 127.0.0.1 /lxt/index.php/Home/Index/index.html
INFO: [ app_init ] --START--
INFO: Run Behavior\BuildLiteBehavior [ RunTime:0.000009s ]
INFO: [ app_init ] --END-- [ RunTime:0.000267s ]
INFO: [ app_begin ] --START--
INFO: Run Behavior\ReadHtmlCacheBehavior [ RunTime:0.000439s ]
INFO: [ app_begin ] --END-- [ RunTime:0.000475s ]
SQL: SHOW COLUMNS FROM `sb_order` [ RunTime:0.0069s ]
SQL: SELECT `mid`,`createtime`,`money` FROM `sb_order` WHERE `mid` = 1442927376  [ RunTime:0.0003s ]
SQL: SHOW COLUMNS FROM `sb_cash` [ RunTime:0.0045s ]
NOTIC: [2] Missing argument 1 for Home\Model\CashModel::get_cash_all_score(), called in C:\xampp\htdocs\lxt\lxt\Home\Controller\IndexController.class.php on line 11 and defined C:\xampp\htdocs\lxt\lxt\Home\Model\CashModel.class.php 第 19 行.
NOTIC: [8] Undefined variable: mid C:\xampp\htdocs\lxt\lxt\Home\Model\CashModel.class.php 第 21 行.
SQL: SELECT `score` FROM `sb_cash` WHERE `mid` = null AND `status` = 1  [ RunTime:0.0002s ]
SQL: SHOW COLUMNS FROM `sb_exchange` [ RunTime:0.0050s ]
NOTIC: [2] Missing argument 1 for Home\Model\ExchangeModel::get_ex_all_score(), called in C:\xampp\htdocs\lxt\lxt\Home\Controller\IndexController.class.php on line 12 and defined C:\xampp\htdocs\lxt\lxt\Home\Model\ExchangeModel.class.php 第 15 行.
NOTIC: [8] Undefined variable: mid C:\xampp\htdocs\lxt\lxt\Home\Model\ExchangeModel.class.php 第 17 行.
SQL: SELECT `amount` FROM `sb_exchange` WHERE `mid` = null AND `status` = 1  [ RunTime:0.0002s ]

[ 2015-10-09T11:09:40+08:00 ] 127.0.0.1 /lxt/index.php/Home/Index/index.html
INFO: [ app_init ] --START--
INFO: Run Behavior\BuildLiteBehavior [ RunTime:0.000009s ]
INFO: [ app_init ] --END-- [ RunTime:0.000263s ]
INFO: [ app_begin ] --START--
INFO: Run Behavior\ReadHtmlCacheBehavior [ RunTime:0.000413s ]
INFO: [ app_begin ] --END-- [ RunTime:0.000462s ]
SQL: SHOW COLUMNS FROM `sb_order` [ RunTime:0.0061s ]
SQL: SELECT `mid`,`createtime`,`money` FROM `sb_order` WHERE `mid` = 1442927376  [ RunTime:0.0003s ]
SQL: SHOW COLUMNS FROM `sb_cash` [ RunTime:0.0054s ]
NOTIC: [2] Missing argument 1 for Home\Model\CashModel::get_cash_all_score(), called in C:\xampp\htdocs\lxt\lxt\Home\Controller\IndexController.class.php on line 11 and defined C:\xampp\htdocs\lxt\lxt\Home\Model\CashModel.class.php 第 19 行.
NOTIC: [8] Undefined variable: mid C:\xampp\htdocs\lxt\lxt\Home\Model\CashModel.class.php 第 21 行.
SQL: SELECT `score` FROM `sb_cash` WHERE `mid` = null AND `status` = 1  [ RunTime:0.0003s ]
SQL: SHOW COLUMNS FROM `sb_exchange` [ RunTime:0.0046s ]
NOTIC: [2] Missing argument 1 for Home\Model\ExchangeModel::get_ex_all_score(), called in C:\xampp\htdocs\lxt\lxt\Home\Controller\IndexController.class.php on line 12 and defined C:\xampp\htdocs\lxt\lxt\Home\Model\ExchangeModel.class.php 第 15 行.
NOTIC: [8] Undefined variable: mid C:\xampp\htdocs\lxt\lxt\Home\Model\ExchangeModel.class.php 第 17 行.
SQL: SELECT `amount` FROM `sb_exchange` WHERE `mid` = null AND `status` = 1  [ RunTime:0.0002s ]

[ 2015-10-09T11:09:41+08:00 ] 127.0.0.1 /lxt/index.php/Home/Index/index.html
INFO: [ app_init ] --START--
INFO: Run Behavior\BuildLiteBehavior [ RunTime:0.000019s ]
INFO: [ app_init ] --END-- [ RunTime:0.000482s ]
INFO: [ app_begin ] --START--
INFO: Run Behavior\ReadHtmlCacheBehavior [ RunTime:0.000702s ]
INFO: [ app_begin ] --END-- [ RunTime:0.000761s ]
SQL: SHOW COLUMNS FROM `sb_order` [ RunTime:0.0071s ]
SQL: SELECT `mid`,`createtime`,`money` FROM `sb_order` WHERE `mid` = 1442927376  [ RunTime:0.0003s ]
SQL: SHOW COLUMNS FROM `sb_cash` [ RunTime:0.0053s ]
NOTIC: [2] Missing argument 1 for Home\Model\CashModel::get_cash_all_score(), called in C:\xampp\htdocs\lxt\lxt\Home\Controller\IndexController.class.php on line 11 and defined C:\xampp\htdocs\lxt\lxt\Home\Model\CashModel.class.php 第 19 行.
NOTIC: [8] Undefined variable: mid C:\xampp\htdocs\lxt\lxt\Home\Model\CashModel.class.php 第 21 行.
SQL: SELECT `score` FROM `sb_cash` WHERE `mid` = null AND `status` = 1  [ RunTime:0.0002s ]
SQL: SHOW COLUMNS FROM `sb_exchange` [ RunTime:0.0056s ]
NOTIC: [2] Missing argument 1 for Home\Model\ExchangeModel::get_ex_all_score(), called in C:\xampp\htdocs\lxt\lxt\Home\Controller\IndexController.class.php on line 12 and defined C:\xampp\htdocs\lxt\lxt\Home\Model\ExchangeModel.class.php 第 15 行.
NOTIC: [8] Undefined variable: mid C:\xampp\htdocs\lxt\lxt\Home\Model\ExchangeModel.class.php 第 17 行.
SQL: SELECT `amount` FROM `sb_exchange` WHERE `mid` = null AND `status` = 1  [ RunTime:0.0002s ]

[ 2015-10-09T11:09:48+08:00 ] 127.0.0.1 /lxt/index.php/Home/Index/index.html
INFO: [ app_init ] --START--
INFO: Run Behavior\BuildLiteBehavior [ RunTime:0.000017s ]
INFO: [ app_init ] --END-- [ RunTime:0.000477s ]
INFO: [ app_begin ] --START--
INFO: Run Behavior\ReadHtmlCacheBehavior [ RunTime:0.000799s ]
INFO: [ app_begin ] --END-- [ RunTime:0.000879s ]
SQL: SHOW COLUMNS FROM `sb_order` [ RunTime:0.0086s ]
SQL: SELECT `mid`,`createtime`,`money` FROM `sb_order` WHERE `mid` = 1442927376  [ RunTime:0.0003s ]
SQL: SHOW COLUMNS FROM `sb_cash` [ RunTime:0.0058s ]
NOTIC: [2] Missing argument 1 for Home\Model\CashModel::get_cash_all_score(), called in C:\xampp\htdocs\lxt\lxt\Home\Controller\IndexController.class.php on line 11 and defined C:\xampp\htdocs\lxt\lxt\Home\Model\CashModel.class.php 第 19 行.
NOTIC: [8] Undefined variable: mid C:\xampp\htdocs\lxt\lxt\Home\Model\CashModel.class.php 第 21 行.
SQL: SELECT `score` FROM `sb_cash` WHERE `mid` = null AND `status` = 1  [ RunTime:0.0003s ]
SQL: SHOW COLUMNS FROM `sb_exchange` [ RunTime:0.0052s ]
NOTIC: [2] Missing argument 1 for Home\Model\ExchangeModel::get_ex_all_score(), called in C:\xampp\htdocs\lxt\lxt\Home\Controller\IndexController.class.php on line 12 and defined C:\xampp\htdocs\lxt\lxt\Home\Model\ExchangeModel.class.php 第 15 行.
NOTIC: [8] Undefined variable: mid C:\xampp\htdocs\lxt\lxt\Home\Model\ExchangeModel.class.php 第 17 行.
SQL: SELECT `amount` FROM `sb_exchange` WHERE `mid` = null AND `status` = 1  [ RunTime:0.0003s ]

[ 2015-10-09T11:10:14+08:00 ] 127.0.0.1 /lxt/index.php/Home/Index/index.html
INFO: [ app_init ] --START--
INFO: Run Behavior\BuildLiteBehavior [ RunTime:0.000009s ]
INFO: [ app_init ] --END-- [ RunTime:0.000267s ]
INFO: [ app_begin ] --START--
INFO: Run Behavior\ReadHtmlCacheBehavior [ RunTime:0.000478s ]
INFO: [ app_begin ] --END-- [ RunTime:0.000514s ]
SQL: SHOW COLUMNS FROM `sb_order` [ RunTime:0.0061s ]
SQL: SELECT `mid`,`createtime`,`money` FROM `sb_order` WHERE `mid` = 1442927376  [ RunTime:0.0003s ]
SQL: SHOW COLUMNS FROM `sb_cash` [ RunTime:0.0054s ]
NOTIC: [2] Missing argument 1 for Home\Model\CashModel::get_cash_all_score(), called in C:\xampp\htdocs\lxt\lxt\Home\Controller\IndexController.class.php on line 11 and defined C:\xampp\htdocs\lxt\lxt\Home\Model\CashModel.class.php 第 19 行.
NOTIC: [8] Undefined variable: mid C:\xampp\htdocs\lxt\lxt\Home\Model\CashModel.class.php 第 21 行.
SQL: SELECT `score` FROM `sb_cash` WHERE `mid` = null AND `status` = 1  [ RunTime:0.0002s ]
SQL: SHOW COLUMNS FROM `sb_exchange` [ RunTime:0.0046s ]
NOTIC: [2] Missing argument 1 for Home\Model\ExchangeModel::get_ex_all_score(), called in C:\xampp\htdocs\lxt\lxt\Home\Controller\IndexController.class.php on line 12 and defined C:\xampp\htdocs\lxt\lxt\Home\Model\ExchangeModel.class.php 第 15 行.
NOTIC: [8] Undefined variable: mid C:\xampp\htdocs\lxt\lxt\Home\Model\ExchangeModel.class.php 第 17 行.
SQL: SELECT `amount` FROM `sb_exchange` WHERE `mid` = null AND `status` = 1  [ RunTime:0.0003s ]

[ 2015-10-09T11:10:17+08:00 ] 127.0.0.1 /lxt/index.php/Home/Index/index.html
INFO: [ app_init ] --START--
INFO: Run Behavior\BuildLiteBehavior [ RunTime:0.000008s ]
INFO: [ app_init ] --END-- [ RunTime:0.000266s ]
INFO: [ app_begin ] --START--
INFO: Run Behavior\ReadHtmlCacheBehavior [ RunTime:0.000416s ]
INFO: [ app_begin ] --END-- [ RunTime:0.000452s ]
SQL: SHOW COLUMNS FROM `sb_order` [ RunTime:0.0076s ]
SQL: SELECT `mid`,`createtime`,`money` FROM `sb_order` WHERE `mid` = 1442927376  [ RunTime:0.0003s ]
SQL: SHOW COLUMNS FROM `sb_cash` [ RunTime:0.0045s ]
NOTIC: [2] Missing argument 1 for Home\Model\CashModel::get_cash_all_score(), called in C:\xampp\htdocs\lxt\lxt\Home\Controller\IndexController.class.php on line 11 and defined C:\xampp\htdocs\lxt\lxt\Home\Model\CashModel.class.php 第 19 行.
NOTIC: [8] Undefined variable: mid C:\xampp\htdocs\lxt\lxt\Home\Model\CashModel.class.php 第 21 行.
SQL: SELECT `score` FROM `sb_cash` WHERE `mid` = null AND `status` = 1  [ RunTime:0.0002s ]
SQL: SHOW COLUMNS FROM `sb_exchange` [ RunTime:0.0045s ]
NOTIC: [2] Missing argument 1 for Home\Model\ExchangeModel::get_ex_all_score(), called in C:\xampp\htdocs\lxt\lxt\Home\Controller\IndexController.class.php on line 12 and defined C:\xampp\htdocs\lxt\lxt\Home\Model\ExchangeModel.class.php 第 15 行.
NOTIC: [8] Undefined variable: mid C:\xampp\htdocs\lxt\lxt\Home\Model\ExchangeModel.class.php 第 17 行.
SQL: SELECT `amount` FROM `sb_exchange` WHERE `mid` = null AND `status` = 1  [ RunTime:0.0002s ]

[ 2015-10-09T11:10:18+08:00 ] 127.0.0.1 /lxt/index.php/Home/Index/index.html
INFO: [ app_init ] --START--
INFO: Run Behavior\BuildLiteBehavior [ RunTime:0.000008s ]
INFO: [ app_init ] --END-- [ RunTime:0.000262s ]
INFO: [ app_begin ] --START--
INFO: Run Behavior\ReadHtmlCacheBehavior [ RunTime:0.000416s ]
INFO: [ app_begin ] --END-- [ RunTime:0.000452s ]
SQL: SHOW COLUMNS FROM `sb_order` [ RunTime:0.0070s ]
SQL: SELECT `mid`,`createtime`,`money` FROM `sb_order` WHERE `mid` = 1442927376  [ RunTime:0.0003s ]
SQL: SHOW COLUMNS FROM `sb_cash` [ RunTime:0.0053s ]
NOTIC: [2] Missing argument 1 for Home\Model\CashModel::get_cash_all_score(), called in C:\xampp\htdocs\lxt\lxt\Home\Controller\IndexController.class.php on line 11 and defined C:\xampp\htdocs\lxt\lxt\Home\Model\CashModel.class.php 第 19 行.
NOTIC: [8] Undefined variable: mid C:\xampp\htdocs\lxt\lxt\Home\Model\CashModel.class.php 第 21 行.
SQL: SELECT `score` FROM `sb_cash` WHERE `mid` = null AND `status` = 1  [ RunTime:0.0003s ]
SQL: SHOW COLUMNS FROM `sb_exchange` [ RunTime:0.0068s ]
NOTIC: [2] Missing argument 1 for Home\Model\ExchangeModel::get_ex_all_score(), called in C:\xampp\htdocs\lxt\lxt\Home\Controller\IndexController.class.php on line 12 and defined C:\xampp\htdocs\lxt\lxt\Home\Model\ExchangeModel.class.php 第 15 行.
NOTIC: [8] Undefined variable: mid C:\xampp\htdocs\lxt\lxt\Home\Model\ExchangeModel.class.php 第 17 行.
SQL: SELECT `amount` FROM `sb_exchange` WHERE `mid` = null AND `status` = 1  [ RunTime:0.0003s ]

[ 2015-10-09T11:10:19+08:00 ] 127.0.0.1 /lxt/index.php/Home/Index/index.html
INFO: [ app_init ] --START--
INFO: Run Behavior\BuildLiteBehavior [ RunTime:0.000015s ]
INFO: [ app_init ] --END-- [ RunTime:0.000372s ]
INFO: [ app_begin ] --START--
INFO: Run Behavior\ReadHtmlCacheBehavior [ RunTime:0.000643s ]
INFO: [ app_begin ] --END-- [ RunTime:0.000698s ]
SQL: SHOW COLUMNS FROM `sb_order` [ RunTime:0.0076s ]
SQL: SELECT `mid`,`createtime`,`money` FROM `sb_order` WHERE `mid` = 1442927376  [ RunTime:0.0003s ]
SQL: SHOW COLUMNS FROM `sb_cash` [ RunTime:0.0048s ]
NOTIC: [2] Missing argument 1 for Home\Model\CashModel::get_cash_all_score(), called in C:\xampp\htdocs\lxt\lxt\Home\Controller\IndexController.class.php on line 11 and defined C:\xampp\htdocs\lxt\lxt\Home\Model\CashModel.class.php 第 19 行.
NOTIC: [8] Undefined variable: mid C:\xampp\htdocs\lxt\lxt\Home\Model\CashModel.class.php 第 21 行.
SQL: SELECT `score` FROM `sb_cash` WHERE `mid` = null AND `status` = 1  [ RunTime:0.0003s ]
SQL: SHOW COLUMNS FROM `sb_exchange` [ RunTime:0.0049s ]
NOTIC: [2] Missing argument 1 for Home\Model\ExchangeModel::get_ex_all_score(), called in C:\xampp\htdocs\lxt\lxt\Home\Controller\IndexController.class.php on line 12 and defined C:\xampp\htdocs\lxt\lxt\Home\Model\ExchangeModel.class.php 第 15 行.
NOTIC: [8] Undefined variable: mid C:\xampp\htdocs\lxt\lxt\Home\Model\ExchangeModel.class.php 第 17 行.
SQL: SELECT `amount` FROM `sb_exchange` WHERE `mid` = null AND `status` = 1  [ RunTime:0.0003s ]

[ 2015-10-09T11:10:20+08:00 ] 127.0.0.1 /lxt/index.php/Home/Index/index.html
INFO: [ app_init ] --START--
INFO: Run Behavior\BuildLiteBehavior [ RunTime:0.000008s ]
INFO: [ app_init ] --END-- [ RunTime:0.000266s ]
INFO: [ app_begin ] --START--
INFO: Run Behavior\ReadHtmlCacheBehavior [ RunTime:0.000418s ]
INFO: [ app_begin ] --END-- [ RunTime:0.000454s ]
SQL: SHOW COLUMNS FROM `sb_order` [ RunTime:0.0061s ]
SQL: SELECT `mid`,`createtime`,`money` FROM `sb_order` WHERE `mid` = 1442927376  [ RunTime:0.0002s ]
SQL: SHOW COLUMNS FROM `sb_cash` [ RunTime:0.0055s ]
NOTIC: [2] Missing argument 1 for Home\Model\CashModel::get_cash_all_score(), called in C:\xampp\htdocs\lxt\lxt\Home\Controller\IndexController.class.php on line 11 and defined C:\xampp\htdocs\lxt\lxt\Home\Model\CashModel.class.php 第 19 行.
NOTIC: [8] Undefined variable: mid C:\xampp\htdocs\lxt\lxt\Home\Model\CashModel.class.php 第 21 行.
SQL: SELECT `score` FROM `sb_cash` WHERE `mid` = null AND `status` = 1  [ RunTime:0.0003s ]
SQL: SHOW COLUMNS FROM `sb_exchange` [ RunTime:0.0047s ]
NOTIC: [2] Missing argument 1 for Home\Model\ExchangeModel::get_ex_all_score(), called in C:\xampp\htdocs\lxt\lxt\Home\Controller\IndexController.class.php on line 12 and defined C:\xampp\htdocs\lxt\lxt\Home\Model\ExchangeModel.class.php 第 15 行.
NOTIC: [8] Undefined variable: mid C:\xampp\htdocs\lxt\lxt\Home\Model\ExchangeModel.class.php 第 17 行.
SQL: SELECT `amount` FROM `sb_exchange` WHERE `mid` = null AND `status` = 1  [ RunTime:0.0002s ]

[ 2015-10-09T11:10:20+08:00 ] 127.0.0.1 /lxt/index.php/Home/Index/index.html
INFO: [ app_init ] --START--
INFO: Run Behavior\BuildLiteBehavior [ RunTime:0.000010s ]
INFO: [ app_init ] --END-- [ RunTime:0.000271s ]
INFO: [ app_begin ] --START--
INFO: Run Behavior\ReadHtmlCacheBehavior [ RunTime:0.000418s ]
INFO: [ app_begin ] --END-- [ RunTime:0.000454s ]
SQL: SHOW COLUMNS FROM `sb_order` [ RunTime:0.0032s ]
SQL: SELECT `mid`,`createtime`,`money` FROM `sb_order` WHERE `mid` = 1442927376  [ RunTime:0.0002s ]
SQL: SHOW COLUMNS FROM `sb_cash` [ RunTime:0.0029s ]
NOTIC: [2] Missing argument 1 for Home\Model\CashModel::get_cash_all_score(), called in C:\xampp\htdocs\lxt\lxt\Home\Controller\IndexController.class.php on line 11 and defined C:\xampp\htdocs\lxt\lxt\Home\Model\CashModel.class.php 第 19 行.
NOTIC: [8] Undefined variable: mid C:\xampp\htdocs\lxt\lxt\Home\Model\CashModel.class.php 第 21 行.
SQL: SELECT `score` FROM `sb_cash` WHERE `mid` = null AND `status` = 1  [ RunTime:0.0002s ]
SQL: SHOW COLUMNS FROM `sb_exchange` [ RunTime:0.0029s ]
NOTIC: [2] Missing argument 1 for Home\Model\ExchangeModel::get_ex_all_score(), called in C:\xampp\htdocs\lxt\lxt\Home\Controller\IndexController.class.php on line 12 and defined C:\xampp\htdocs\lxt\lxt\Home\Model\ExchangeModel.class.php 第 15 行.
NOTIC: [8] Undefined variable: mid C:\xampp\htdocs\lxt\lxt\Home\Model\ExchangeModel.class.php 第 17 行.
SQL: SELECT `amount` FROM `sb_exchange` WHERE `mid` = null AND `status` = 1  [ RunTime:0.0002s ]

[ 2015-10-09T11:10:26+08:00 ] 127.0.0.1 /lxt/index.php/Home/Login/handle.html
INFO: [ app_init ] --START--
INFO: Run Behavior\BuildLiteBehavior [ RunTime:0.000011s ]
INFO: [ app_init ] --END-- [ RunTime:0.000285s ]
INFO: [ app_begin ] --START--
INFO: Run Behavior\ReadHtmlCacheBehavior [ RunTime:0.000422s ]
INFO: [ app_begin ] --END-- [ RunTime:0.000460s ]
SQL: SHOW COLUMNS FROM `sb_member` [ RunTime:0.0086s ]
SQL: SELECT * FROM `sb_member` WHERE `mid` = 0 LIMIT 1   [ RunTime:0.0003s ]
SQL: SELECT * FROM `sb_member` WHERE `name` = '宝婴坊-雨花西路' LIMIT 1   [ RunTime:0.0003s ]

[ 2015-10-09T11:10:26+08:00 ] 127.0.0.1 /lxt/index.php/Home/Index/index.html
INFO: [ app_init ] --START--
INFO: Run Behavior\BuildLiteBehavior [ RunTime:0.000009s ]
INFO: [ app_init ] --END-- [ RunTime:0.000265s ]
INFO: [ app_begin ] --START--
INFO: Run Behavior\ReadHtmlCacheBehavior [ RunTime:0.000418s ]
INFO: [ app_begin ] --END-- [ RunTime:0.000455s ]
SQL: SHOW COLUMNS FROM `sb_order` [ RunTime:0.0047s ]
SQL: SELECT `mid`,`createtime`,`money` FROM `sb_order` WHERE `mid` = 1442927376  [ RunTime:0.0003s ]
SQL: SHOW COLUMNS FROM `sb_cash` [ RunTime:0.0046s ]
NOTIC: [2] Missing argument 1 for Home\Model\CashModel::get_cash_all_score(), called in C:\xampp\htdocs\lxt\lxt\Home\Controller\IndexController.class.php on line 11 and defined C:\xampp\htdocs\lxt\lxt\Home\Model\CashModel.class.php 第 19 行.
NOTIC: [8] Undefined variable: mid C:\xampp\htdocs\lxt\lxt\Home\Model\CashModel.class.php 第 21 行.
SQL: SELECT `score` FROM `sb_cash` WHERE `mid` = null AND `status` = 1  [ RunTime:0.0002s ]
SQL: SHOW COLUMNS FROM `sb_exchange` [ RunTime:0.0046s ]
NOTIC: [2] Missing argument 1 for Home\Model\ExchangeModel::get_ex_all_score(), called in C:\xampp\htdocs\lxt\lxt\Home\Controller\IndexController.class.php on line 12 and defined C:\xampp\htdocs\lxt\lxt\Home\Model\ExchangeModel.class.php 第 15 行.
NOTIC: [8] Undefined variable: mid C:\xampp\htdocs\lxt\lxt\Home\Model\ExchangeModel.class.php 第 17 行.
SQL: SELECT `amount` FROM `sb_exchange` WHERE `mid` = null AND `status` = 1  [ RunTime:0.0003s ]

[ 2015-10-09T11:10:28+08:00 ] 127.0.0.1 /lxt/index.php/Home/Index/index.html
INFO: [ app_init ] --START--
INFO: Run Behavior\BuildLiteBehavior [ RunTime:0.000008s ]
INFO: [ app_init ] --END-- [ RunTime:0.000265s ]
INFO: [ app_begin ] --START--
INFO: Run Behavior\ReadHtmlCacheBehavior [ RunTime:0.000419s ]
INFO: [ app_begin ] --END-- [ RunTime:0.000455s ]
SQL: SHOW COLUMNS FROM `sb_order` [ RunTime:0.0061s ]
SQL: SELECT `mid`,`createtime`,`money` FROM `sb_order` WHERE `mid` = 1442927376  [ RunTime:0.0003s ]
SQL: SHOW COLUMNS FROM `sb_cash` [ RunTime:0.0046s ]
NOTIC: [2] Missing argument 1 for Home\Model\CashModel::get_cash_all_score(), called in C:\xampp\htdocs\lxt\lxt\Home\Controller\IndexController.class.php on line 11 and defined C:\xampp\htdocs\lxt\lxt\Home\Model\CashModel.class.php 第 19 行.
NOTIC: [8] Undefined variable: mid C:\xampp\htdocs\lxt\lxt\Home\Model\CashModel.class.php 第 21 行.
SQL: SELECT `score` FROM `sb_cash` WHERE `mid` = null AND `status` = 1  [ RunTime:0.0002s ]
SQL: SHOW COLUMNS FROM `sb_exchange` [ RunTime:0.0046s ]
NOTIC: [2] Missing argument 1 for Home\Model\ExchangeModel::get_ex_all_score(), called in C:\xampp\htdocs\lxt\lxt\Home\Controller\IndexController.class.php on line 12 and defined C:\xampp\htdocs\lxt\lxt\Home\Model\ExchangeModel.class.php 第 15 行.
NOTIC: [8] Undefined variable: mid C:\xampp\htdocs\lxt\lxt\Home\Model\ExchangeModel.class.php 第 17 行.
SQL: SELECT `amount` FROM `sb_exchange` WHERE `mid` = null AND `status` = 1  [ RunTime:0.0002s ]

[ 2015-10-09T11:11:06+08:00 ] 127.0.0.1 /lxt/index.php/Home/Index/index.html
INFO: [ app_init ] --START--
INFO: Run Behavior\BuildLiteBehavior [ RunTime:0.000015s ]
INFO: [ app_init ] --END-- [ RunTime:0.000403s ]
INFO: [ app_begin ] --START--
INFO: Run Behavior\ReadHtmlCacheBehavior [ RunTime:0.000627s ]
INFO: [ app_begin ] --END-- [ RunTime:0.000682s ]
SQL: SHOW COLUMNS FROM `sb_order` [ RunTime:0.0085s ]
SQL: SELECT `mid`,`createtime`,`money` FROM `sb_order` WHERE `mid` = 1442927376  [ RunTime:0.0003s ]
SQL: SHOW COLUMNS FROM `sb_cash` [ RunTime:0.0061s ]
NOTIC: [2] Missing argument 1 for Home\Model\CashModel::get_cash_all_score(), called in C:\xampp\htdocs\lxt\lxt\Home\Controller\IndexController.class.php on line 11 and defined C:\xampp\htdocs\lxt\lxt\Home\Model\CashModel.class.php 第 19 行.
NOTIC: [8] Undefined variable: mid C:\xampp\htdocs\lxt\lxt\Home\Model\CashModel.class.php 第 21 行.
SQL: SELECT `score` FROM `sb_cash` WHERE `mid` = null AND `status` = 1  [ RunTime:0.0003s ]
SQL: SHOW COLUMNS FROM `sb_exchange` [ RunTime:0.0062s ]
NOTIC: [2] Missing argument 1 for Home\Model\ExchangeModel::get_ex_all_score(), called in C:\xampp\htdocs\lxt\lxt\Home\Controller\IndexController.class.php on line 12 and defined C:\xampp\htdocs\lxt\lxt\Home\Model\ExchangeModel.class.php 第 15 行.
NOTIC: [8] Undefined variable: mid C:\xampp\htdocs\lxt\lxt\Home\Model\ExchangeModel.class.php 第 17 行.
SQL: SELECT `amount` FROM `sb_exchange` WHERE `mid` = null AND `status` = 1  [ RunTime:0.0004s ]

[ 2015-10-09T11:11:08+08:00 ] 127.0.0.1 /lxt/index.php/Home/Index/index.html
INFO: [ app_init ] --START--
INFO: Run Behavior\BuildLiteBehavior [ RunTime:0.000016s ]
INFO: [ app_init ] --END-- [ RunTime:0.000464s ]
INFO: [ app_begin ] --START--
INFO: Run Behavior\ReadHtmlCacheBehavior [ RunTime:0.000785s ]
INFO: [ app_begin ] --END-- [ RunTime:0.000857s ]
SQL: SHOW COLUMNS FROM `sb_order` [ RunTime:0.0098s ]
SQL: SELECT `mid`,`createtime`,`money` FROM `sb_order` WHERE `mid` = 1442927376  [ RunTime:0.0003s ]
SQL: SHOW COLUMNS FROM `sb_cash` [ RunTime:0.0070s ]
NOTIC: [2] Missing argument 1 for Home\Model\CashModel::get_cash_all_score(), called in C:\xampp\htdocs\lxt\lxt\Home\Controller\IndexController.class.php on line 11 and defined C:\xampp\htdocs\lxt\lxt\Home\Model\CashModel.class.php 第 19 行.
NOTIC: [8] Undefined variable: mid C:\xampp\htdocs\lxt\lxt\Home\Model\CashModel.class.php 第 21 行.
SQL: SELECT `score` FROM `sb_cash` WHERE `mid` = null AND `status` = 1  [ RunTime:0.0003s ]
SQL: SHOW COLUMNS FROM `sb_exchange` [ RunTime:0.0069s ]
NOTIC: [2] Missing argument 1 for Home\Model\ExchangeModel::get_ex_all_score(), called in C:\xampp\htdocs\lxt\lxt\Home\Controller\IndexController.class.php on line 12 and defined C:\xampp\htdocs\lxt\lxt\Home\Model\ExchangeModel.class.php 第 15 行.
NOTIC: [8] Undefined variable: mid C:\xampp\htdocs\lxt\lxt\Home\Model\ExchangeModel.class.php 第 17 行.
SQL: SELECT `amount` FROM `sb_exchange` WHERE `mid` = null AND `status` = 1  [ RunTime:0.0003s ]

[ 2015-10-09T11:11:15+08:00 ] 127.0.0.1 /lxt/index.php/Home/Index/index.html
INFO: [ app_init ] --START--
INFO: Run Behavior\BuildLiteBehavior [ RunTime:0.000009s ]
INFO: [ app_init ] --END-- [ RunTime:0.000266s ]
INFO: [ app_begin ] --START--
INFO: Run Behavior\ReadHtmlCacheBehavior [ RunTime:0.000492s ]
INFO: [ app_begin ] --END-- [ RunTime:0.000537s ]
SQL: SHOW COLUMNS FROM `sb_order` [ RunTime:0.0061s ]
SQL: SELECT `mid`,`createtime`,`money` FROM `sb_order` WHERE `mid` = 1442927376  [ RunTime:0.0003s ]
SQL: SHOW COLUMNS FROM `sb_cash` [ RunTime:0.0045s ]
NOTIC: [2] Missing argument 1 for Home\Model\CashModel::get_cash_all_score(), called in C:\xampp\htdocs\lxt\lxt\Home\Controller\IndexController.class.php on line 11 and defined C:\xampp\htdocs\lxt\lxt\Home\Model\CashModel.class.php 第 19 行.
NOTIC: [8] Undefined variable: mid C:\xampp\htdocs\lxt\lxt\Home\Model\CashModel.class.php 第 21 行.
SQL: SELECT `score` FROM `sb_cash` WHERE `mid` = null AND `status` = 1  [ RunTime:0.0003s ]
SQL: SHOW COLUMNS FROM `sb_exchange` [ RunTime:0.0046s ]
NOTIC: [2] Missing argument 1 for Home\Model\ExchangeModel::get_ex_all_score(), called in C:\xampp\htdocs\lxt\lxt\Home\Controller\IndexController.class.php on line 12 and defined C:\xampp\htdocs\lxt\lxt\Home\Model\ExchangeModel.class.php 第 15 行.
NOTIC: [8] Undefined variable: mid C:\xampp\htdocs\lxt\lxt\Home\Model\ExchangeModel.class.php 第 17 行.
SQL: SELECT `amount` FROM `sb_exchange` WHERE `mid` = null AND `status` = 1  [ RunTime:0.0002s ]

[ 2015-10-09T11:11:16+08:00 ] 127.0.0.1 /lxt/index.php/Home/Index/index.html
INFO: [ app_init ] --START--
INFO: Run Behavior\BuildLiteBehavior [ RunTime:0.000009s ]
INFO: [ app_init ] --END-- [ RunTime:0.000263s ]
INFO: [ app_begin ] --START--
INFO: Run Behavior\ReadHtmlCacheBehavior [ RunTime:0.000415s ]
INFO: [ app_begin ] --END-- [ RunTime:0.000452s ]
SQL: SHOW COLUMNS FROM `sb_order` [ RunTime:0.0061s ]
SQL: SELECT `mid`,`createtime`,`money` FROM `sb_order` WHERE `mid` = 1442927376  [ RunTime:0.0003s ]
SQL: SHOW COLUMNS FROM `sb_cash` [ RunTime:0.0053s ]
NOTIC: [2] Missing argument 1 for Home\Model\CashModel::get_cash_all_score(), called in C:\xampp\htdocs\lxt\lxt\Home\Controller\IndexController.class.php on line 11 and defined C:\xampp\htdocs\lxt\lxt\Home\Model\CashModel.class.php 第 19 行.
NOTIC: [8] Undefined variable: mid C:\xampp\htdocs\lxt\lxt\Home\Model\CashModel.class.php 第 21 行.
SQL: SELECT `score` FROM `sb_cash` WHERE `mid` = null AND `status` = 1  [ RunTime:0.0003s ]
SQL: SHOW COLUMNS FROM `sb_exchange` [ RunTime:0.0045s ]
NOTIC: [2] Missing argument 1 for Home\Model\ExchangeModel::get_ex_all_score(), called in C:\xampp\htdocs\lxt\lxt\Home\Controller\IndexController.class.php on line 12 and defined C:\xampp\htdocs\lxt\lxt\Home\Model\ExchangeModel.class.php 第 15 行.
NOTIC: [8] Undefined variable: mid C:\xampp\htdocs\lxt\lxt\Home\Model\ExchangeModel.class.php 第 17 行.
SQL: SELECT `amount` FROM `sb_exchange` WHERE `mid` = null AND `status` = 1  [ RunTime:0.0002s ]

[ 2015-10-09T11:11:17+08:00 ] 127.0.0.1 /lxt/index.php/Home/Index/index.html
INFO: [ app_init ] --START--
INFO: Run Behavior\BuildLiteBehavior [ RunTime:0.000009s ]
INFO: [ app_init ] --END-- [ RunTime:0.000269s ]
INFO: [ app_begin ] --START--
INFO: Run Behavior\ReadHtmlCacheBehavior [ RunTime:0.000417s ]
INFO: [ app_begin ] --END-- [ RunTime:0.000453s ]
SQL: SHOW COLUMNS FROM `sb_order` [ RunTime:0.0063s ]
SQL: SELECT `mid`,`createtime`,`money` FROM `sb_order` WHERE `mid` = 1442927376  [ RunTime:0.0003s ]
SQL: SHOW COLUMNS FROM `sb_cash` [ RunTime:0.0045s ]
NOTIC: [2] Missing argument 1 for Home\Model\CashModel::get_cash_all_score(), called in C:\xampp\htdocs\lxt\lxt\Home\Controller\IndexController.class.php on line 11 and defined C:\xampp\htdocs\lxt\lxt\Home\Model\CashModel.class.php 第 19 行.
NOTIC: [8] Undefined variable: mid C:\xampp\htdocs\lxt\lxt\Home\Model\CashModel.class.php 第 21 行.
SQL: SELECT `score` FROM `sb_cash` WHERE `mid` = null AND `status` = 1  [ RunTime:0.0002s ]
SQL: SHOW COLUMNS FROM `sb_exchange` [ RunTime:0.0046s ]
NOTIC: [2] Missing argument 1 for Home\Model\ExchangeModel::get_ex_all_score(), called in C:\xampp\htdocs\lxt\lxt\Home\Controller\IndexController.class.php on line 12 and defined C:\xampp\htdocs\lxt\lxt\Home\Model\ExchangeModel.class.php 第 15 行.
NOTIC: [8] Undefined variable: mid C:\xampp\htdocs\lxt\lxt\Home\Model\ExchangeModel.class.php 第 17 行.
SQL: SELECT `amount` FROM `sb_exchange` WHERE `mid` = null AND `status` = 1  [ RunTime:0.0002s ]

[ 2015-10-09T11:11:18+08:00 ] 127.0.0.1 /lxt/index.php/Home/Index/index.html
INFO: [ app_init ] --START--
INFO: Run Behavior\BuildLiteBehavior [ RunTime:0.000009s ]
INFO: [ app_init ] --END-- [ RunTime:0.000271s ]
INFO: [ app_begin ] --START--
INFO: Run Behavior\ReadHtmlCacheBehavior [ RunTime:0.000441s ]
INFO: [ app_begin ] --END-- [ RunTime:0.000480s ]
SQL: SHOW COLUMNS FROM `sb_order` [ RunTime:0.0087s ]
SQL: SELECT `mid`,`createtime`,`money` FROM `sb_order` WHERE `mid` = 1442927376  [ RunTime:0.0002s ]
SQL: SHOW COLUMNS FROM `sb_cash` [ RunTime:0.0052s ]
NOTIC: [2] Missing argument 1 for Home\Model\CashModel::get_cash_all_score(), called in C:\xampp\htdocs\lxt\lxt\Home\Controller\IndexController.class.php on line 11 and defined C:\xampp\htdocs\lxt\lxt\Home\Model\CashModel.class.php 第 19 行.
NOTIC: [8] Undefined variable: mid C:\xampp\htdocs\lxt\lxt\Home\Model\CashModel.class.php 第 21 行.
SQL: SELECT `score` FROM `sb_cash` WHERE `mid` = null AND `status` = 1  [ RunTime:0.0003s ]
SQL: SHOW COLUMNS FROM `sb_exchange` [ RunTime:0.0050s ]
NOTIC: [2] Missing argument 1 for Home\Model\ExchangeModel::get_ex_all_score(), called in C:\xampp\htdocs\lxt\lxt\Home\Controller\IndexController.class.php on line 12 and defined C:\xampp\htdocs\lxt\lxt\Home\Model\ExchangeModel.class.php 第 15 行.
NOTIC: [8] Undefined variable: mid C:\xampp\htdocs\lxt\lxt\Home\Model\ExchangeModel.class.php 第 17 行.
SQL: SELECT `amount` FROM `sb_exchange` WHERE `mid` = null AND `status` = 1  [ RunTime:0.0003s ]

[ 2015-10-09T11:11:20+08:00 ] 127.0.0.1 /lxt/index.php/Home/Index/index.html
INFO: [ app_init ] --START--
INFO: Run Behavior\BuildLiteBehavior [ RunTime:0.000009s ]
INFO: [ app_init ] --END-- [ RunTime:0.000263s ]
INFO: [ app_begin ] --START--
INFO: Run Behavior\ReadHtmlCacheBehavior [ RunTime:0.000414s ]
INFO: [ app_begin ] --END-- [ RunTime:0.000451s ]
SQL: SHOW COLUMNS FROM `sb_order` [ RunTime:0.0075s ]
SQL: SELECT `mid`,`createtime`,`money` FROM `sb_order` WHERE `mid` = 1442927376  [ RunTime:0.0003s ]
SQL: SHOW COLUMNS FROM `sb_cash` [ RunTime:0.0045s ]
NOTIC: [2] Missing argument 1 for Home\Model\CashModel::get_cash_all_score(), called in C:\xampp\htdocs\lxt\lxt\Home\Controller\IndexController.class.php on line 11 and defined C:\xampp\htdocs\lxt\lxt\Home\Model\CashModel.class.php 第 19 行.
NOTIC: [8] Undefined variable: mid C:\xampp\htdocs\lxt\lxt\Home\Model\CashModel.class.php 第 21 行.
SQL: SELECT `score` FROM `sb_cash` WHERE `mid` = null AND `status` = 1  [ RunTime:0.0002s ]
SQL: SHOW COLUMNS FROM `sb_exchange` [ RunTime:0.0046s ]
NOTIC: [2] Missing argument 1 for Home\Model\ExchangeModel::get_ex_all_score(), called in C:\xampp\htdocs\lxt\lxt\Home\Controller\IndexController.class.php on line 12 and defined C:\xampp\htdocs\lxt\lxt\Home\Model\ExchangeModel.class.php 第 15 行.
NOTIC: [8] Undefined variable: mid C:\xampp\htdocs\lxt\lxt\Home\Model\ExchangeModel.class.php 第 17 行.
SQL: SELECT `amount` FROM `sb_exchange` WHERE `mid` = null AND `status` = 1  [ RunTime:0.0002s ]

[ 2015-10-09T11:11:35+08:00 ] 127.0.0.1 /lxt/index.php/Home/Index/index.html
INFO: [ app_init ] --START--
INFO: Run Behavior\BuildLiteBehavior [ RunTime:0.000009s ]
INFO: [ app_init ] --END-- [ RunTime:0.000265s ]
INFO: [ app_begin ] --START--
INFO: Run Behavior\ReadHtmlCacheBehavior [ RunTime:0.000419s ]
INFO: [ app_begin ] --END-- [ RunTime:0.000456s ]
SQL: SHOW COLUMNS FROM `sb_order` [ RunTime:0.0061s ]
SQL: SELECT `mid`,`createtime`,`money` FROM `sb_order` WHERE `mid` = 1442927376  [ RunTime:0.0003s ]
SQL: SHOW COLUMNS FROM `sb_cash` [ RunTime:0.0045s ]
NOTIC: [2] Missing argument 1 for Home\Model\CashModel::get_cash_all_score(), called in C:\xampp\htdocs\lxt\lxt\Home\Controller\IndexController.class.php on line 11 and defined C:\xampp\htdocs\lxt\lxt\Home\Model\CashModel.class.php 第 19 行.
NOTIC: [8] Undefined variable: mid C:\xampp\htdocs\lxt\lxt\Home\Model\CashModel.class.php 第 21 行.
SQL: SELECT `score` FROM `sb_cash` WHERE `mid` = null AND `status` = 1  [ RunTime:0.0003s ]
SQL: SHOW COLUMNS FROM `sb_exchange` [ RunTime:0.0050s ]
NOTIC: [2] Missing argument 1 for Home\Model\ExchangeModel::get_ex_all_score(), called in C:\xampp\htdocs\lxt\lxt\Home\Controller\IndexController.class.php on line 12 and defined C:\xampp\htdocs\lxt\lxt\Home\Model\ExchangeModel.class.php 第 15 行.
NOTIC: [8] Undefined variable: mid C:\xampp\htdocs\lxt\lxt\Home\Model\ExchangeModel.class.php 第 17 行.
SQL: SELECT `amount` FROM `sb_exchange` WHERE `mid` = null AND `status` = 1  [ RunTime:0.0003s ]

[ 2015-10-09T11:12:28+08:00 ] 127.0.0.1 /lxt/index.php/Home/Index/index.html
INFO: [ app_init ] --START--
INFO: Run Behavior\BuildLiteBehavior [ RunTime:0.000032s ]
INFO: [ app_init ] --END-- [ RunTime:0.000483s ]
INFO: [ app_begin ] --START--
INFO: Run Behavior\ReadHtmlCacheBehavior [ RunTime:0.001131s ]
INFO: [ app_begin ] --END-- [ RunTime:0.001238s ]
NOTIC: [2] Missing argument 2 for get_info(), called in C:\xampp\htdocs\lxt\lxt\Home\Controller\IndexController.class.php on line 8 and defined C:\xampp\htdocs\lxt\lxt\Common\Common\function.php 第 105 行.
NOTIC: [8] Undefined variable: get C:\xampp\htdocs\lxt\lxt\Common\Common\function.php 第 108 行.
NOTIC: [8] Undefined variable: get C:\xampp\htdocs\lxt\lxt\Common\Common\function.php 第 113 行.
NOTIC: [8] Undefined variable: get C:\xampp\htdocs\lxt\lxt\Common\Common\function.php 第 117 行.
SQL: SHOW COLUMNS FROM `sb_order` [ RunTime:0.0087s ]
SQL: SELECT `mid`,`createtime`,`money` FROM `sb_order` WHERE `mid` = 1442927376  [ RunTime:0.0004s ]
SQL: SHOW COLUMNS FROM `sb_cash` [ RunTime:0.0065s ]
NOTIC: [2] Missing argument 1 for Home\Model\CashModel::get_cash_all_score(), called in C:\xampp\htdocs\lxt\lxt\Home\Controller\IndexController.class.php on line 11 and defined C:\xampp\htdocs\lxt\lxt\Home\Model\CashModel.class.php 第 19 行.
NOTIC: [8] Undefined variable: mid C:\xampp\htdocs\lxt\lxt\Home\Model\CashModel.class.php 第 21 行.
SQL: SELECT `score` FROM `sb_cash` WHERE `mid` = null AND `status` = 1  [ RunTime:0.0003s ]
SQL: SHOW COLUMNS FROM `sb_exchange` [ RunTime:0.0085s ]
NOTIC: [2] Missing argument 1 for Home\Model\ExchangeModel::get_ex_all_score(), called in C:\xampp\htdocs\lxt\lxt\Home\Controller\IndexController.class.php on line 12 and defined C:\xampp\htdocs\lxt\lxt\Home\Model\ExchangeModel.class.php 第 15 行.
NOTIC: [8] Undefined variable: mid C:\xampp\htdocs\lxt\lxt\Home\Model\ExchangeModel.class.php 第 17 行.
SQL: SELECT `amount` FROM `sb_exchange` WHERE `mid` = null AND `status` = 1  [ RunTime:0.0003s ]

[ 2015-10-09T11:12:48+08:00 ] 127.0.0.1 /lxt/index.php/Home/Index/index.html
INFO: [ app_init ] --START--
INFO: Run Behavior\BuildLiteBehavior [ RunTime:0.000010s ]
INFO: [ app_init ] --END-- [ RunTime:0.000272s ]
INFO: [ app_begin ] --START--
INFO: Run Behavior\ReadHtmlCacheBehavior [ RunTime:0.000418s ]
INFO: [ app_begin ] --END-- [ RunTime:0.000455s ]
SQL: SHOW COLUMNS FROM `sb_order` [ RunTime:0.0070s ]
SQL: SELECT `mid`,`createtime`,`money` FROM `sb_order` WHERE `mid` = 1442927376  [ RunTime:0.0003s ]
SQL: SHOW COLUMNS FROM `sb_cash` [ RunTime:0.0064s ]
NOTIC: [2] Missing argument 1 for Home\Model\CashModel::get_cash_all_score(), called in C:\xampp\htdocs\lxt\lxt\Home\Controller\IndexController.class.php on line 11 and defined C:\xampp\htdocs\lxt\lxt\Home\Model\CashModel.class.php 第 19 行.
NOTIC: [8] Undefined variable: mid C:\xampp\htdocs\lxt\lxt\Home\Model\CashModel.class.php 第 21 行.
SQL: SELECT `score` FROM `sb_cash` WHERE `mid` = null AND `status` = 1  [ RunTime:0.0002s ]
SQL: SHOW COLUMNS FROM `sb_exchange` [ RunTime:0.0044s ]
NOTIC: [2] Missing argument 1 for Home\Model\ExchangeModel::get_ex_all_score(), called in C:\xampp\htdocs\lxt\lxt\Home\Controller\IndexController.class.php on line 12 and defined C:\xampp\htdocs\lxt\lxt\Home\Model\ExchangeModel.class.php 第 15 行.
NOTIC: [8] Undefined variable: mid C:\xampp\htdocs\lxt\lxt\Home\Model\ExchangeModel.class.php 第 17 行.
SQL: SELECT `amount` FROM `sb_exchange` WHERE `mid` = null AND `status` = 1  [ RunTime:0.0003s ]

[ 2015-10-09T11:13:45+08:00 ] 127.0.0.1 /lxt/index.php/Home/Index/index.html
INFO: [ app_init ] --START--
INFO: Run Behavior\BuildLiteBehavior [ RunTime:0.000010s ]
INFO: [ app_init ] --END-- [ RunTime:0.000267s ]
INFO: [ app_begin ] --START--
INFO: Run Behavior\ReadHtmlCacheBehavior [ RunTime:0.000695s ]
INFO: [ app_begin ] --END-- [ RunTime:0.000757s ]
SQL: SHOW COLUMNS FROM `sb_order` [ RunTime:0.0060s ]
SQL: SELECT `mid`,`createtime`,`money` FROM `sb_order` WHERE `mid` = 1442927376  [ RunTime:0.0003s ]
SQL: SHOW COLUMNS FROM `sb_cash` [ RunTime:0.0047s ]
NOTIC: [2] Missing argument 1 for Home\Model\CashModel::get_cash_all_score(), called in C:\xampp\htdocs\lxt\lxt\Home\Controller\IndexController.class.php on line 11 and defined C:\xampp\htdocs\lxt\lxt\Home\Model\CashModel.class.php 第 19 行.
NOTIC: [8] Undefined variable: mid C:\xampp\htdocs\lxt\lxt\Home\Model\CashModel.class.php 第 21 行.
SQL: SELECT `score` FROM `sb_cash` WHERE `mid` = null AND `status` = 1  [ RunTime:0.0002s ]
SQL: SHOW COLUMNS FROM `sb_exchange` [ RunTime:0.0060s ]
NOTIC: [2] Missing argument 1 for Home\Model\ExchangeModel::get_ex_all_score(), called in C:\xampp\htdocs\lxt\lxt\Home\Controller\IndexController.class.php on line 12 and defined C:\xampp\htdocs\lxt\lxt\Home\Model\ExchangeModel.class.php 第 15 行.
NOTIC: [8] Undefined variable: mid C:\xampp\htdocs\lxt\lxt\Home\Model\ExchangeModel.class.php 第 17 行.
SQL: SELECT `amount` FROM `sb_exchange` WHERE `mid` = null AND `status` = 1  [ RunTime:0.0002s ]

[ 2015-10-09T11:13:47+08:00 ] 127.0.0.1 /lxt/index.php/Home/Index/index.html
INFO: [ app_init ] --START--
INFO: Run Behavior\BuildLiteBehavior [ RunTime:0.000009s ]
INFO: [ app_init ] --END-- [ RunTime:0.000372s ]
INFO: [ app_begin ] --START--
INFO: Run Behavior\ReadHtmlCacheBehavior [ RunTime:0.000416s ]
INFO: [ app_begin ] --END-- [ RunTime:0.000452s ]
SQL: SHOW COLUMNS FROM `sb_order` [ RunTime:0.0064s ]
SQL: SELECT `mid`,`createtime`,`money` FROM `sb_order` WHERE `mid` = 1442927376  [ RunTime:0.0003s ]
SQL: SHOW COLUMNS FROM `sb_cash` [ RunTime:0.0046s ]
NOTIC: [2] Missing argument 1 for Home\Model\CashModel::get_cash_all_score(), called in C:\xampp\htdocs\lxt\lxt\Home\Controller\IndexController.class.php on line 11 and defined C:\xampp\htdocs\lxt\lxt\Home\Model\CashModel.class.php 第 19 行.
NOTIC: [8] Undefined variable: mid C:\xampp\htdocs\lxt\lxt\Home\Model\CashModel.class.php 第 21 行.
SQL: SELECT `score` FROM `sb_cash` WHERE `mid` = null AND `status` = 1  [ RunTime:0.0002s ]
SQL: SHOW COLUMNS FROM `sb_exchange` [ RunTime:0.0046s ]
NOTIC: [2] Missing argument 1 for Home\Model\ExchangeModel::get_ex_all_score(), called in C:\xampp\htdocs\lxt\lxt\Home\Controller\IndexController.class.php on line 12 and defined C:\xampp\htdocs\lxt\lxt\Home\Model\ExchangeModel.class.php 第 15 行.
NOTIC: [8] Undefined variable: mid C:\xampp\htdocs\lxt\lxt\Home\Model\ExchangeModel.class.php 第 17 行.
SQL: SELECT `amount` FROM `sb_exchange` WHERE `mid` = null AND `status` = 1  [ RunTime:0.0002s ]

[ 2015-10-09T11:13:55+08:00 ] 127.0.0.1 /lxt/index.php/Home/Index/index.html
INFO: [ app_init ] --START--
INFO: Run Behavior\BuildLiteBehavior [ RunTime:0.000009s ]
INFO: [ app_init ] --END-- [ RunTime:0.000268s ]
INFO: [ app_begin ] --START--
INFO: Run Behavior\ReadHtmlCacheBehavior [ RunTime:0.000416s ]
INFO: [ app_begin ] --END-- [ RunTime:0.000507s ]
SQL: SHOW COLUMNS FROM `sb_order` [ RunTime:0.0069s ]
SQL: SELECT `mid`,`createtime`,`money` FROM `sb_order` WHERE `mid` = 1442927376  [ RunTime:0.0003s ]
SQL: SHOW COLUMNS FROM `sb_cash` [ RunTime:0.0043s ]
NOTIC: [2] Missing argument 1 for Home\Model\CashModel::get_cash_all_score(), called in C:\xampp\htdocs\lxt\lxt\Home\Controller\IndexController.class.php on line 11 and defined C:\xampp\htdocs\lxt\lxt\Home\Model\CashModel.class.php 第 19 行.
NOTIC: [8] Undefined variable: mid C:\xampp\htdocs\lxt\lxt\Home\Model\CashModel.class.php 第 21 行.
SQL: SELECT `score` FROM `sb_cash` WHERE `mid` = null AND `status` = 1  [ RunTime:0.0002s ]
SQL: SHOW COLUMNS FROM `sb_exchange` [ RunTime:0.0044s ]
NOTIC: [2] Missing argument 1 for Home\Model\ExchangeModel::get_ex_all_score(), called in C:\xampp\htdocs\lxt\lxt\Home\Controller\IndexController.class.php on line 12 and defined C:\xampp\htdocs\lxt\lxt\Home\Model\ExchangeModel.class.php 第 15 行.
NOTIC: [8] Undefined variable: mid C:\xampp\htdocs\lxt\lxt\Home\Model\ExchangeModel.class.php 第 17 行.
SQL: SELECT `amount` FROM `sb_exchange` WHERE `mid` = null AND `status` = 1  [ RunTime:0.0002s ]

[ 2015-10-09T11:13:58+08:00 ] 127.0.0.1 /lxt/index.php/Home/Index/index.html
INFO: [ app_init ] --START--
INFO: Run Behavior\BuildLiteBehavior [ RunTime:0.000009s ]
INFO: [ app_init ] --END-- [ RunTime:0.000267s ]
INFO: [ app_begin ] --START--
INFO: Run Behavior\ReadHtmlCacheBehavior [ RunTime:0.000417s ]
INFO: [ app_begin ] --END-- [ RunTime:0.000453s ]
SQL: SHOW COLUMNS FROM `sb_order` [ RunTime:0.0079s ]
SQL: SELECT `mid`,`createtime`,`money` FROM `sb_order` WHERE `mid` = 1442927376  [ RunTime:0.0003s ]
SQL: SHOW COLUMNS FROM `sb_cash` [ RunTime:0.0045s ]
NOTIC: [2] Missing argument 1 for Home\Model\CashModel::get_cash_all_score(), called in C:\xampp\htdocs\lxt\lxt\Home\Controller\IndexController.class.php on line 11 and defined C:\xampp\htdocs\lxt\lxt\Home\Model\CashModel.class.php 第 19 行.
NOTIC: [8] Undefined variable: mid C:\xampp\htdocs\lxt\lxt\Home\Model\CashModel.class.php 第 21 行.
SQL: SELECT `score` FROM `sb_cash` WHERE `mid` = null AND `status` = 1  [ RunTime:0.0003s ]
SQL: SHOW COLUMNS FROM `sb_exchange` [ RunTime:0.0048s ]
NOTIC: [2] Missing argument 1 for Home\Model\ExchangeModel::get_ex_all_score(), called in C:\xampp\htdocs\lxt\lxt\Home\Controller\IndexController.class.php on line 12 and defined C:\xampp\htdocs\lxt\lxt\Home\Model\ExchangeModel.class.php 第 15 行.
NOTIC: [8] Undefined variable: mid C:\xampp\htdocs\lxt\lxt\Home\Model\ExchangeModel.class.php 第 17 行.
SQL: SELECT `amount` FROM `sb_exchange` WHERE `mid` = null AND `status` = 1  [ RunTime:0.0002s ]

[ 2015-10-09T11:14:09+08:00 ] 127.0.0.1 /lxt/index.php/Home/Index/index.html
INFO: [ app_init ] --START--
INFO: Run Behavior\BuildLiteBehavior [ RunTime:0.000010s ]
INFO: [ app_init ] --END-- [ RunTime:0.000266s ]
INFO: [ app_begin ] --START--
INFO: Run Behavior\ReadHtmlCacheBehavior [ RunTime:0.000417s ]
INFO: [ app_begin ] --END-- [ RunTime:0.000453s ]
SQL: SHOW COLUMNS FROM `sb_order` [ RunTime:0.0060s ]
SQL: SELECT `mid`,`createtime`,`money` FROM `sb_order` WHERE `mid` = 1442927376  [ RunTime:0.0003s ]
SQL: SHOW COLUMNS FROM `sb_cash` [ RunTime:0.0053s ]
NOTIC: [2] Missing argument 1 for Home\Model\CashModel::get_cash_all_score(), called in C:\xampp\htdocs\lxt\lxt\Home\Controller\IndexController.class.php on line 11 and defined C:\xampp\htdocs\lxt\lxt\Home\Model\CashModel.class.php 第 19 行.
NOTIC: [8] Undefined variable: mid C:\xampp\htdocs\lxt\lxt\Home\Model\CashModel.class.php 第 21 行.
SQL: SELECT `score` FROM `sb_cash` WHERE `mid` = null AND `status` = 1  [ RunTime:0.0002s ]
SQL: SHOW COLUMNS FROM `sb_exchange` [ RunTime:0.0046s ]
NOTIC: [2] Missing argument 1 for Home\Model\ExchangeModel::get_ex_all_score(), called in C:\xampp\htdocs\lxt\lxt\Home\Controller\IndexController.class.php on line 12 and defined C:\xampp\htdocs\lxt\lxt\Home\Model\ExchangeModel.class.php 第 15 行.
NOTIC: [8] Undefined variable: mid C:\xampp\htdocs\lxt\lxt\Home\Model\ExchangeModel.class.php 第 17 行.
SQL: SELECT `amount` FROM `sb_exchange` WHERE `mid` = null AND `status` = 1  [ RunTime:0.0002s ]

[ 2015-10-09T11:14:09+08:00 ] 127.0.0.1 /lxt/index.php/Home/Index/index.html
INFO: [ app_init ] --START--
INFO: Run Behavior\BuildLiteBehavior [ RunTime:0.000011s ]
INFO: [ app_init ] --END-- [ RunTime:0.000309s ]
INFO: [ app_begin ] --START--
INFO: Run Behavior\ReadHtmlCacheBehavior [ RunTime:0.000592s ]
INFO: [ app_begin ] --END-- [ RunTime:0.000673s ]
SQL: SHOW COLUMNS FROM `sb_order` [ RunTime:0.0032s ]
SQL: SELECT `mid`,`createtime`,`money` FROM `sb_order` WHERE `mid` = 1442927376  [ RunTime:0.0002s ]
SQL: SHOW COLUMNS FROM `sb_cash` [ RunTime:0.0029s ]
NOTIC: [2] Missing argument 1 for Home\Model\CashModel::get_cash_all_score(), called in C:\xampp\htdocs\lxt\lxt\Home\Controller\IndexController.class.php on line 11 and defined C:\xampp\htdocs\lxt\lxt\Home\Model\CashModel.class.php 第 19 行.
NOTIC: [8] Undefined variable: mid C:\xampp\htdocs\lxt\lxt\Home\Model\CashModel.class.php 第 21 行.
SQL: SELECT `score` FROM `sb_cash` WHERE `mid` = null AND `status` = 1  [ RunTime:0.0002s ]
SQL: SHOW COLUMNS FROM `sb_exchange` [ RunTime:0.0037s ]
NOTIC: [2] Missing argument 1 for Home\Model\ExchangeModel::get_ex_all_score(), called in C:\xampp\htdocs\lxt\lxt\Home\Controller\IndexController.class.php on line 12 and defined C:\xampp\htdocs\lxt\lxt\Home\Model\ExchangeModel.class.php 第 15 行.
NOTIC: [8] Undefined variable: mid C:\xampp\htdocs\lxt\lxt\Home\Model\ExchangeModel.class.php 第 17 行.
SQL: SELECT `amount` FROM `sb_exchange` WHERE `mid` = null AND `status` = 1  [ RunTime:0.0002s ]

[ 2015-10-09T11:14:29+08:00 ] 127.0.0.1 /lxt/index.php/Home/Index/index.html
INFO: [ app_init ] --START--
INFO: Run Behavior\BuildLiteBehavior [ RunTime:0.000009s ]
INFO: [ app_init ] --END-- [ RunTime:0.000264s ]
INFO: [ app_begin ] --START--
INFO: Run Behavior\ReadHtmlCacheBehavior [ RunTime:0.000437s ]
INFO: [ app_begin ] --END-- [ RunTime:0.000474s ]
SQL: SHOW COLUMNS FROM `sb_order` [ RunTime:0.0064s ]
SQL: SELECT `mid`,`createtime`,`money` FROM `sb_order` WHERE `mid` = 1442927376  [ RunTime:0.0003s ]
SQL: SHOW COLUMNS FROM `sb_order` [ RunTime:0.0030s ]
SQL: SELECT `mid`,`createtime`,`money` FROM `sb_order` WHERE `mid` = 1442927376  [ RunTime:0.0002s ]
SQL: SHOW COLUMNS FROM `sb_cash` [ RunTime:0.0047s ]
NOTIC: [2] Missing argument 1 for Home\Model\CashModel::get_cash_all_score(), called in C:\xampp\htdocs\lxt\lxt\Home\Controller\IndexController.class.php on line 11 and defined C:\xampp\htdocs\lxt\lxt\Home\Model\CashModel.class.php 第 19 行.
NOTIC: [8] Undefined variable: mid C:\xampp\htdocs\lxt\lxt\Home\Model\CashModel.class.php 第 21 行.
SQL: SELECT `score` FROM `sb_cash` WHERE `mid` = null AND `status` = 1  [ RunTime:0.0002s ]
SQL: SHOW COLUMNS FROM `sb_exchange` [ RunTime:0.0044s ]
NOTIC: [2] Missing argument 1 for Home\Model\ExchangeModel::get_ex_all_score(), called in C:\xampp\htdocs\lxt\lxt\Home\Controller\IndexController.class.php on line 12 and defined C:\xampp\htdocs\lxt\lxt\Home\Model\ExchangeModel.class.php 第 15 行.
NOTIC: [8] Undefined variable: mid C:\xampp\htdocs\lxt\lxt\Home\Model\ExchangeModel.class.php 第 17 行.
SQL: SELECT `amount` FROM `sb_exchange` WHERE `mid` = null AND `status` = 1  [ RunTime:0.0002s ]

[ 2015-10-09T11:14:59+08:00 ] 127.0.0.1 /lxt/index.php/Home/Index/index.html
INFO: [ app_init ] --START--
INFO: Run Behavior\BuildLiteBehavior [ RunTime:0.000009s ]
INFO: [ app_init ] --END-- [ RunTime:0.000264s ]
INFO: [ app_begin ] --START--
INFO: Run Behavior\ReadHtmlCacheBehavior [ RunTime:0.000415s ]
INFO: [ app_begin ] --END-- [ RunTime:0.000451s ]
SQL: SHOW COLUMNS FROM `sb_order` [ RunTime:0.0094s ]
SQL: SELECT `mid`,`createtime`,`money` FROM `sb_order` WHERE `mid` = 1442927376  [ RunTime:0.0004s ]
SQL: SHOW COLUMNS FROM `sb_order` [ RunTime:0.0044s ]
SQL: SELECT `mid`,`createtime`,`money` FROM `sb_order` WHERE `mid` = 1442927376  [ RunTime:0.0003s ]
SQL: SHOW COLUMNS FROM `sb_cash` [ RunTime:0.0046s ]
NOTIC: [2] Missing argument 1 for Home\Model\CashModel::get_cash_all_score(), called in C:\xampp\htdocs\lxt\lxt\Home\Controller\IndexController.class.php on line 11 and defined C:\xampp\htdocs\lxt\lxt\Home\Model\CashModel.class.php 第 19 行.
NOTIC: [8] Undefined variable: mid C:\xampp\htdocs\lxt\lxt\Home\Model\CashModel.class.php 第 21 行.
SQL: SELECT `score` FROM `sb_cash` WHERE `mid` = null AND `status` = 1  [ RunTime:0.0002s ]
SQL: SHOW COLUMNS FROM `sb_exchange` [ RunTime:0.0045s ]
NOTIC: [2] Missing argument 1 for Home\Model\ExchangeModel::get_ex_all_score(), called in C:\xampp\htdocs\lxt\lxt\Home\Controller\IndexController.class.php on line 12 and defined C:\xampp\htdocs\lxt\lxt\Home\Model\ExchangeModel.class.php 第 15 行.
NOTIC: [8] Undefined variable: mid C:\xampp\htdocs\lxt\lxt\Home\Model\ExchangeModel.class.php 第 17 行.
SQL: SELECT `amount` FROM `sb_exchange` WHERE `mid` = null AND `status` = 1  [ RunTime:0.0002s ]

