[ 2015-10-01T00:37:07+08:00 ] 207.46.13.20 /lxt/
INFO: [ app_init ] --START--
INFO: Run Behavior\BuildLiteBehavior [ RunTime:0.000033s ]
INFO: [ app_init ] --END-- [ RunTime:0.000800s ]
INFO: [ app_begin ] --START--
INFO: Run Behavior\ReadHtmlCacheBehavior [ RunTime:0.000450s ]
INFO: [ app_begin ] --END-- [ RunTime:0.000501s ]

[ 2015-10-01T00:37:16+08:00 ] 207.46.13.20 /lxt/index.php/Home/Login/index.html
INFO: [ app_init ] --START--
INFO: Run Behavior\BuildLiteBehavior [ RunTime:0.000019s ]
INFO: [ app_init ] --END-- [ RunTime:0.000471s ]
INFO: [ app_begin ] --START--
INFO: Run Behavior\ReadHtmlCacheBehavior [ RunTime:0.000477s ]
INFO: [ app_begin ] --END-- [ RunTime:0.000531s ]
INFO: [ view_parse ] --START--
INFO: [ template_filter ] --START--
INFO: Run Behavior\ContentReplaceBehavior [ RunTime:0.000042s ]
INFO: [ template_filter ] --END-- [ RunTime:0.000096s ]
INFO: Run Behavior\ParseTemplateBehavior [ RunTime:0.005508s ]
INFO: [ view_parse ] --END-- [ RunTime:0.005563s ]
INFO: [ view_filter ] --START--
INFO: Run Behavior\WriteHtmlCacheBehavior [ RunTime:0.000188s ]
INFO: [ view_filter ] --END-- [ RunTime:0.000225s ]
INFO: [ app_end ] --START--
INFO: Run Behavior\ShowPageTraceBehavior [ RunTime:0.000472s ]
INFO: [ app_end ] --END-- [ RunTime:0.000523s ]

[ 2015-10-01T21:48:54+08:00 ] 182.97.22.149 /lxt/
INFO: [ app_init ] --START--
INFO: Run Behavior\BuildLiteBehavior [ RunTime:0.000020s ]
INFO: [ app_init ] --END-- [ RunTime:0.000555s ]
INFO: [ app_begin ] --START--
INFO: Run Behavior\ReadHtmlCacheBehavior [ RunTime:0.000476s ]
INFO: [ app_begin ] --END-- [ RunTime:0.000527s ]

[ 2015-10-01T21:48:55+08:00 ] 182.97.22.149 /lxt/index.php/Home/Login/index.html
INFO: [ app_init ] --START--
INFO: Run Behavior\BuildLiteBehavior [ RunTime:0.000017s ]
INFO: [ app_init ] --END-- [ RunTime:0.000469s ]
INFO: [ app_begin ] --START--
INFO: Run Behavior\ReadHtmlCacheBehavior [ RunTime:0.000482s ]
INFO: [ app_begin ] --END-- [ RunTime:0.000544s ]
INFO: [ view_parse ] --START--
INFO: [ template_filter ] --START--
INFO: Run Behavior\ContentReplaceBehavior [ RunTime:0.000044s ]
INFO: [ template_filter ] --END-- [ RunTime:0.000097s ]
INFO: Run Behavior\ParseTemplateBehavior [ RunTime:0.005464s ]
INFO: [ view_parse ] --END-- [ RunTime:0.005513s ]
INFO: [ view_filter ] --START--
INFO: Run Behavior\WriteHtmlCacheBehavior [ RunTime:0.000216s ]
INFO: [ view_filter ] --END-- [ RunTime:0.000273s ]
INFO: [ app_end ] --START--
INFO: Run Behavior\ShowPageTraceBehavior [ RunTime:0.000504s ]
INFO: [ app_end ] --END-- [ RunTime:0.000555s ]

[ 2015-10-01T21:49:16+08:00 ] 182.97.22.149 /lxt/index.php/Home/Login/handle.html
INFO: [ app_init ] --START--
INFO: Run Behavior\BuildLiteBehavior [ RunTime:0.000017s ]
INFO: [ app_init ] --END-- [ RunTime:0.000499s ]
INFO: [ app_begin ] --START--
INFO: Run Behavior\ReadHtmlCacheBehavior [ RunTime:0.000445s ]
INFO: [ app_begin ] --END-- [ RunTime:0.000498s ]
SQL: SHOW COLUMNS FROM `sb_member` [ RunTime:0.0033s ]
SQL: SELECT * FROM `sb_member` WHERE `mid` = 0 LIMIT 1   [ RunTime:0.0051s ]
SQL: SELECT * FROM `sb_member` WHERE `name` = '萨顿测试' LIMIT 1   [ RunTime:0.0021s ]

[ 2015-10-01T21:49:16+08:00 ] 182.97.22.149 /lxt/index.php/Home/Index/index.html
INFO: [ app_init ] --START--
INFO: Run Behavior\BuildLiteBehavior [ RunTime:0.000018s ]
INFO: [ app_init ] --END-- [ RunTime:0.000475s ]
INFO: [ app_begin ] --START--
INFO: Run Behavior\ReadHtmlCacheBehavior [ RunTime:0.000474s ]
INFO: [ app_begin ] --END-- [ RunTime:0.000526s ]
SQL: SHOW COLUMNS FROM `sb_order` [ RunTime:0.0029s ]
SQL: SELECT * FROM `sb_order` WHERE `mid` = 1443516901  [ RunTime:0.0027s ]
SQL: SHOW COLUMNS FROM `sb_member` [ RunTime:0.0025s ]
SQL: SELECT * FROM `sb_member` WHERE `mid` = 1443516901 LIMIT 1   [ RunTime:0.0022s ]
SQL: SHOW COLUMNS FROM `sb_memberstatus` [ RunTime:0.0025s ]
SQL: SELECT * FROM `sb_memberstatus` WHERE `id` = 3 LIMIT 1   [ RunTime:0.0023s ]
SQL: SHOW COLUMNS FROM `sb_repayrule` [ RunTime:0.0026s ]
SQL: SELECT * FROM `sb_repayrule` WHERE `id` = 1 LIMIT 1   [ RunTime:0.0023s ]
SQL: SHOW COLUMNS FROM `sb_cash` [ RunTime:0.0025s ]
SQL: SELECT * FROM `sb_cash` WHERE `mid` = 1443516901  [ RunTime:0.0023s ]
SQL: SHOW COLUMNS FROM `sb_exchange` [ RunTime:0.0026s ]
SQL: SELECT * FROM `sb_exchange` WHERE `mid` = 1443516901  [ RunTime:0.0022s ]
SQL: SELECT * FROM `sb_member` ORDER BY score desc LIMIT 4   [ RunTime:0.0022s ]
INFO: [ view_parse ] --START--
INFO: [ template_filter ] --START--
INFO: Run Behavior\ContentReplaceBehavior [ RunTime:0.000151s ]
INFO: [ template_filter ] --END-- [ RunTime:0.000208s ]
INFO: Run Behavior\ParseTemplateBehavior [ RunTime:0.014182s ]
INFO: [ view_parse ] --END-- [ RunTime:0.014261s ]
INFO: [ view_filter ] --START--
INFO: Run Behavior\WriteHtmlCacheBehavior [ RunTime:0.000198s ]
INFO: [ view_filter ] --END-- [ RunTime:0.000236s ]
INFO: [ app_end ] --START--
INFO: Run Behavior\ShowPageTraceBehavior [ RunTime:0.000496s ]
INFO: [ app_end ] --END-- [ RunTime:0.000546s ]

[ 2015-10-01T21:49:36+08:00 ] 182.97.22.149 /lxt/index.php/Home/Cash/index.html
INFO: [ app_init ] --START--
INFO: Run Behavior\BuildLiteBehavior [ RunTime:0.000021s ]
INFO: [ app_init ] --END-- [ RunTime:0.000491s ]
INFO: [ app_begin ] --START--
INFO: Run Behavior\ReadHtmlCacheBehavior [ RunTime:0.000484s ]
INFO: [ app_begin ] --END-- [ RunTime:0.000542s ]
SQL: SHOW COLUMNS FROM `sb_cash` [ RunTime:0.0026s ]
SQL: SELECT COUNT(*) AS tp_count FROM `sb_cash` WHERE `mid` = 1443516901 LIMIT 1   [ RunTime:0.0021s ]
SQL: SELECT * FROM `sb_cash` WHERE `mid` = 1443516901 ORDER BY date desc LIMIT 0,10   [ RunTime:0.0022s ]
INFO: [ view_parse ] --START--
INFO: [ template_filter ] --START--
INFO: Run Behavior\ContentReplaceBehavior [ RunTime:0.000124s ]
INFO: [ template_filter ] --END-- [ RunTime:0.000191s ]
INFO: Run Behavior\ParseTemplateBehavior [ RunTime:0.012687s ]
INFO: [ view_parse ] --END-- [ RunTime:0.012755s ]
INFO: [ view_filter ] --START--
INFO: Run Behavior\WriteHtmlCacheBehavior [ RunTime:0.000220s ]
INFO: [ view_filter ] --END-- [ RunTime:0.000260s ]
INFO: [ app_end ] --START--
INFO: Run Behavior\ShowPageTraceBehavior [ RunTime:0.001036s ]
INFO: [ app_end ] --END-- [ RunTime:0.001100s ]

