[ 2015-10-30T10:40:50+08:00 ] 127.0.0.1 /lxt/admin.php
INFO: [ app_init ] --START--
INFO: Run Behavior\BuildLiteBehavior [ RunTime:0.000011s ]
INFO: [ app_init ] --END-- [ RunTime:0.000394s ]
INFO: [ app_begin ] --START--
INFO: Run Behavior\ReadHtmlCacheBehavior [ RunTime:0.000915s ]
INFO: [ app_begin ] --END-- [ RunTime:0.000969s ]

[ 2015-10-30T10:40:50+08:00 ] 127.0.0.1 /lxt/admin.php/Login/index.html
INFO: [ app_init ] --START--
INFO: Run Behavior\BuildLiteBehavior [ RunTime:0.000010s ]
INFO: [ app_init ] --END-- [ RunTime:0.000377s ]
INFO: [ app_begin ] --START--
INFO: Run Behavior\ReadHtmlCacheBehavior [ RunTime:0.001170s ]
INFO: [ app_begin ] --END-- [ RunTime:0.001214s ]
INFO: [ view_parse ] --START--
INFO: [ template_filter ] --START--
INFO: Run Behavior\ContentReplaceBehavior [ RunTime:0.000032s ]
INFO: [ template_filter ] --END-- [ RunTime:0.000078s ]
INFO: Run Behavior\ParseTemplateBehavior [ RunTime:0.014940s ]
INFO: [ view_parse ] --END-- [ RunTime:0.015012s ]
INFO: [ view_filter ] --START--
INFO: Run Behavior\WriteHtmlCacheBehavior [ RunTime:0.000814s ]
INFO: [ view_filter ] --END-- [ RunTime:0.000850s ]
INFO: [ app_end ] --START--
INFO: Run Behavior\ShowPageTraceBehavior [ RunTime:0.000999s ]
INFO: [ app_end ] --END-- [ RunTime:0.001039s ]

[ 2015-10-30T22:32:04+08:00 ] 127.0.0.1 /lxt/admin.php
INFO: [ app_init ] --START--
INFO: Run Behavior\BuildLiteBehavior [ RunTime:0.000018s ]
INFO: [ app_init ] --END-- [ RunTime:0.000510s ]
INFO: [ app_begin ] --START--
INFO: Run Behavior\ReadHtmlCacheBehavior [ RunTime:0.000790s ]
INFO: [ app_begin ] --END-- [ RunTime:0.000875s ]

[ 2015-10-30T22:32:04+08:00 ] 127.0.0.1 /lxt/admin.php/Login/index.html
INFO: [ app_init ] --START--
INFO: Run Behavior\BuildLiteBehavior [ RunTime:0.000019s ]
INFO: [ app_init ] --END-- [ RunTime:0.000435s ]
INFO: [ app_begin ] --START--
INFO: Run Behavior\ReadHtmlCacheBehavior [ RunTime:0.000915s ]
INFO: [ app_begin ] --END-- [ RunTime:0.001062s ]
INFO: [ view_parse ] --START--
INFO: [ template_filter ] --START--
INFO: Run Behavior\ContentReplaceBehavior [ RunTime:0.000054s ]
INFO: [ template_filter ] --END-- [ RunTime:0.000139s ]
INFO: Run Behavior\ParseTemplateBehavior [ RunTime:0.039146s ]
INFO: [ view_parse ] --END-- [ RunTime:0.039285s ]
INFO: [ view_filter ] --START--
INFO: Run Behavior\WriteHtmlCacheBehavior [ RunTime:0.001663s ]
INFO: [ view_filter ] --END-- [ RunTime:0.001790s ]
INFO: [ app_end ] --START--
INFO: Run Behavior\ShowPageTraceBehavior [ RunTime:0.011356s ]
INFO: [ app_end ] --END-- [ RunTime:0.011446s ]

[ 2015-10-30T22:32:57+08:00 ] 127.0.0.1 /lxt/admin.php/Login/handle.html
INFO: [ app_init ] --START--
INFO: Run Behavior\BuildLiteBehavior [ RunTime:0.000026s ]
INFO: [ app_init ] --END-- [ RunTime:0.002272s ]
INFO: [ app_begin ] --START--
INFO: Run Behavior\ReadHtmlCacheBehavior [ RunTime:0.001129s ]
INFO: [ app_begin ] --END-- [ RunTime:0.001253s ]
SQL: SHOW COLUMNS FROM `sb_user` [ RunTime:0.0194s ]
SQL: SELECT * FROM `sb_user` WHERE `uid` = 'suntton-admin' LIMIT 1   [ RunTime:0.0158s ]

[ 2015-10-30T22:32:58+08:00 ] 127.0.0.1 /lxt/admin.php/Index/index.html
INFO: [ app_init ] --START--
INFO: Run Behavior\BuildLiteBehavior [ RunTime:0.000023s ]
INFO: [ app_init ] --END-- [ RunTime:0.000587s ]
INFO: [ app_begin ] --START--
INFO: Run Behavior\ReadHtmlCacheBehavior [ RunTime:0.000850s ]
INFO: [ app_begin ] --END-- [ RunTime:0.000956s ]
SQL: SHOW COLUMNS FROM `sb_order` [ RunTime:0.0160s ]
SQL: SELECT COUNT(*) AS tp_count FROM `sb_order` LIMIT 1   [ RunTime:0.0226s ]
SQL: SHOW COLUMNS FROM `sb_member` [ RunTime:0.0169s ]
SQL: SELECT COUNT(*) AS tp_count FROM `sb_member` LIMIT 1   [ RunTime:0.0125s ]
SQL: SELECT * FROM `sb_order` ORDER BY createtime desc LIMIT 7   [ RunTime:0.0137s ]
INFO: [ view_parse ] --START--
INFO: [ template_filter ] --START--
INFO: Run Behavior\ContentReplaceBehavior [ RunTime:0.000341s ]
INFO: [ template_filter ] --END-- [ RunTime:0.000510s ]
INFO: Run Behavior\ParseTemplateBehavior [ RunTime:0.176452s ]
INFO: [ view_parse ] --END-- [ RunTime:0.176556s ]
INFO: [ view_filter ] --START--
INFO: Run Behavior\WriteHtmlCacheBehavior [ RunTime:0.003222s ]
INFO: [ view_filter ] --END-- [ RunTime:0.003325s ]
INFO: [ app_end ] --START--
INFO: Run Behavior\ShowPageTraceBehavior [ RunTime:0.001485s ]
INFO: [ app_end ] --END-- [ RunTime:0.001627s ]

[ 2015-10-30T22:33:06+08:00 ] 127.0.0.1 /lxt/admin.php/Member/index.html
INFO: [ app_init ] --START--
INFO: Run Behavior\BuildLiteBehavior [ RunTime:0.000025s ]
INFO: [ app_init ] --END-- [ RunTime:0.000698s ]
INFO: [ app_begin ] --START--
INFO: Run Behavior\ReadHtmlCacheBehavior [ RunTime:0.001107s ]
INFO: [ app_begin ] --END-- [ RunTime:0.001209s ]
SQL: SHOW COLUMNS FROM `sb_member` [ RunTime:0.0339s ]
SQL: SELECT COUNT(*) AS tp_count FROM `sb_member` LIMIT 1   [ RunTime:0.0307s ]
SQL: SELECT * FROM `sb_member` ORDER BY id LIMIT 0,10   [ RunTime:0.0303s ]
SQL: SHOW COLUMNS FROM `sb_order` [ RunTime:0.0282s ]
SQL: SELECT * FROM `sb_order`  [ RunTime:0.0330s ]
SQL: SHOW COLUMNS FROM `sb_memberstatus` [ RunTime:0.0312s ]
SQL: SELECT * FROM `sb_memberstatus`  [ RunTime:0.0276s ]
SQL: SELECT * FROM `sb_order` WHERE `mid` = 1443516901  [ RunTime:0.0316s ]
NOTIC: [8] Undefined variable: money C:\xampp\htdocs\lxt\lxt\Admin\Controller\MemberController.class.php 第 30 行.
SQL: SELECT * FROM `sb_order` WHERE `mid` = 1445483267  [ RunTime:0.0282s ]
SQL: SELECT * FROM `sb_order` WHERE `mid` = 1445823830  [ RunTime:0.0297s ]
SQL: SELECT * FROM `sb_order` WHERE `mid` = 1445823993  [ RunTime:0.0297s ]
SQL: SELECT * FROM `sb_order` WHERE `mid` = 1445824186  [ RunTime:0.0355s ]
INFO: [ view_parse ] --START--
INFO: [ template_filter ] --START--
INFO: Run Behavior\ContentReplaceBehavior [ RunTime:0.000149s ]
INFO: [ template_filter ] --END-- [ RunTime:0.000221s ]
INFO: Run Behavior\ParseTemplateBehavior [ RunTime:0.137275s ]
INFO: [ view_parse ] --END-- [ RunTime:0.137365s ]
INFO: [ view_filter ] --START--
INFO: Run Behavior\WriteHtmlCacheBehavior [ RunTime:0.000614s ]
INFO: [ view_filter ] --END-- [ RunTime:0.000683s ]
INFO: [ app_end ] --START--
INFO: Run Behavior\ShowPageTraceBehavior [ RunTime:0.026865s ]
INFO: [ app_end ] --END-- [ RunTime:0.027011s ]

[ 2015-10-30T22:33:11+08:00 ] 127.0.0.1 /lxt/admin.php/Member/updateMember/mid/1445483267.html
INFO: [ app_init ] --START--
INFO: Run Behavior\BuildLiteBehavior [ RunTime:0.000018s ]
INFO: [ app_init ] --END-- [ RunTime:0.000438s ]
INFO: [ app_begin ] --START--
INFO: Run Behavior\ReadHtmlCacheBehavior [ RunTime:0.000589s ]
INFO: [ app_begin ] --END-- [ RunTime:0.000657s ]
SQL: SHOW COLUMNS FROM `sb_member` [ RunTime:0.0181s ]
SQL: SELECT * FROM `sb_member` WHERE `mid` = 1445483267  [ RunTime:0.0156s ]
SQL: SHOW COLUMNS FROM `sb_memberstatus` [ RunTime:0.0167s ]
SQL: SELECT `id`,`title` FROM `sb_memberstatus`  [ RunTime:0.0156s ]
INFO: [ view_parse ] --START--
INFO: [ template_filter ] --START--
INFO: Run Behavior\ContentReplaceBehavior [ RunTime:0.000255s ]
INFO: [ template_filter ] --END-- [ RunTime:0.000388s ]
SQL: SHOW COLUMNS FROM `sb_order` [ RunTime:0.0169s ]
SQL: SELECT `mid`,`createtime`,`money` FROM `sb_order` WHERE `mid` = 1445483267  [ RunTime:0.0155s ]
NOTIC: [8] Use of undefined constant dbejsa - assumed 'dbejsa' C:\xampp\htdocs\lxt\lxt\Home\Model\OrderModel.class.php 第 14 行.
SQL: SHOW COLUMNS FROM `sb_repayrule` [ RunTime:0.0187s ]
SQL: SELECT * FROM `sb_member` WHERE `mid` = 0 LIMIT 1   [ RunTime:0.0166s ]
SQL: SELECT * FROM `sb_memberstatus` WHERE `id` = null LIMIT 1   [ RunTime:0.0159s ]
SQL: SELECT * FROM `sb_repayrule` WHERE `id` = null LIMIT 1   [ RunTime:0.0177s ]

[ 2015-10-30T22:33:28+08:00 ] 127.0.0.1 /lxt/admin.php/Member/scoreDetail/mid/1445483267.html
INFO: [ app_init ] --START--
INFO: Run Behavior\BuildLiteBehavior [ RunTime:0.000022s ]
INFO: [ app_init ] --END-- [ RunTime:0.000742s ]
INFO: [ app_begin ] --START--
INFO: Run Behavior\ReadHtmlCacheBehavior [ RunTime:0.001803s ]
INFO: [ app_begin ] --END-- [ RunTime:0.005910s ]
SQL: SHOW COLUMNS FROM `sb_order` [ RunTime:0.0151s ]
SQL: SELECT * FROM `sb_order` WHERE `mid` = 1445483267  [ RunTime:0.0145s ]
SQL: SHOW COLUMNS FROM `sb_member` [ RunTime:0.0158s ]
SQL: SELECT * FROM `sb_member` WHERE `mid` = 1445483267 LIMIT 1   [ RunTime:0.0156s ]
SQL: SHOW COLUMNS FROM `sb_memberstatus` [ RunTime:0.0158s ]
SQL: SELECT * FROM `sb_memberstatus` WHERE `id` = 1 LIMIT 1   [ RunTime:0.0165s ]
SQL: SHOW COLUMNS FROM `sb_repayrule` [ RunTime:0.0258s ]
SQL: SELECT * FROM `sb_repayrule` WHERE `id` = 1 LIMIT 1   [ RunTime:0.0227s ]
SQL: SHOW COLUMNS FROM `sb_cash` [ RunTime:0.0138s ]
SQL: SELECT * FROM `sb_cash` WHERE `mid` = 1445483267  [ RunTime:0.0205s ]
SQL: SHOW COLUMNS FROM `sb_exchange` [ RunTime:0.0189s ]
SQL: SELECT * FROM `sb_exchange` WHERE `mid` = 1445483267  [ RunTime:0.0136s ]
NOTIC: [8] Undefined variable: data C:\xampp\htdocs\lxt\lxt\Admin\Controller\MemberController.class.php 第 252 行.
INFO: [ view_parse ] --START--
INFO: [ template_filter ] --START--
INFO: Run Behavior\ContentReplaceBehavior [ RunTime:0.000170s ]
INFO: [ template_filter ] --END-- [ RunTime:0.000263s ]
NOTIC: [8] Undefined variable: page C:\xampp\htdocs\lxt\lxt\Runtime\Cache\Admin\95b594f5e03adba008ef4430a1dce30e.php 第 240 行.
INFO: Run Behavior\ParseTemplateBehavior [ RunTime:0.092321s ]
INFO: [ view_parse ] --END-- [ RunTime:0.092417s ]
INFO: [ view_filter ] --START--
INFO: Run Behavior\WriteHtmlCacheBehavior [ RunTime:0.001190s ]
INFO: [ view_filter ] --END-- [ RunTime:0.001318s ]
INFO: [ app_end ] --START--
INFO: Run Behavior\ShowPageTraceBehavior [ RunTime:0.002127s ]
INFO: [ app_end ] --END-- [ RunTime:0.002238s ]

[ 2015-10-30T22:33:39+08:00 ] 127.0.0.1 /lxt/admin.php/Member/addMemberStatus.html
INFO: [ app_init ] --START--
INFO: Run Behavior\BuildLiteBehavior [ RunTime:0.000026s ]
INFO: [ app_init ] --END-- [ RunTime:0.001056s ]
INFO: [ app_begin ] --START--
INFO: Run Behavior\ReadHtmlCacheBehavior [ RunTime:0.001351s ]
INFO: [ app_begin ] --END-- [ RunTime:0.001458s ]
SQL: SHOW COLUMNS FROM `sb_repayrule` [ RunTime:0.0331s ]
SQL: SELECT `id`,`state` FROM `sb_repayrule`  [ RunTime:0.0260s ]
INFO: [ view_parse ] --START--
INFO: [ template_filter ] --START--
INFO: Run Behavior\ContentReplaceBehavior [ RunTime:0.000189s ]
INFO: [ template_filter ] --END-- [ RunTime:0.000285s ]
INFO: Run Behavior\ParseTemplateBehavior [ RunTime:0.142696s ]
INFO: [ view_parse ] --END-- [ RunTime:0.142820s ]
INFO: [ view_filter ] --START--
INFO: Run Behavior\WriteHtmlCacheBehavior [ RunTime:0.000530s ]
INFO: [ view_filter ] --END-- [ RunTime:0.000600s ]
INFO: [ app_end ] --START--
INFO: Run Behavior\ShowPageTraceBehavior [ RunTime:0.001614s ]
INFO: [ app_end ] --END-- [ RunTime:0.001719s ]

[ 2015-10-30T22:33:44+08:00 ] 127.0.0.1 /lxt/admin.php/Member/memberStatus.html
INFO: [ app_init ] --START--
INFO: Run Behavior\BuildLiteBehavior [ RunTime:0.000024s ]
INFO: [ app_init ] --END-- [ RunTime:0.000609s ]
INFO: [ app_begin ] --START--
INFO: Run Behavior\ReadHtmlCacheBehavior [ RunTime:0.000957s ]
INFO: [ app_begin ] --END-- [ RunTime:0.001099s ]
SQL: SHOW COLUMNS FROM `sb_memberstatus` [ RunTime:0.0166s ]
SQL: SELECT * FROM `sb_memberstatus`  [ RunTime:0.0151s ]
SQL: SHOW COLUMNS FROM `sb_repayrule` [ RunTime:0.0152s ]
SQL: SELECT * FROM `sb_repayrule` WHERE `id` = 1 LIMIT 1   [ RunTime:0.0126s ]
SQL: SELECT * FROM `sb_repayrule` WHERE `id` = 1 LIMIT 1   [ RunTime:0.0142s ]
SQL: SELECT * FROM `sb_repayrule` WHERE `id` = 1 LIMIT 1   [ RunTime:0.0147s ]
INFO: [ view_parse ] --START--
INFO: [ template_filter ] --START--
INFO: Run Behavior\ContentReplaceBehavior [ RunTime:0.000182s ]
INFO: [ template_filter ] --END-- [ RunTime:0.000296s ]
INFO: Run Behavior\ParseTemplateBehavior [ RunTime:0.115706s ]
INFO: [ view_parse ] --END-- [ RunTime:0.115815s ]
INFO: [ view_filter ] --START--
INFO: Run Behavior\WriteHtmlCacheBehavior [ RunTime:0.000497s ]
INFO: [ view_filter ] --END-- [ RunTime:0.000578s ]
INFO: [ app_end ] --START--
INFO: Run Behavior\ShowPageTraceBehavior [ RunTime:0.000952s ]
INFO: [ app_end ] --END-- [ RunTime:0.001284s ]

[ 2015-10-30T22:33:53+08:00 ] 127.0.0.1 /lxt/admin.php/Member/addRepayRule.html
INFO: [ app_init ] --START--
INFO: Run Behavior\BuildLiteBehavior [ RunTime:0.000057s ]
INFO: [ app_init ] --END-- [ RunTime:0.000727s ]
INFO: [ app_begin ] --START--
INFO: Run Behavior\ReadHtmlCacheBehavior [ RunTime:0.002115s ]
INFO: [ app_begin ] --END-- [ RunTime:0.002224s ]
SQL: SHOW COLUMNS FROM `sb_repayrule` [ RunTime:0.0152s ]
SQL: SELECT COUNT(*) AS tp_count FROM `sb_repayrule` LIMIT 1   [ RunTime:0.0146s ]
INFO: [ view_parse ] --START--
INFO: [ template_filter ] --START--
INFO: Run Behavior\ContentReplaceBehavior [ RunTime:0.000195s ]
INFO: [ template_filter ] --END-- [ RunTime:0.000309s ]
INFO: Run Behavior\ParseTemplateBehavior [ RunTime:0.109282s ]
INFO: [ view_parse ] --END-- [ RunTime:0.109392s ]
INFO: [ view_filter ] --START--
INFO: Run Behavior\WriteHtmlCacheBehavior [ RunTime:0.000570s ]
INFO: [ view_filter ] --END-- [ RunTime:0.000656s ]
INFO: [ app_end ] --START--
INFO: Run Behavior\ShowPageTraceBehavior [ RunTime:0.004803s ]
INFO: [ app_end ] --END-- [ RunTime:0.004929s ]

[ 2015-10-30T22:33:55+08:00 ] 127.0.0.1 /lxt/admin.php/Member/repayRule.html
INFO: [ app_init ] --START--
INFO: Run Behavior\BuildLiteBehavior [ RunTime:0.000018s ]
INFO: [ app_init ] --END-- [ RunTime:0.000441s ]
INFO: [ app_begin ] --START--
INFO: Run Behavior\ReadHtmlCacheBehavior [ RunTime:0.000534s ]
INFO: [ app_begin ] --END-- [ RunTime:0.000600s ]
SQL: SHOW COLUMNS FROM `sb_repayrule` [ RunTime:0.0168s ]
SQL: SELECT * FROM `sb_repayrule`  [ RunTime:0.0148s ]
INFO: [ view_parse ] --START--
INFO: [ template_filter ] --START--
INFO: Run Behavior\ContentReplaceBehavior [ RunTime:0.000181s ]
INFO: [ template_filter ] --END-- [ RunTime:0.000283s ]
INFO: Run Behavior\ParseTemplateBehavior [ RunTime:0.116236s ]
INFO: [ view_parse ] --END-- [ RunTime:0.116344s ]
INFO: [ view_filter ] --START--
INFO: Run Behavior\WriteHtmlCacheBehavior [ RunTime:0.000477s ]
INFO: [ view_filter ] --END-- [ RunTime:0.000556s ]
INFO: [ app_end ] --START--
INFO: Run Behavior\ShowPageTraceBehavior [ RunTime:0.001225s ]
INFO: [ app_end ] --END-- [ RunTime:0.001319s ]

[ 2015-10-30T22:33:57+08:00 ] 127.0.0.1 /lxt/admin.php/Member/addMemberStatus.html
INFO: [ app_init ] --START--
INFO: Run Behavior\BuildLiteBehavior [ RunTime:0.000018s ]
INFO: [ app_init ] --END-- [ RunTime:0.000419s ]
INFO: [ app_begin ] --START--
INFO: Run Behavior\ReadHtmlCacheBehavior [ RunTime:0.000592s ]
INFO: [ app_begin ] --END-- [ RunTime:0.000659s ]
SQL: SHOW COLUMNS FROM `sb_repayrule` [ RunTime:0.0190s ]
SQL: SELECT `id`,`state` FROM `sb_repayrule`  [ RunTime:0.0147s ]
INFO: [ view_parse ] --START--
INFO: [ template_filter ] --START--
INFO: Run Behavior\ContentReplaceBehavior [ RunTime:0.000111s ]
INFO: [ template_filter ] --END-- [ RunTime:0.000177s ]
INFO: Run Behavior\ParseTemplateBehavior [ RunTime:0.033112s ]
INFO: [ view_parse ] --END-- [ RunTime:0.033198s ]
INFO: [ view_filter ] --START--
INFO: Run Behavior\WriteHtmlCacheBehavior [ RunTime:0.000320s ]
INFO: [ view_filter ] --END-- [ RunTime:0.000373s ]
INFO: [ app_end ] --START--
INFO: Run Behavior\ShowPageTraceBehavior [ RunTime:0.000639s ]
INFO: [ app_end ] --END-- [ RunTime:0.000718s ]

[ 2015-10-30T22:34:01+08:00 ] 127.0.0.1 /lxt/admin.php/Member/memberStatus.html
INFO: [ app_init ] --START--
INFO: Run Behavior\BuildLiteBehavior [ RunTime:0.000018s ]
INFO: [ app_init ] --END-- [ RunTime:0.000432s ]
INFO: [ app_begin ] --START--
INFO: Run Behavior\ReadHtmlCacheBehavior [ RunTime:0.000581s ]
INFO: [ app_begin ] --END-- [ RunTime:0.000655s ]
SQL: SHOW COLUMNS FROM `sb_memberstatus` [ RunTime:0.0151s ]
SQL: SELECT * FROM `sb_memberstatus`  [ RunTime:0.0191s ]
SQL: SHOW COLUMNS FROM `sb_repayrule` [ RunTime:0.0199s ]
SQL: SELECT * FROM `sb_repayrule` WHERE `id` = 1 LIMIT 1   [ RunTime:0.0136s ]
SQL: SELECT * FROM `sb_repayrule` WHERE `id` = 1 LIMIT 1   [ RunTime:0.0171s ]
SQL: SELECT * FROM `sb_repayrule` WHERE `id` = 1 LIMIT 1   [ RunTime:0.0177s ]
INFO: [ view_parse ] --START--
INFO: [ template_filter ] --START--
INFO: Run Behavior\ContentReplaceBehavior [ RunTime:0.000186s ]
INFO: [ template_filter ] --END-- [ RunTime:0.000290s ]
INFO: Run Behavior\ParseTemplateBehavior [ RunTime:0.085826s ]
INFO: [ view_parse ] --END-- [ RunTime:0.086018s ]
INFO: [ view_filter ] --START--
INFO: Run Behavior\WriteHtmlCacheBehavior [ RunTime:0.001227s ]
INFO: [ view_filter ] --END-- [ RunTime:0.001344s ]
INFO: [ app_end ] --START--
INFO: Run Behavior\ShowPageTraceBehavior [ RunTime:0.001309s ]
INFO: [ app_end ] --END-- [ RunTime:0.001478s ]

[ 2015-10-30T22:39:26+08:00 ] 127.0.0.1 /lxt/admin.php/Member/memberStatus.html
INFO: [ app_init ] --START--
INFO: Run Behavior\BuildLiteBehavior [ RunTime:0.000016s ]
INFO: [ app_init ] --END-- [ RunTime:0.000419s ]
INFO: [ app_begin ] --START--
INFO: Run Behavior\ReadHtmlCacheBehavior [ RunTime:0.000612s ]
INFO: [ app_begin ] --END-- [ RunTime:0.000670s ]
SQL: SHOW COLUMNS FROM `sb_memberstatus` [ RunTime:0.0147s ]
SQL: SELECT * FROM `sb_memberstatus`  [ RunTime:0.0123s ]
SQL: SHOW COLUMNS FROM `sb_repayrule` [ RunTime:0.0151s ]
SQL: SELECT * FROM `sb_repayrule` WHERE `id` = 1 LIMIT 1   [ RunTime:0.0136s ]
SQL: SELECT * FROM `sb_repayrule` WHERE `id` = 1 LIMIT 1   [ RunTime:0.0155s ]
SQL: SELECT * FROM `sb_repayrule` WHERE `id` = 1 LIMIT 1   [ RunTime:0.0142s ]
INFO: [ view_parse ] --START--
INFO: [ template_filter ] --START--
INFO: Run Behavior\ContentReplaceBehavior [ RunTime:0.000115s ]
INFO: [ template_filter ] --END-- [ RunTime:0.000179s ]
INFO: Run Behavior\ParseTemplateBehavior [ RunTime:0.032136s ]
INFO: [ view_parse ] --END-- [ RunTime:0.032240s ]
INFO: [ view_filter ] --START--
INFO: Run Behavior\WriteHtmlCacheBehavior [ RunTime:0.000627s ]
INFO: [ view_filter ] --END-- [ RunTime:0.000712s ]
INFO: [ app_end ] --START--
INFO: Run Behavior\ShowPageTraceBehavior [ RunTime:0.001253s ]
INFO: [ app_end ] --END-- [ RunTime:0.001364s ]

